7 71 30 6 38 29 52 21 0 98 81 86 61 73 4 59 3 32 31 25 27 17 65 99 26 12 8 83 95 13 88 79 63 66 82 78 36 74 54 70 46 77 60 34 56 97 49 87 33 57 84 75 48 28 55 51 2 67 40 91 1 85 43 80 44
7 0
7 17
71 1
71 31
30 31
6 57
6 12
38 0
29 2
52 0
52 32
21 8
0 1
0 36
0 40
0 43
0 44
0 46
0 48
0 49
0 51
98 3
81 2
86 2
61 1
73 2
4 55
59 1
3 54
3 91
3 95
3 97
3 99
25 85
27 49
65 1
26 8
8 2
83 2
13 80
88 2
79 2
63 1
66 1
82 2
78 2
74 2
54 1
70 1
77 2
60 1
34 2
56 1
87 2
87 28
33 1
57 1
84 2
75 2
55 1
2 1
2 80
2 85
67 1