63 97 34 91 80 3 87 26 29 31 5 78 82 2 95 25 79 30 50 36 7 48 20 43 81 69 84 23 59 11 76 62 49 1 93 90 21 8 70 27 68 61 88 15 32 22 44 72 57 24 17 4 41 42 73 14 75 6 56 47 19 66 0 28 33 13 77 94 35 60 16 12 58 98 92 51 18 55
63 15
97 32
34 0
91 29
80 23
3 32
87 27
26 32
29 32
29 92
31 32
5 32
5 43
78 22
82 24
2 32
95 93
25 32
25 84
79 23
30 32
30 93
30 94
50 8
36 1
7 32
7 47
7 48
20 32
20 73
81 24
69 18
23 32
59 13
11 32
11 55
11 56
76 21
62 14
49 8
49 51
1 32
1 35
90 92
21 32
21 75
8 32
70 18
27 32
27 88
68 66
61 14
15 32
32 0
32 4
32 6
32 12
32 13
32 14
32 16
32 17
32 18
32 19
32 22
32 24
32 28
32 98
22 77
44 42
72 19
57 12
4 41
4 42
66 16
0 33
13 60
12 58