9 3 49 59 99 33 98 30 53 23 82 24 95 7 72 76 12 75 25 5 67 56 91 29 77 65 69 34 1 13 26 73 51 87 11 38 17 42 61 94 74 90 64 78 19 43 48 96 89 6 0 20 32 80 4 62 84 52 97 39 35 71 10 22 70 83 50 86 88 45 41 15 58 81 79 2 44 28 92 14 16 54 18 31 21 85 37 93 46 68
9 21
3 45
49 33
59 71
99 80
99 84
33 42
98 44
98 77
98 81
98 26
98 45
30 91
53 48
23 56
82 46
24 87
24 86
95 80
95 89
7 1
72 15
76 44
76 6
76 20
76 87
76 97
76 90
76 11
12 77
12 21
75 80
75 54
25 48
25 16
25 17
5 37
67 16
56 68
91 80
91 14
91 70
91 48
29 20
77 52
65 81
69 89
69 10
34 31
1 87
1 83
13 68
73 43
51 11
51 58
87 96
87 74
38 44
17 92
42 44
42 68
42 85
61 0
94 80
94 62
64 46
64 78
19 44
43 88
6 31
6 35
0 80
20 71
20 39
32 68
80 44
80 28
4 52
39 18
22 81
50 88
88 44
88 46
88 37
41 16
15 44
79 21
2 44
93 68