73 53 64 63 72 36 67 98 86 54 96 23 87 55 40 60 3 50 90 0 9 17 29 31 94 99 56 27 65 21 30 61 52 2 28 78 4 58 12 89 82 85 38 1 46 32 20 68 41 11 69 37 48 26 25 93 19 7 13 35 22 51 81 91 16 95 5 97 8 42 34 70 44 83 6 49 39 45 14 88 76 24 84 62 74 18
73 67
73 94
53 38
53 21
53 58
64 1
63 60
72 9
36 27
36 52
67 3
67 16
67 24
67 95
67 60
98 91
98 9
86 12
86 83
86 65
86 50
54 51
54 49
96 74
23 11
23 25
87 91
55 91
40 81
60 27
60 74
60 89
60 51
3 41
3 99
3 8
3 38
3 81
3 19
3 70
90 41
0 45
17 45
17 31
29 62
99 91
56 8
27 11
65 82
65 26
65 93
21 62
30 14
61 58
61 13
2 74
28 38
28 18
78 74
4 18
58 68
12 24
12 35
89 39
85 13
38 45
38 42
38 48
1 41
46 83
32 6
20 26
11 37
11 7
69 35
48 84
93 22
93 76
95 14
95 5
97 70
8 6
8 44
34 6
39 88