75 64 51 73 77 98 36 23 43 57 0 70 72 99 19 87 33 18 60 78 12 67 28 86 37 69 90 94 31 79 45 29 52 65 6 41 39 89 26 96 1 83 92 66 16 7 30 58 9 56 88 32 42 17 22 27 40 35 59 4 46 20 15 24 53 84 54 8 76 71 34 82 11 38 49 97 85 21 93 68 80 25 91 2 63 50 48 13 5 10 3 62 74 14 61
75 76
64 63
64 65
51 41
51 61
73 72
73 74
77 67
77 76
98 99
98 97
36 35
36 46
23 24
23 22
43 33
43 53
43 45
57 48
57 67
0 1
0 10
70 60
70 80
72 62
99 89
19 9
19 29
87 88
87 86
33 34
18 17
18 28
60 50
78 68
78 88
12 13
12 11
28 38
86 85
37 27
69 59
69 79
90 80
90 91
94 84
31 21
31 41
79 89
29 39
52 42
52 62
6 5
6 7
41 40
26 25
26 27
96 97
1 2
83 84
83 82
92 91
92 93
66 56
16 15
16 17
7 8
30 20
58 48
58 68
58 59
9 8
56 46
32 22
32 42
40 50
35 34
4 14
4 3
20 10
15 14
15 5
15 24
24 25
24 34
53 63
84 85
54 34
71 61
11 21
38 48
49 48
2 3
13 14