67 48 80 1 7 47 57 52 12 60 24 87 84 16 46 13 17 81 20 31 93 32 73 49 86 64 78 27 65 92 43 77 26 25 53 66 18 91 40 90 71 35 55 23 8 15 44 5 29 95 39 22 72 61 51 83 21 28 94 6 56 4 30 0 79 34 3 88 62 63 76 41 96 50 42 58 89 68 38 2 85 75 69 10 37 19 97 9 36 82 54 11 33 98
67 64
67 71
48 47
80 83
80 79
80 88
1 6
7 6
7 2
47 46
57 58
52 41
12 13
12 18
12 19
12 6
60 63
60 61
24 30
24 31
24 25
87 91
87 55
87 84
84 83
16 17
16 11
46 41
46 40
46 39
13 26
13 20
17 22
81 82
81 77
93 94
93 90
32 39
32 26
73 76
73 72
49 54
86 90
86 82
64 61
64 68
78 98
27 33
65 68
65 66
92 91
92 97
43 37
77 76
26 33
53 56
91 96
90 89
35 29
35 28
23 22
8 2
15 21
44 38
44 37
44 95
5 10
29 34
29 51
29 22
29 50
95 96
39 38
22 21
61 62
51 54
94 98
6 0
56 50
56 63
4 11
4 3
4 9
30 36
34 41
62 98
42 37
58 54
58 75
68 69
85 82
10 11
37 36