25 87 49 26 37 71 81 14 80 69 46 57 88 63 94 96 34 30 22 65 16 44 76 11 59 68 53 50 55 85 74 41 39 10 45 32 8 15 20 23 28 64 36 73 91 5 6 77 43 24 48 9 31 98 4 17 13 97 51 52 82 78 21 58 95 93 75 1 66 70 86 56 84
25 23
25 76
25 91
87 4
49 43
49 98
26 23
37 23
71 16
81 43
14 6
14 82
80 23
69 15
69 97
46 48
46 31
57 43
57 65
88 23
63 39
94 1
96 75
34 23
30 23
22 41
16 23
44 23
44 32
11 56
59 4
68 53
53 23
50 4
55 23
55 43
85 23
85 21
74 36
41 9
41 39
39 58
10 23
10 93
45 23
8 23
15 23
20 6
23 36
23 95
23 75
23 51
23 13
23 70
23 48
23 6
23 64
23 66
23 28
23 78
64 52
36 84
36 56
36 9
73 86
5 4
6 17
6 24
77 95
9 4
17 86
75 1