44 0 31 1 62 76 9 7 81 66 68 18 41 79 26 63 37 72 2 5 83 65 30 14 78 28 97 45 94 50 21 38 40 88 16 82 84 11 23 48 13 6 74 36 85 32 3 71 93 34 35 64 22 96 33 43 58 56 55 60 8 77 54 10 92 4 80 99 17 52 46 20 89 75 90 95 73 61 67 51 29 98 91 53 15 49 24 87 12 70 69 86 57
44 92
0 26
0 61
0 62
0 63
0 64
0 65
0 66
0 67
0 68
0 69
0 70
0 71
0 72
0 73
0 74
0 75
0 76
0 77
0 78
0 79
0 80
0 81
0 82
0 83
0 84
0 85
0 86
0 87
0 88
0 89
0 90
0 91
0 92
0 93
0 94
0 95
0 96
0 97
0 98
0 99
31 83
31 40
31 24
1 3
76 21
9 67
7 66
68 10
18 23
18 58
41 15
41 57
26 3
26 53
26 55
63 4
37 87
72 16
2 61
2 50
5 64
65 6
30 82
14 71
28 80
97 51
45 93
94 46
38 88
16 29
16 12
16 52
84 33
11 69
23 3
48 95
13 70
36 86
85 35
32 22
34 20
22 77
96 49
43 91
43 15
56 49
60 17
8 4
54 99
17 73
20 75