29 55 12 63 73 5 64 49 62 81 97 37 42 2 44 23 11 69 60 80 53 61 25 74 15 27 19 88 32 16 56 17 59 86 3 7 21 51 76 77 46 75 6 70 68 4 31 99 34 43 78 0 24 89 67 26 93 39 20 57 38 40 13 47 10 82 14 22 18 54 9 90 48 71 1 58 65 66
29 66
55 56
12 74
63 66
63 70
63 11
73 90
5 39
64 19
64 82
49 47
62 19
81 59
97 93
37 31
37 13
37 42
37 9
37 38
42 77
2 56
2 3
44 40
44 4
23 70
23 31
23 22
23 24
11 43
11 1
11 58
69 70
69 57
69 14
60 59
80 3
53 56
61 27
25 77
25 10
74 13
15 56
15 51
27 65
27 47
19 88
19 32
19 20
19 76
88 56
88 89
16 51
56 65
56 0
56 59
17 66
17 34
59 54
86 78
7 6
21 20
21 75
46 71
6 71
6 48
70 71
68 4
99 40
34 93
78 57
89 67
89 26
67 39
40 66
18 90
90 48
65 66