15 73 97 5 30 93 68 95 36 63 58 61 70 7 98 49 88 6 24 35 96 59 2 25 18 92 85 33 79 32 80 1 12 82 10 29 44 94 28 64 57 31 66 13 17 52 27 77 56 20 42 43 4 54 84 23 81 16 62 14 9 38 67 26 21 74 0 69 11 51 50 91 72 60 39 37
15 18
15 63
15 64
73 20
97 32
5 18
5 43
5 44
30 18
30 93
30 94
93 95
68 66
36 1
58 12
61 14
70 18
70 72
7 18
98 32
49 51
88 27
6 18
24 18
24 81
24 82
35 1
96 94
59 13
59 57
2 18
2 37
2 38
25 18
25 84
18 0
18 1
18 4
18 9
18 13
18 11
18 12
18 16
18 17
18 20
18 21
18 23
18 26
18 27
18 28
18 29
18 31
18 32
18 69
92 29
85 26
33 0
79 23
79 77
80 23
10 13
10 54
29 91
66 16
13 14
13 60
17 67
52 9
52 50
56 11
20 74
42 4
62 14
9 51
39 37