92 72 57 50 74 10 83 49 22 67 43 78 39 53 87 46 31 81 2 54 90 84 69 97 85 37 29 36 8 93 35 56 71 47 79 61 91 88 73 15 30 41 75 38 70 5 96 64 12 19 68 13 27 0 25 89 1 14 20 98 82 34 59 40 24 45 51 9 76 32 16 17 80 99 58 3 77 66 33 65 86 55 28 4 42 63
92 74
92 50
92 79
72 51
72 13
57 81
50 9
74 2
74 39
74 63
74 71
74 82
74 84
74 76
74 81
10 87
83 90
49 75
49 77
49 15
49 5
22 58
67 63
67 87
43 80
78 96
78 8
78 64
53 32
87 69
46 71
46 38
31 2
2 16
2 75
54 33
54 91
54 45
90 66
90 89
84 20
69 86
69 28
69 70
97 80
85 63
85 33
37 63
29 63
36 73
36 30
8 1
8 14
93 80
93 88
93 99
35 28
56 16
56 34
56 19
56 55
71 59
71 96
71 73
47 13
61 88
73 98
73 68
41 63
75 42
96 80
96 66
12 82
12 58
27 58
0 9
25 32
25 51
40 58
40 17
24 16
51 65
9 3
32 63
4 63