21 22 56 51 59 11 35 9 58 66 79 15 57 34 7 92 50 52 71 13 63 87 55 69 19 93 17 76 65 89 74 78 60 42 5 37 62 47 6 82 29 72 94 54 4 81 45 48 23 28 38 20 75 3 30 14 53 85 49 67 32 70 16 18 83 8 46 10 0 44 86 12 39 80 88 61 43 73 31 25 26 1 27 90 77 24 91 64 84 2
21 3
21 42
22 52
22 48
22 27
22 56
22 73
51 92
51 43
59 60
11 12
11 10
11 52
11 39
35 20
35 34
9 5
9 54
9 28
9 88
58 84
66 44
79 1
79 45
15 92
15 85
57 31
7 8
7 38
92 94
50 93
52 67
71 24
71 74
13 91
13 44
13 76
63 32
87 25
87 14
55 62
69 2
19 86
19 20
19 61
93 6
93 86
17 24
17 16
17 18
65 78
89 91
74 6
78 16
60 61
5 1
37 83
62 1
47 94
82 88
29 91
29 1
72 16
94 2
94 30
94 23
54 53
4 1
4 2
81 32
23 32
75 85
75 77
3 2
85 84
49 1
70 77
83 84
8 12
46 80
10 31
0 1
0 90
12 2
80 1
88 64
25 24
26 91
26 24