30 81 94 88 28 8 45 91 13 1 53 60 55 89 69 65 23 66 80 72 48 17 95 10 46 9 52 49 12 35 40 51 18 0 58 43 21 22 83 24 5 57 82 73 61 77 59 54 75 39 70 19 64 97 15 3 7 44 78 98 50 36 47 4 38 93 27 16 86 34 67 37 87 56 25 92 79 62 32 84 31 63 76 14 71 29 26 6 33 42 85 2 41 96 90 74 68
30 31
30 29
81 80
81 82
94 93
94 95
88 87
88 89
28 26
8 7
45 46
45 44
91 90
91 92
13 17
13 12
1 0
1 6
53 52
53 54
60 62
60 59
60 61
55 52
55 57
89 90
69 68
69 72
69 70
65 64
65 66
23 24
23 22
80 79
72 73
48 49
48 47
17 18
95 96
10 12
10 9
46 47
9 0
52 50
49 50
12 14
35 36
35 34
40 41
40 39
51 50
51 56
18 19
0 2
58 57
43 44
43 42
21 22
22 19
83 82
83 84
24 25
5 2
5 7
73 74
77 75
77 79
59 50
75 74
39 38
70 71
64 62
97 96
97 98
15 14
15 16
3 2
3 4
78 76
36 37
38 37
93 92
27 29
27 25
86 85
86 87
34 33
67 68
67 63
25 26
62 63
32 33
32 31
84 85
76 74
42 41