45 78 65 60 39 64 79 56 48 35 99 68 80 10 74 27 49 73 3 57 62 11 97 81 82 66 2 63 77 20 86 25 1 83 89 92 90 95 54 18 94 31 17 40 26 8 52 4 84 71 50 85 24 61 30 91 67 15 28 87 98 9 13 38 58 34 36 29 21 22 5 93 88 47 0 59 55
45 1
78 0
65 0
60 0
60 5
39 52
39 28
64 10
79 0
79 30
56 29
48 92
35 52
99 0
68 0
80 0
80 31
10 20
10 50
10 40
10 52
10 57
74 0
27 38
49 31
73 0
3 13
57 11
62 0
62 8
11 47
11 34
11 29
97 0
97 55
81 0
82 0
66 0
66 13
2 30
63 0
77 0
20 0
20 25
86 0
86 38
25 24
1 59
83 0
89 0
92 0
90 0
95 0
54 55
54 17
18 40
94 0
40 22
26 9
4 24
4 15
84 0
84 36
71 0
71 21
50 9
85 0
61 0
30 58
91 0
67 0
87 0
98 0
93 0
88 0
0 59