68 14 71 9 62 10 33 76 59 64 94 36 77 45 20 78 66 57 37 24 19 40 72 47 60 55 90 89 95 3 56 5 83 26 29 73 42 92 11 21 15 4 46 30 96 85 84 6 98 31 32 2 86 74 51 91 88 65 38 79 39 7 61 93 17 54 52 41 82 87 35 53 18 67 80 48 8 50 58 34 22 25 27 23 44 12 16 1 81 97 63 49 28 70 69 13 43 75
68 67
68 69
14 15
14 13
71 70
71 72
9 10
9 8
62 63
62 61
10 11
33 34
33 32
76 75
76 77
59 60
59 58
64 65
64 63
94 93
94 95
36 37
36 35
77 78
45 46
45 44
20 21
20 19
78 79
66 67
66 65
57 58
57 56
37 38
24 25
24 23
19 18
40 41
40 39
72 73
47 48
47 46
60 61
55 56
55 54
90 89
90 91
89 88
95 96
3 4
3 2
5 6
5 4
83 82
83 84
26 27
26 25
29 30
29 28
73 74
42 43
42 41
92 91
92 93
11 12
21 22
15 16
30 31
96 97
85 84
85 86
6 7
98 97
31 32
2 1
86 87
74 75
51 52
51 50
88 87
38 39
79 80
7 8
17 18
17 16
54 53
52 53
82 81
35 34
80 81
48 49
50 49
22 23
27 28
44 43
12 13
70 69