83 29 61 28 81 44 1 30 8 32 27 77 66 17 7 82 34 48 92 16 54 11 20 72 47 67 35 43 85 25 89 73 56 80 65 23 3 2 96 10 15 59 70 0 14 41 94 13 84 39 63 98 46 5 18 49 64 12 93 37 97 75 76 71 19 21 31 86 22 36 26 60 50
83 25
83 81
29 26
29 92
61 14
28 26
28 89
44 5
1 26
1 35
1 36
30 26
30 32
30 93
30 94
8 26
8 49
8 50
32 97
32 98
27 26
77 22
66 16
17 26
17 67
7 26
7 47
7 48
82 84
34 36
48 46
16 26
16 65
54 10
11 26
11 56
20 26
20 73
72 70
43 5
43 41
85 26
25 13
25 84
80 23
23 26
3 26
3 39
2 26
96 94
10 26
15 26
15 63
15 64
59 13
70 18
0 26
14 26
13 26
13 60
39 37
5 26
18 26
12 26
75 21
76 21
71 19
19 26
21 26
31 26
86 26
22 26