34 74 80 14 19 89 48 96 92 95 18 43 86 93 21 75 90 47 55 29 7 31 44 6 9 45 42 85 53 16 5 62 88 78 46 77 66 49 61 57 51 35 64 69 99 25 12 11 10 27 94 97 87 8 91 68 52 15 22 33 37 58 39 40 59 60 2 17 73 81 13 1 56 54 36 26 70 84 30 4 82 63 76 41 20 83 98 65 72 28 79 38 71 23 67 32 50 3 24
34 33
34 35
74 73
74 75
80 79
80 81
14 15
14 13
19 20
19 18
89 88
89 90
48 47
48 49
96 95
96 97
92 91
92 93
95 94
18 17
43 42
43 44
86 85
86 87
93 94
21 22
21 20
75 76
90 91
47 46
55 54
55 56
29 30
29 28
7 8
7 6
31 32
31 30
44 45
6 5
9 10
9 8
45 46
42 41
85 84
53 52
53 54
16 17
16 15
5 4
62 61
62 63
88 87
78 77
78 79
77 76
66 65
66 67
49 50
61 60
57 56
57 58
51 50
51 52
35 36
64 63
64 65
69 68
69 70
99 98
25 26
25 24
12 13
12 11
11 10
27 28
27 26
97 98
68 67
22 23
33 32
37 36
37 38
58 59
39 38
39 40
40 41
59 60
2 3
2 1
73 72
81 82
70 71
84 83
4 3
82 83
72 71
23 24