87 69 9 55 32 23 1 94 20 76 66 47 31 85 24 54 62 72 0 63 41 5 22 57 36 30 29 18 83 33 8 91 70 68 52 96 35 60 82 45 95 25 37 21 12 15 40 92 19 3 27 10 13 74 67 78 65 38 77 97 90 71 81 11 86 7 34 79 64 6 26 58 4 17 2
87 27
69 18
69 71
9 18
9 52
55 11
32 18
32 97
23 18
23 79
1 18
1 35
94 30
20 18
20 74
76 21
66 68
47 7
31 18
31 95
31 96
85 26
24 18
24 81
24 82
54 10
62 64
72 70
0 18
0 33
0 34
63 15
41 4
5 18
22 18
22 77
22 78
57 12
36 34
30 18
29 18
29 91
29 92
18 2
18 3
18 4
18 6
18 7
18 8
18 10
18 11
18 12
18 13
18 15
18 17
18 19
18 21
18 25
18 26
18 27
18 70
83 25
68 17
60 58
45 6
37 2
12 58
15 64
40 3
92 90
67 17
67 65
38 2
86 26