25 84 59 71 47 39 42 17 9 56 77 11 27 92 26 30 73 80 49 19 52 79 68 8 23 43 85 44 46 82 94 86 18 41 38 50 63 10 15 65 64 66 29 12 22 58 61 37 83 93 98 74 78 89 2 62 14 13 70 53 28 57 34 32 1 40 48 45 51 97 81 54 87 4 7 33 35 0 75 21 16 55 5 24 95 88 60 36 90 72 69 76 31 67 91
25 28
25 22
84 81
84 85
84 87
59 56
71 70
71 74
47 46
47 44
39 36
39 40
39 42
42 43
42 45
17 14
9 13
56 53
56 57
77 74
77 78
77 80
11 14
11 8
27 28
27 23
27 24
92 91
92 95
26 28
30 34
73 70
49 46
49 50
49 52
19 21
19 16
79 82
79 83
68 67
68 65
8 7
43 46
85 88
44 48
82 81
94 91
94 97
86 89
86 90
18 21
18 15
41 37
38 35
50 53
63 60
63 64
63 66
10 13
15 14
65 69
64 67
29 32
29 28
12 14
22 21
58 61
58 62
61 60
37 40
93 91
98 95
74 75
78 81
89 88
2 5
14 13
70 67
53 54
57 60
34 35
34 31
32 35
1 4
1 0
51 54
51 55
4 7
7 5
33 35
35 36
75 72
88 91
72 76