60 69 15 9 76 27 73 22 65 18 77 1 97 2 0 94 29 92 7 53 36 72 46 48 37 49 14 50 34 66 20 82 24 79 54 23 12 44 90 61 86 8 51 55 31 57 10 95 80 52 98 74 11 3 30 43 21 25 83 28 78 16 33 26 58 4 84 32 13 6 64 75 62 5 89 70
60 13
69 18
15 5
15 64
9 5
9 51
9 52
76 21
27 5
73 20
22 5
22 77
22 78
65 16
18 5
18 13
18 29
18 70
1 5
1 6
1 36
97 32
2 5
2 37
0 5
0 33
0 34
94 30
29 92
7 5
7 48
53 55
72 70
46 6
49 8
14 5
14 61
14 62
50 8
66 16
20 5
20 8
20 74
82 24
24 5
79 23
54 10
23 5
23 80
12 5
12 57
12 58
44 5
90 28
86 26
55 11
31 5
31 95
10 5
98 32
11 5
3 5
30 5
43 5
21 5
21 75
25 5
25 83
25 84
28 5
28 89
16 5
26 5
4 5
32 5