32 2 23 41 80 69 24 42 22 13 68 48 18 17 56 72 89 96 16 6 55 31 37 43 75 83 98 44 46 8 79 30 51 47 85 20 40 0 95 29 63 26 81 35 78 58 70 3 66 36 25 38 59 87 34 93 52 4 45 11 91 14 7 28 82 21 1
32 0
2 13
2 28
2 72
2 78
2 80
2 82
2 83
2 85
2 91
23 11
23 16
23 66
23 87
41 0
69 29
24 46
24 8
42 0
42 17
22 11
22 14
13 29
13 26
13 81
68 1
48 0
18 16
17 25
56 6
56 1
89 26
96 3
16 63
6 0
6 29
6 11
6 36
6 75
6 93
55 1
31 1
37 0
43 0
98 14
44 0
46 0
79 11
30 51
51 0
47 0
20 7
40 0
0 34
0 35
0 38
0 45
0 52
95 3
58 1
70 1
3 93
59 1
4 1
11 21
7 21