89 73 10 91 84 44 30 50 42 15 18 25 67 46 8 72 12 76 47 94 95 17 4 21 29 87 90 79 88 54 22 11 81 83 75 26 69 16 61 31 23 36 97 58 27 14 43 65 39 92 62 38 60 13 56 28 82 20 80 49 32 52 34 53 45 99 35 9 70 59 40 78 85 41 86 64 77 24 33 19 3 5 6 2 71 93 63 37 98 48 96 66 57 51 55 68 7 74
89 88
89 90
73 74
73 72
10 11
10 9
91 90
91 92
84 85
84 83
44 45
44 43
30 31
30 29
50 51
50 49
42 43
42 41
15 16
15 14
18 19
18 17
25 26
25 24
67 68
67 66
46 47
46 45
8 9
8 7
72 71
12 13
12 11
76 77
76 75
47 48
94 93
94 95
95 96
17 16
4 5
4 3
21 22
21 20
29 28
87 88
87 86
79 80
79 78
54 55
54 53
22 23
81 82
81 80
83 82
75 74
26 27
69 70
69 68
61 62
61 60
31 32
23 24
36 37
36 35
97 96
97 98
58 59
58 57
27 28
14 13
65 66
65 64
39 40
39 38
92 93
62 63
38 37
60 59
56 57
56 55
20 19
49 48
32 33
52 53
52 51
34 35
34 33
99 98
70 71
40 41
78 77
85 86
64 63
3 2
5 6
6 7