90 73 43 49 20 25 62 16 53 59 47 26 84 46 48 64 55 36 12 72 67 18 42 91 8 57 15 9 52 10 60 86 0 61 5 81 34 13 6 51 4 33 11 87 79 75 2 77 78 80 92 24 29 74 65 40 50 58 76
90 79
73 48
73 62
43 80
43 16
43 74
43 78
49 16
20 65
20 42
25 84
25 52
53 51
59 55
59 87
47 78
26 58
84 0
46 61
46 8
46 10
48 61
64 11
55 2
36 34
12 61
12 6
12 77
72 74
67 81
18 86
18 40
18 81
18 91
91 11
8 5
57 76
15 61
9 40
9 4
9 50
52 33
60 34
86 79
86 29
0 80
0 61
0 79
34 75
34 65
13 80
13 2
51 79
75 80
75 58
80 76
92 76
24 74