12 57 21 61 82 5 18 32 13 0 33 70 24 69 38 93 31 11 79 27 49 62 65 48 45 44 60 47 59 51 54 84 9 28 36 58 75 22 26 90 3 52 98 92 20 7 4 74 86 41 89 83 67 95 10 73 43 6 37 16 8 15 81 23 55 30 1 2
12 1
12 98
57 7
21 2
61 7
82 10
5 0
5 41
5 43
5 44
5 45
5 47
5 48
18 2
32 3
13 1
0 1
0 2
0 3
0 4
0 6
0 7
0 8
33 4
70 8
24 2
69 8
38 4
93 11
31 3
11 1
11 89
11 90
11 92
11 95
79 9
27 3
49 6
62 7
65 8
60 7
59 7
51 6
54 6
84 10
9 1
9 73
9 74
9 75
28 3
36 4
58 7
22 2
26 3
3 30
52 6
20 2
4 37
86 10
83 10
67 8
10 1
10 81
6 55
16 1
15 1
23 2