4 20 38 53 31 77 48 50 45 51 54 83 66 71 0 76 44 18 41 74 56 87 79 69 63 7 64 89 62 75 24 97 15 27 29 40 65 91 85 52 95 13 16 68 81 80 12 59 78 58 39 17 86 43 33 21 67 82 70 47 32 61 26 23 22 1 25 57 14 36 93
4 1
4 7
20 22
20 17
20 18
38 39
38 41
53 51
53 54
31 33
31 29
77 76
48 45
48 50
48 51
50 47
45 43
51 52
54 56
54 57
83 82
83 86
66 64
66 68
71 69
71 74
0 97
76 74
76 79
44 43
18 15
18 16
74 75
56 58
56 59
87 86
69 68
63 62
64 62
64 65
89 86
89 91
62 59
75 78
24 26
97 95
97 1
27 29
27 26
27 25
40 39
40 43
65 67
91 93
85 82
95 93
13 14
13 12
68 70
81 78
80 78
80 82
59 61
39 36
17 14
33 36
33 32
21 22
26 23
23 22