81 58 13 51 67 30 84 28 3 39 57 35 76 7 78 87 66 49 37 43 1 40 91 70 47 44 23 48 11 64 2 9 80 96 89 61 20 74 98 12 63 24 88 8 10 83 29 6 18 56 94 52 14 5 97 31 75 27 73 68 21 85 15 55 69 90 0 4 45 77 79 25 86 32 59 26 17
81 24
58 12
13 17
13 59
51 9
67 17
30 17
30 94
84 25
28 17
28 89
28 90
3 17
3 39
3 40
57 12
35 1
76 21
76 74
7 17
7 47
7 48
78 80
87 27
66 68
49 8
37 2
43 5
1 17
91 29
70 18
47 45
44 5
23 17
23 79
23 80
11 17
11 55
11 56
64 15
2 17
9 17
9 52
96 31
61 63
20 17
20 73
98 32
12 17
63 15
24 17
88 27
8 17
10 17
83 25
29 17
6 17
18 17
18 69
14 17
5 17
97 32
31 17
75 21
27 17
68 17
21 17
85 26
15 17
0 17
4 17
77 79
25 17
86 26
32 17
26 17