83 60 64 31 30 52 41 90 85 77 2 26 16 70 9 98 92 10 11 44 57 68 17 96 58 32 8 80 47 74 54 91 84 15 79 12 1 43 34 27 40 97 33 81 45 61 46 13 23 72 87 20 37 36 95 38 62 99 42 39 63 65 71 48 78 51 6 89 0 76 53 59 24 21 66 7 73 50 5 19 49 88 67 86 14 55 35 56 75 4 29 82 28 25 22 3
83 54
60 42
60 95
60 96
64 44
31 27
31 38
31 39
30 37
30 36
52 38
52 79
52 80
41 32
41 58
41 59
90 57
85 55
77 51
2 5
2 0
2 6
26 28
26 25
26 29
16 7
70 47
9 4
9 19
9 20
98 61
92 58
10 4
10 21
10 22
11 24
11 5
11 23
44 34
44 63
57 40
57 89
68 46
17 8
58 91
32 28
32 40
8 3
47 35
74 49
54 39
54 84
15 7
12 5
1 0
1 3
1 4
43 33
43 62
34 29
34 45
27 25
40 56
97 61
33 42
33 28
81 53
45 65
45 66
61 42
46 35
46 67
13 6
72 48
87 56
37 25
37 50
37 51
36 48
36 49
38 53
62 99
39 55
71 48
78 51
6 14
76 50
53 82
24 25
7 3
73 49
50 75
88 56
86 55
35 29