4 61 90 20 30 46 3 58 75 2 43 11 26 42 38 9 41 27 77 45 79 10 14 94 0 32 35 95 66 54 23 22 5 60 55 21 47 52 33 15 6 56 76 89 70 57 81 37 92 91 93 97 67 29 25 31 7 16 49 8 1 19 28 18 13 88 65 98 62 64 12 53 24
4 32
4 9
4 41
4 42
61 14
90 28
20 32
30 32
30 93
30 94
46 6
3 32
58 12
75 21
2 32
2 37
2 38
43 41
11 32
26 32
9 52
27 32
27 88
77 22
45 6
79 23
10 32
10 53
10 54
14 32
14 62
0 32
0 33
32 1
32 5
32 6
32 7
32 8
32 12
32 13
32 15
32 16
32 18
32 19
32 21
32 22
32 23
32 24
32 25
32 28
32 29
32 31
32 97
32 98
35 1
95 31
66 16
54 56
60 13
55 53
21 76
47 7
15 64
89 28
70 18
57 12
81 24
92 29
91 29
67 65
16 65
49 8