4 57 56 89 46 65 91 38 79 41 48 90 40 98 62 73 95 37 45 33 85 66 10 86 31 92 29 42 12 21 87 74 15 93 19 94 58 52 44 17 34 69 3 71 88 51 50 18 26 23 11 61 16 99 81 64 39 83 7 36 96 25 2 80 32 67 70 20 28 22 43 6 35 24 68 5 60 30 49 72 75 59 77 1 0 13 78
4 37
4 39
57 96
57 10
56 25
89 21
89 37
89 36
89 66
46 62
46 7
46 52
65 62
65 72
91 88
91 22
91 59
38 33
79 18
41 5
41 80
48 40
90 21
90 33
40 5
40 60
98 61
98 24
62 73
62 12
73 16
73 29
95 23
95 43
45 6
85 20
85 44
86 74
86 20
86 83
86 88
31 42
31 2
92 22
29 1
29 28
42 74
42 5
42 77
42 64
12 61
21 88
87 20
87 26
74 16
15 72
93 22
19 83
94 23
94 71
58 11
44 6
44 49
17 77
17 78
34 30
69 61
69 70
3 36
3 35
51 96
50 78
18 80
18 81
26 0
23 96
11 60
16 75
99 28
64 13
64 32
96 75
25 0
67 30
68 30
30 1