22 17 97 49 6 65 47 51 10 25 75 62 72 78 40 87 89 9 38 37 27 31 5 91 60 55 4 71 0 30 93 76 42 18 8 26 48 88 79 12 28 95 94 16 66 77 57 59 14 41 11 44 63 73 32 45 1 7 98 52 84 23 82 24 64 36 43 29 13 50 70 92 46 34 83 69 19 90 58 81 3 21 2 80 86 56 68 20
22 93
22 92
17 76
17 77
17 78
97 45
97 24
49 8
49 52
6 44
6 43
6 45
65 13
65 81
47 7
51 44
51 8
10 56
10 55
25 44
25 0
25 31
25 56
75 16
62 64
62 12
62 34
62 36
72 69
78 71
40 5
87 95
87 20
89 21
9 52
38 88
38 4
37 4
27 0
27 42
27 70
5 41
91 69
60 11
30 90
93 76
93 63
76 66
18 81
18 79
18 80
8 50
26 28
48 7
88 21
28 66
28 1
95 69
95 23
94 81
94 73
16 73
66 13
66 44
66 90
57 43
59 69
59 11
59 98
14 69
14 68
41 81
32 2
1 29
7 46
84 19
82 19
64 13
64 69
13 2
46 90
34 3
34 58
83 81
83 19
90 21
86 20