54 67 16 75 84 45 40 49 77 44 90 88 69 76 95 9 33 57 71 39 11 91 35 25 28 74 65 81 10 31 29 50 4 46 2 93 73 62 97 60 68 64 3 79 94 12 92 1 34 8 18 83 87 43 47 78 80 56 61 53 86 15 27 58 0 22 7 6 23 37 41 20 98 85 96 38 99 21 66 24 89 72 5 51 19 82 26 63 13
54 20
67 0
67 4
16 77
75 0
84 0
84 28
45 98
45 38
40 1
49 12
77 0
44 97
90 0
90 34
88 0
69 0
69 6
76 0
76 15
95 0
9 71
9 60
9 58
33 89
33 7
33 50
57 41
57 26
71 0
39 93
11 73
91 0
91 35
25 81
74 0
74 12
65 0
65 1
81 0
10 0
10 3
31 87
31 62
29 85
29 61
29 64
46 99
2 27
93 0
73 0
97 0
68 0
68 5
3 13
79 0
79 19
94 0
94 41
92 0
1 8
1 51
18 78
18 56
83 0
83 27
87 0
43 96
47 13
78 0
80 0
80 20
53 6
86 0
15 22
0 66
0 72
0 82
0 85
0 89
0 96
0 98
0 99
23 21
37 5
21 19
24 5
63 13