46 42 80 25 61 16 92 44 66 37 5 84 15 69 47 29 50 53 96 0 7 90 28 48 35 75 23 65 68 26 10 91 9 6 70 98 89 73 4 27 20 82 51 17 32 13 31 41 54 19 43 30 12 1 49 8 85 60 18 88 2 24 59 83 87 64 38 36 40 72 56 81 58 63 33 14 79 21
46 6
42 4
80 23
25 18
25 84
25 83
61 14
16 18
16 65
16 66
92 90
44 5
37 2
5 18
5 43
15 18
15 63
15 64
69 18
47 7
29 18
29 91
50 8
53 10
96 31
0 18
7 18
7 48
90 28
28 18
28 89
35 1
35 33
75 21
23 18
23 79
68 17
26 18
26 85
10 18
10 54
9 18
9 51
6 18
70 18
70 72
98 32
73 20
4 18
27 18
27 87
27 88
20 18
82 24
17 18
32 18
13 18
13 59
13 60
31 18
41 43
54 56
19 18
30 18
12 18
12 58
1 18
1 36
49 8
8 18
18 2
18 14
18 21
18 24
2 38
24 81
38 40