26 30 55 36 25 46 10 53 90 96 27 58 32 48 49 35 86 54 17 84 37 75 87 83 16 79 21 8 3 61 93 0 85 66 69 43 94 89 72 82 2 78 6 1 22 33 11 20 59 38 52 12 88 31 77 5 92 97 29 80 76 67 9 18 74 81 39 95 91 4 28 62 70 63 56 60 15 40 42 34 24 73 68 19 13 51 23 7 41 14 45 71 47 99 98 57 50 44
26 27
26 25
30 29
30 31
55 54
55 56
36 35
36 37
25 24
46 45
46 47
10 11
10 9
53 52
53 54
90 91
90 89
96 97
96 95
27 28
58 57
58 59
32 31
32 33
48 47
48 49
49 50
35 34
86 87
86 85
17 18
17 16
84 85
84 83
37 38
75 76
75 74
87 88
83 82
16 15
79 80
79 78
21 22
21 20
8 9
8 7
3 4
3 2
61 60
61 62
93 94
93 92
0 1
0 99
66 67
69 70
69 68
43 42
43 44
94 95
89 88
72 73
72 71
82 81
2 1
78 77
6 7
6 5
22 23
33 34
11 12
20 19
59 60
38 39
52 51
12 13
77 76
5 4
92 91
97 98
29 28
80 81
67 68
18 19
74 73
39 40
62 63
70 71
56 57
15 14
40 41
42 41
24 23
13 14
51 50
45 44
99 98