76 88 40 73 33 78 5 20 31 90 99 6 92 22 41 32 1 71 9 25 19 97 27 75 62 52 87 21 48 39 0 61 72 66 4 46 82 84 85 47 59 30 11 10 81 67 53 63 44 36 57 51 64 43 26 38 69 93 24 70 91 3 74 16 83 94 35 77 56 2 37 13 55 18 23 65 34 96
76 73
88 37
40 24
73 32
73 48
73 31
33 10
33 2
33 37
33 9
33 65
33 56
78 53
5 32
5 62
20 3
20 52
90 99
99 69
6 1
92 56
22 55
41 32
32 37
32 11
32 53
32 27
32 13
32 64
32 47
1 3
71 53
9 81
9 97
9 82
9 51
25 69
19 34
19 3
19 26
19 4
19 21
75 56
87 11
87 69
87 18
39 3
0 85
61 69
72 53
72 93
72 44
66 67
46 13
82 30
84 10
85 37
59 37
11 16
11 63
11 83
10 34
10 96
10 74
10 23
67 26
67 94
36 56
57 96
43 69
38 96
69 55
24 94
70 3
91 96
35 37
77 55