53 50 85 72 15 91 10 1 97 46 92 17 18 5 60 82 80 9 96 44 94 39 14 48 47 2 24 66 13 64 45 57 98 21 12 42 23 55 84 75 56 71 88 65 0 93 8 78 31 74 52 95 16 20 70 51 11 63 29 41 40 26 38 34 49 89 67 76 77 69 43 25 33 86 7 79 59 81 36 28 83 54 4 73 30 19 35 27 68 3 22 61 62 58 90 87 32 6 37
53 52
53 54
50 51
50 49
85 84
85 86
72 71
72 73
15 16
15 14
91 90
91 92
10 11
10 9
1 2
1 0
97 96
97 98
46 47
46 45
92 93
17 18
17 16
18 19
5 6
5 4
60 59
60 61
82 81
82 83
80 79
80 81
9 8
96 95
44 45
44 43
94 93
94 95
39 40
39 38
14 13
48 49
48 47
2 3
24 25
24 23
66 65
66 67
13 12
64 63
64 65
57 56
57 58
21 22
21 20
12 11
42 43
42 41
23 22
55 54
55 56
84 83
75 74
75 76
71 70
88 87
88 89
8 7
78 77
78 79
31 32
31 30
74 73
52 51
20 19
70 69
63 62
29 30
29 28
41 40
26 27
26 25
38 37
34 35
34 33
89 90
67 68
76 77
69 68
33 32
86 87
7 6
59 58
36 37
36 35
28 27
4 3
61 62