90 98 75 31 45 77 10 29 51 91 95 1 13 41 57 87 47 15 86 76 40 69 61 55 67 43 85 20 73 83 52 68 6 79 84 21 63 49 54 74 66 44 53 46 18 0 58 9 11 70 19 72 99 4 89 7 27 17 24 5 94 80 97 65 35 2 82 96 39 34 30 33 28 81 78 38 56 25 42 64 23 37 26 14 8
90 84
90 21
98 83
98 24
98 74
75 83
31 2
45 6
77 85
10 55
10 57
29 94
29 1
51 8
51 33
51 46
91 25
91 56
95 23
95 44
95 28
95 99
13 66
13 2
13 64
13 65
41 5
87 81
87 20
47 25
47 7
15 72
86 20
76 69
76 17
40 5
40 55
40 30
69 39
69 14
69 73
61 55
67 14
67 63
43 6
85 42
83 19
52 9
68 14
6 44
79 18
84 66
84 19
84 72
21 89
49 64
49 8
49 27
54 9
66 39
66 53
66 80
53 9
18 80
18 81
0 25
0 26
58 56
58 11
70 94
70 34
19 82
4 39
4 37
4 38
27 97
5 42
94 80
94 23
80 42
97 35
65 25
96 23
78 37