7 1 9 81 74 86 83 77 20 56 78 12 54 50 43 67 59 36 0 42 23 82 80 76 85 45 26 22 92 37 19 62 65 2 38 93 27 11 5 35 73 89 61 55 17 75 40 13 57 33 63 58 25 21 3 46 47 6 14 4 32 51 52 31 15 10 16 29 60 66 72 53 34 79 8 24 84 71 97 18 96 39
7 6
1 11
1 0
9 8
81 72
81 80
74 75
74 84
74 73
86 85
86 96
83 84
83 82
83 93
77 66
77 78
20 21
56 55
78 79
12 22
12 2
54 55
54 53
50 51
50 40
50 60
43 33
43 42
67 57
59 58
36 27
23 24
76 75
85 75
45 55
45 35
45 46
26 25
26 27
22 33
22 11
22 21
22 32
92 93
37 47
19 18
62 52
65 55
65 66
65 75
38 39
27 18
27 29
11 10
5 15
5 4
5 6
35 25
35 34
89 79
61 51
17 16
13 14
57 47
57 58
33 34
63 53
63 72
25 24
25 15
21 31
3 4
46 47
14 24
51 52
52 53
15 16
29 39
72 71
8 18
97 96