92 36 16 56 63 26 29 58 77 84 31 66 49 38 24 18 53 45 78 97 51 71 46 91 22 6 98 93 60 11 86 41 57 5 67 96 55 80 3 50 4 89 74 0 73 70 59 61 85 75 88 40 21 65 82 2 8 54 15 90 12 27 28 35 10 99 1 42 68 32 43 69 76 52 94 33 37
92 2
92 31
92 35
92 89
36 6
16 22
56 2
56 24
56 46
63 60
26 46
29 58
29 52
58 76
58 78
77 27
84 60
84 93
84 45
31 97
66 76
49 94
38 50
24 99
18 71
18 43
53 22
53 41
53 0
78 50
51 50
71 11
71 90
71 10
46 6
91 42
22 2
6 1
98 94
93 12
60 96
60 74
11 2
11 68
11 70
86 50
41 65
57 96
5 2
5 40
67 96
67 85
96 2
96 27
96 80
55 27
3 75
50 4
89 33
73 94
59 61
61 10
75 82
75 69
75 37
88 76
88 82
88 54
88 8
40 21
82 94
2 76
2 28
15 37
90 32
28 42