52 14 71 40 32 38 46 31 44 55 53 86 35 64 26 65 20 22 25 39 43 62 61 82 59 19 10 18 77 0 36 58 45 17 47 28 7 37 13 49 72 79 41 63 27 42 73 33 67 85 50 9 80 15 2 24 56 75 3 1 11 88 51 16 5 66 76 57 4 70 8 89 54 29 83 84 12 74
52 3
14 0
14 38
14 79
14 88
71 79
71 31
40 51
40 77
32 11
38 62
46 0
46 74
44 76
55 0
55 59
53 8
53 28
86 70
86 1
86 37
35 74
35 24
64 11
26 50
65 25
65 45
20 50
22 66
25 58
39 58
43 1
62 63
61 16
82 47
59 89
19 10
19 73
19 56
10 0
10 70
18 72
18 42
18 13
18 49
0 2
0 3
0 4
0 5
0 11
0 12
0 15
36 4
58 7
17 4
47 70
7 75
7 29
13 16
49 33
72 3
72 57
79 54
41 73
27 2
27 50
67 51
85 15
9 2
80 51
2 75
2 83
51 70
66 83
76 8
70 8
54 84