75 16 71 96 23 18 48 70 88 26 56 13 79 66 93 80 19 21 47 53 67 54 39 60 99 69 85 49 63 22 58 98 76 90 73 7 8 32 87 34 6 10 44 65 50 91 27 33 17 30 41 2 37 9 28 4 84 40 15 77 82 72 25 5 11 89 14 35 42 57 64 95 12 61 3 43 0 81 68 1 94 31 36 52 45 59 83 38
75 53
75 16
16 73
71 15
96 23
23 94
18 81
48 7
70 77
70 15
88 77
88 21
88 91
26 53
26 0
26 99
56 58
13 65
13 64
79 52
66 58
66 84
93 22
80 77
19 83
19 82
21 90
21 89
47 57
47 7
47 30
53 9
53 87
67 54
67 14
54 44
54 9
54 94
39 38
60 11
60 81
69 33
85 64
49 65
49 8
63 12
22 91
58 11
58 41
58 95
98 38
76 17
32 2
34 3
6 44
6 12
6 43
6 45
10 57
44 59
65 43
65 83
50 52
91 28
27 40
33 59
33 2
17 77
30 1
41 5
2 31
37 4
9 52
4 38
40 5
77 45
72 57
25 0
5 42
11 59
14 68
35 64
57 59
95 36
12 61
3 36
52 38