94 60 56 38 4 42 22 82 16 2 76 88 7 10 26 11 45 6 21 40 54 28 32 69 41 68 95 58 1 31 30 77 84 0 59 33 47 12 44 75 39 19 24 50 63 53 18 25 96 34 17 29 37 57 5 3 65 93 23 8 70 48 81 27 49 46 91 43 62 14 71 36 61
94 30
60 58
56 54
38 2
4 17
4 41
42 44
22 17
22 77
82 24
16 17
16 65
2 17
2 37
76 21
88 27
7 17
7 47
7 48
10 17
10 53
10 54
26 17
11 12
45 6
6 17
6 46
21 17
21 75
40 3
28 17
32 17
69 18
68 17
95 31
58 12
1 17
1 36
31 17
31 96
30 17
30 93
84 25
0 17
0 33
0 34
59 57
12 17
12 57
44 5
39 3
19 17
19 71
24 17
24 81
50 8
63 61
18 17
18 70
25 17
17 3
17 5
17 8
17 14
17 23
17 27
17 29
29 91
5 43
8 49
62 14
14 61