25 2 75 1 41 6 73 86 0 30 92 19 49 38 42 80 7 61 4 62 28 71 15 23 10 47 79 36 78 26 98 21 96 34 51 66 68 12 58 54 72 59 77 95 83 24 84 37 69 52 45 87 14 88 57 22 32 8 20 31 35 5 43 17 94 3 18 13 33 65 9 82 55 40 93 85 48 27 11 91 89 29 60 53 67
25 0
25 83
25 84
2 0
2 37
2 38
75 21
1 7
41 4
6 0
6 45
73 20
86 26
0 7
0 3
0 4
0 5
0 8
0 9
0 10
0 11
0 12
0 13
0 14
0 15
0 17
0 18
0 19
0 20
0 21
0 22
0 23
0 24
0 26
0 27
0 28
0 29
0 30
0 31
0 32
0 33
0 34
30 93
30 94
92 29
19 72
49 8
42 4
80 23
80 78
7 47
7 48
61 14
62 14
28 89
71 69
23 79
10 53
10 54
79 77
36 34
26 85
98 32
96 31
51 9
66 68
68 17
12 57
12 58
59 57
95 31
24 82
69 18
52 9
87 85
88 27
35 33
5 43
17 67
3 40
13 60
65 67
55 11
91 29