20 67 70 76 82 54 23 31 8 21 86 53 13 89 49 65 58 79 9 3 43 12 80 61 75 71 10 7 16 38 1 39 48 34 98 90 60 2 57 4 6 85 29 95 18 62 35 63 97 69 59 77 14 64 36 44 22 41 45 50 28 5 92 93 91 24 96 55 72 25 88 19 74 40 51 56 32 37 0 68 73 81 30 83 26 87 66 11 52 17 84 15 47
20 3
20 82
67 6
67 17
67 57
70 92
70 93
76 75
82 59
54 63
54 60
54 55
23 30
23 24
23 90
23 89
23 51
31 29
8 10
8 35
8 91
21 13
21 19
86 24
86 87
53 16
53 50
13 2
13 45
89 88
49 28
49 48
65 63
58 57
58 83
79 22
79 77
9 12
3 2
3 22
43 44
12 5
80 81
61 60
75 74
71 92
71 37
71 72
10 32
10 92
7 1
7 32
7 96
16 1
16 18
38 39
38 62
1 4
1 5
1 39
39 40
39 15
39 63
34 92
34 68
98 60
98 97
2 4
2 47
6 18
85 88
29 32
29 30
95 69
63 84
69 93
14 22
64 92
36 15
44 17
41 84
28 74
5 0
5 11
5 73
55 56
25 73
74 11
32 52
0 26
81 47
83 66