96 48 92 47 57 55 63 60 72 87 56 44 9 50 76 16 23 80 52 8 73 85 78 0 64 86 89 36 26 65 22 10 74 21 94 53 18 95 28 62 35 30 79 88 6 41 82 38 4 46 11 19 1 54 20 61 42 37 15 5 69 81 24 68 49 77 99 17 27 3 14 66 97 12 98 40 2 31 59 45 91 58 51 70 33 83 32 67 39 7 29 13 90
96 97
96 95
48 47
48 49
92 91
47 46
57 58
57 56
55 54
63 62
63 64
60 50
60 61
60 70
72 73
87 88
44 45
9 19
9 8
50 51
50 40
76 77
16 17
16 15
23 22
23 24
80 70
80 73
80 81
80 90
52 51
52 53
8 7
73 74
85 86
78 79
0 10
0 1
86 99
89 79
89 88
89 99
36 37
36 35
26 27
65 66
22 31
10 20
10 11
21 20
94 95
53 54
18 19
18 17
28 29
28 27
62 61
30 40
30 20
30 31
79 69
6 7
41 40
41 42
82 81
82 83
38 39
38 37
4 5
46 45
11 12
19 29
1 2
5 14
69 59
69 68
68 67
49 39
49 59
77 66
99 98
3 2
14 13
66 67
97 98
12 13
31 32
59 58
45 51
91 90
33 32
39 29