27 70 11 79 46 24 15 81 5 49 41 48 28 34 88 59 0 16 37 72 54 33 93 12 96 39 32 77 69 83 60 84 71 31 58 73 6 3 95 94 19 38 50 21 97 80 13 47 85 35 76 9 66 17 18 98 61 7 57 75 20 25 52 23 4 91 92 29 56 1 8 30 55 2 10 51 78 36 53 26 22 14
27 18
27 88
70 18
70 72
11 18
11 55
11 56
79 23
46 6
24 18
24 81
15 18
5 18
49 8
41 4
48 7
28 18
34 0
59 13
0 18
0 33
16 18
16 66
37 2
54 10
93 95
12 18
12 57
12 58
96 31
39 3
32 18
32 97
32 98
77 22
69 18
69 71
83 25
60 13
84 25
31 18
31 95
73 20
6 18
3 18
94 30
19 18
38 2
50 8
21 18
21 75
21 76
80 23
13 18
47 7
85 26
35 1
9 18
9 51
9 52
17 18
18 1
18 2
18 4
18 7
18 8
18 10
18 14
18 20
18 22
18 23
18 25
18 26
18 29
18 30
61 14
91 29
92 29
1 36
10 53
78 22