78 87 45 33 12 22 86 4 74 84 34 3 31 63 23 13 32 16 83 8 68 47 9 59 2 85 5 15 70 66 72 92 18 40 95 24 17 26 80 51 38 20 27 11 28 91 57 67 61 71 55 30 90 19 21 36 77 25 29 49 93 64 48 98 62 10 65 88 56 39 7 52 44 82 0
78 22
87 27
45 47
33 0
12 29
12 57
22 29
22 77
86 26
4 29
74 20
84 25
34 0
34 36
3 29
3 39
3 40
31 29
31 95
63 15
63 61
23 29
23 80
13 29
13 59
32 29
32 98
16 29
16 65
16 66
83 25
8 29
8 49
68 17
47 7
9 29
9 51
9 52
2 29
2 38
85 26
5 29
5 44
15 29
15 64
70 18
72 19
92 29
92 90
18 29
24 29
24 82
17 29
17 67
26 29
20 29
27 29
27 88
11 29
11 55
11 56
28 29
91 29
71 19
30 29
30 93
19 29
21 29
25 29
29 0
29 7
29 10
64 62
48 7