5 90 92 57 60 54 26 34 65 89 23 70 11 68 47 21 6 18 43 25 39 84 10 75 13 19 17 35 91 63 30 7 62 51 9 20 36 83 53 28 40 61 15 88 79 29 49 44 59 14 67 76 64 72 96 95 0 24 50 73 87 33 45 81 37 56 16 38 8 55 22 1 42 27 2 85 31 86 71 41 82 94 3 4 12 32
5 2
5 43
5 44
90 28
92 29
57 12
60 13
54 10
26 2
26 85
34 0
65 16
89 28
23 2
23 79
70 18
11 2
11 55
11 56
68 17
47 7
21 2
21 75
21 76
6 2
6 45
18 2
25 2
25 83
25 84
39 37
10 2
10 53
75 73
13 2
13 59
19 2
19 71
19 72
17 2
17 67
35 1
91 29
63 15
30 2
30 94
7 2
62 64
51 9
51 49
9 2
20 2
36 1
28 2
40 38
61 14
15 2
15 64
88 27
88 86
29 2
14 2
96 31
95 31
0 2
0 33
24 2
24 81
24 82
50 8
87 27
37 2
16 2
38 2
8 2
22 2
1 2
42 4
27 2
2 3
2 4
2 12
2 31
2 32
41 4