32 40 41 82 36 74 63 53 54 30 52 60 34 71 31 2 46 77 90 87 38 21 89 76 10 85 69 1 64 70 58 95 48 56 83 23 20 6 68 49 35 4 27 29 39 44 25 14 61 5 43 22 94 3 33 50 47 59 8 79 19 86 88 73 98 18 96 97 0 11 15 99 91 17 28 51 57 7 72
32 23
40 10
40 73
41 56
41 14
41 77
82 33
36 54
74 10
63 28
63 70
63 30
53 88
53 89
54 83
52 97
60 95
34 27
34 3
34 91
71 69
31 98
2 94
46 48
90 85
90 76
87 85
38 50
21 95
10 29
10 25
10 58
10 59
10 94
85 1
85 56
69 29
69 98
1 29
1 33
1 50
1 57
1 83
1 96
64 51
95 28
95 97
48 88
56 28
23 8
20 88
6 29
68 88
49 88
49 5
35 57
4 57
27 29
27 11
39 51
44 97
61 43
61 19
43 94
43 47
22 79
22 18
22 7
8 96
79 96
79 99
86 0
88 96
96 15
0 17
99 51
17 57
51 72