33 56 47 46 88 60 44 79 57 93 62 43 85 27 3 40 14 95 6 94 21 50 61 55 58 13 51 99 10 2 74 54 81 65 41 12 98 48 24 53 9 42 4 32 64 34 36 18 91 26 97 87 29 83 7 31 17 22 75 28 59 45 67 77 63 76 66 37 15 19 39 38 89 80 8 52 11 90 73 16 96 82 72 69 84 35 92 5 1 23 86 25 20
33 15
33 53
33 54
33 55
33 56
33 57
47 31
46 31
88 38
60 34
44 31
79 36
93 39
62 34
43 31
85 37
27 26
27 28
3 4
3 2
40 16
40 96
40 97
40 98
40 99
14 15
14 13
14 35
14 36
14 37
14 38
95 39
6 7
6 5
94 39
21 20
21 22
50 32
61 34
58 34
13 12
13 63
13 64
13 65
13 66
51 32
10 11
10 9
2 1
74 35
81 37
41 16
12 11
48 32
24 23
24 25
9 8
42 16
4 5
32 15
32 52
34 15
34 59
36 76
36 77
36 80
18 17
18 19
91 39
26 25
87 38
29 28
83 37
7 8
31 15
31 45
17 16
17 67
17 69
22 23
75 35
37 82
37 84
37 89
15 16
19 20
39 16
39 92
38 86
38 90
73 35
72 35