30 80 26 31 98 81 73 77 74 78 43 85 41 90 70 17 4 23 29 38 34 71 19 56 52 1 99 9 64 5 94 55 97 95 65 46 0 53 59 15 36 37 28 22 33 7 24 54 83 72 10 35 6 76 91 47 42 11 32 21 69 79 3 82 40 66 84 75 14 25 87 58 92 2 88 93 68 67 18 86 62 51 57 45 44 89 61 20 13 39
30 1
80 97
26 29
26 0
26 73
31 2
31 98
81 90
81 18
77 17
77 56
74 44
78 17
78 62
78 92
43 6
85 20
41 5
41 93
41 99
90 21
90 39
70 15
17 76
4 38
4 37
23 95
23 94
29 35
29 1
29 83
38 36
38 65
38 87
38 95
34 3
34 33
34 42
34 88
71 69
71 15
19 82
56 10
56 72
52 76
52 9
52 58
52 86
1 28
9 53
9 54
64 39
5 42
5 40
55 10
97 69
97 24
65 13
65 91
46 37
59 37
36 3
36 67
37 84
22 92
33 2
7 47
10 57
35 3
35 44
6 44
6 45
76 42
76 82
47 39
11 58
32 2
21 88
21 89
69 14
79 87
40 51
66 13
75 39
14 67
14 68
25 89
87 20
88 61