43 44 38 86 65 21 10 83 28 37 89 46 22 49 13 45 34 11 64 60 78 4 1 16 53 90 54 41 19 12 75 66 69 52 80 57 36 99 79 39 48 26 42 32 50 59 7 9 98 35 71 51 93 63 55 6 94 5 97 61 56 47 27 95 24 84 62 0 87 3 14 8
43 0
44 0
44 9
38 0
86 1
65 0
65 35
21 52
21 19
10 45
10 16
10 98
83 1
28 7
37 8
89 1
46 0
46 11
22 14
22 53
22 79
49 0
13 26
45 0
34 64
64 0
60 0
78 1
4 14
4 94
1 75
1 69
1 71
1 80
1 87
1 90
16 3
54 0
41 0
41 6
12 47
12 99
75 14
66 0
66 36
52 0
57 0
57 26
39 0
48 14
42 0
42 7
32 62
50 0
59 0
7 95
9 97
51 0
93 3
63 0
55 0
55 24
5 24
61 0
56 0
47 0
27 14
27 84
62 0
0 14
0 8