38 15 78 79 86 83 65 44 10 93 18 62 46 32 35 95 39 52 99 42 13 9 74 0 61 50 33 72 85 17 24 6 68 64 7 91 76 77 2 73 67 40 59 11 84 56 5 53 37 81 58 57 89 96 19 26 29 16 20 22 55 28 30 75 98 45 47 80 66 82 12 49 97 63 60 92 4 8 21 34 69 23 54 51 48
38 58
38 4
38 72
15 72
78 47
78 17
79 18
79 89
86 20
86 65
83 19
65 68
44 97
44 6
44 35
10 57
93 58
93 22
18 81
18 80
62 12
46 7
46 84
32 84
32 2
95 80
39 4
52 47
52 9
52 55
99 24
99 49
42 5
13 64
13 66
9 54
74 64
74 16
0 26
61 12
50 8
50 56
33 2
85 60
85 20
17 76
24 98
24 97
6 45
64 59
7 48
7 47
91 98
91 28
76 75
77 80
73 51
73 67
40 58
40 5
59 11
59 63
59 81
11 60
11 58
84 19
56 26
53 63
37 4
57 49
89 21
96 47
96 23
96 30
19 82
29 34
22 92
98 60
82 34
12 63
49 8
60 48
8 51
69 48