86 61 93 5 25 73 56 4 96 87 29 11 42 68 98 84 75 72 13 71 1 89 64 32 9 2 67 22 40 0 81 41 63 49 33 47 55 95 43 6 24 28 18 90 20 19 31 51 88 94 78 23 62 99 65 21 70 34 39 46 69 57 3 44 7 12 38 50 16 54 60 92 59 45 83 10 15 14 48
86 87
61 56
61 60
61 31
61 38
93 21
93 1
93 9
93 47
93 68
5 24
5 69
25 44
73 34
73 71
56 34
56 96
4 87
87 1
87 28
87 2
87 18
29 13
11 63
42 95
68 44
68 16
68 40
68 51
98 12
84 70
75 1
75 39
75 23
72 18
72 83
13 1
13 63
13 54
13 24
1 34
1 33
89 47
64 21
32 0
32 50
32 7
9 88
2 6
2 78
67 59
67 94
22 6
0 21
0 14
81 88
81 99
41 44
41 65
63 62
49 16
33 59
55 50
95 44
43 21
24 12
28 45
18 90
20 59
19 46
88 3
70 34
34 10
46 60
57 54
50 92
50 15
54 48