61 59 36 44 13 25 51 16 75 19 9 77 11 66 81 12 43 70 1 35 78 27 74 86 31 84 72 50 2 39 46 57 24 15 76 96 14 17 80 23 90 47 37 52 41 91 42 99 73 0 49 92 95 63 93 26 88 38 82 18 69 20 71 5 64 48 54 60 62 65 4 40 32 33 6 68 89 28 7
61 16
59 63
36 20
36 16
44 13
13 0
13 80
13 24
25 42
51 43
75 5
75 73
75 43
75 11
19 28
19 47
19 37
19 72
9 2
9 6
9 31
9 38
9 71
9 78
77 42
11 90
66 20
66 32
81 70
12 73
43 60
70 88
1 28
35 38
27 28
27 41
74 80
86 31
86 33
86 14
31 63
31 84
50 99
2 5
2 17
39 80
46 92
46 42
57 14
24 54
15 5
15 52
15 93
76 38
76 4
96 7
17 68
17 40
23 88
23 82
91 63
42 65
99 0
73 64
0 92
0 88
0 7
49 88
92 33
95 18
26 6
26 69
18 64
20 71
5 28
48 89
62 4
33 89