77 25 1 40 82 31 12 63 28 76 4 13 41 32 93 75 95 56 6 92 11 98 7 80 33 38 30 54 72 20 9 2 60 55 71 17 69 73 51 53 67 18 48 34 52 29 81 0 88 46 42 59 44 24 58 97 35 68 79 96 21 8 94 37 10 14 23 26 39 74 43 64 78 22 70 61 5 49 83 15 36 62 84 16 47 99 85 19 86 89 87 66 3
77 38
77 17
77 64
77 98
25 52
1 29
1 15
1 28
1 30
40 5
82 92
82 19
31 2
12 61
12 62
12 63
63 53
28 93
28 43
76 17
76 95
4 38
4 37
4 39
13 64
13 66
41 5
32 29
32 2
93 22
93 56
75 16
95 23
56 10
6 43
92 47
92 51
11 59
11 58
11 60
7 47
7 48
80 47
80 18
33 2
38 29
38 97
30 74
30 52
54 9
54 35
72 64
20 86
20 85
20 87
9 52
55 39
71 15
17 78
69 14
73 16
51 8
67 46
48 79
34 64
34 3
52 26
52 81
29 59
0 26
88 42
88 21
46 58
42 58
42 5
59 47
44 37
44 49
44 84
24 97
24 99
58 61
58 86
68 85
68 14
96 23
21 89
94 23
74 16
70 15
83 19
36 3