38 26 99 40 0 8 1 77 78 88 11 73 61 14 87 81 66 12 39 55 20 25 45 89 28 10 27 71 17 92 16 6 69 35 41 86 91 94 43 64 57 9 70 29 93 67 32 7 79 49 65 19 68 80 76 22 23 50 85 44 56 30 2 74 82 83 36 42 37 4 53 33 52 60 31 34 5 58 48 96 72 75 3 98 18 24 15 84 46 90 97 21 62 13 63 47
38 24
38 37
38 47
26 25
99 84
40 42
40 39
0 2
0 1
0 4
8 7
1 98
77 75
78 83
88 97
88 74
88 89
11 12
73 72
61 58
14 23
87 86
81 79
66 68
12 10
12 13
55 57
55 50
20 19
20 21
20 3
20 25
20 63
25 10
25 27
25 28
45 44
45 42
45 49
89 57
10 9
27 70
71 70
71 79
17 18
92 84
92 90
92 91
92 93
16 18
16 15
6 7
69 70
69 94
35 33
35 32
41 42
86 84
43 42
64 74
64 65
57 58
57 56
70 53
29 32
67 68
32 30
32 31
7 15
7 5
79 82
79 75
79 80
49 34
19 18
19 44
68 2
76 75
22 21
22 23
22 24
50 52
85 82
85 83
2 18
74 72
83 84
36 34
33 34
60 75
48 46
96 98
96 97
46 47
62 63