5 81 58 90 73 18 63 95 38 98 65 82 39 1 76 68 99 92 41 60 79 71 97 87 72 7 33 51 21 44 80 83 93 45 29 78 26 88 54 67 56 61 64 36 31 4 49 32 55 14 23 6 13 70 25 66 43 91 75 2 0 28 69 48 8 89 16 85 27 17 20 52 30 3
5 64
5 83
5 6
5 26
5 68
81 17
58 1
58 39
58 25
90 20
90 75
90 89
73 72
73 28
18 17
18 29
63 64
63 88
63 48
95 3
38 66
38 14
98 97
98 31
65 64
65 66
65 54
65 85
65 0
65 44
65 80
65 16
82 44
1 66
1 97
1 2
1 56
1 72
1 61
1 20
76 66
68 69
99 0
92 66
92 93
41 83
60 33
79 70
79 78
71 72
87 93
72 43
7 6
33 17
51 85
51 49
21 20
44 36
44 91
44 45
29 13
26 27
88 70
67 66
4 30
32 0
55 52
23 17
25 52
91 3
0 17
0 30
8 85