30 46 1 17 50 49 59 56 42 20 37 21 5 18 29 54 63 32 72 35 55 36 82 53 14 12 81 33 52 79 57 47 11 75 77 15 76 51 60 67 89 99 96 68 44 83 93 80 3 78 27 98 23 7 39 73 86 88 24 40 45 10 2 0 87 95 48 41 64 25 9 90 85 8 4 69 19 91 13 31 74 92
30 13
30 73
46 33
1 39
1 2
17 2
50 31
50 21
49 95
49 74
49 87
49 40
49 37
59 56
59 41
56 39
42 18
42 89
20 99
20 85
37 0
21 4
5 35
18 31
29 13
29 79
29 24
29 92
29 52
54 32
63 95
63 31
63 68
63 96
32 64
72 92
72 44
35 31
35 98
55 45
36 87
82 95
82 86
82 76
53 77
14 19
12 27
12 80
81 7
33 91
52 93
79 19
79 77
57 44
47 96
11 95
11 48
75 9
15 87
76 39
51 25
60 23
67 31
67 9
99 95
83 64
3 90
3 23
78 31
27 91
98 7
88 31
45 25
45 10
95 13
95 64
48 91
48 25
48 8
90 31
69 91