41 1 24 27 78 14 62 98 93 10 70 99 84 42 83 95 86 35 28 46 54 4 71 44 31 81 20 50 77 65 3 52 91 56 21 66 45 58 22 17 11 89 43 48 49 37 33 69 92 39 5 90 55 8 96 32 72 36 88 6 74 79 73 80 85 13 64 2 61 19 23 63 53 12 26 7 67 82 34 40 18 9 59 51 38 57 30 29 15 16 68 25 47 76 94 75 97 60 87
41 40
41 42
1 2
24 25
24 23
27 28
27 26
78 77
78 79
14 15
14 13
62 61
62 63
98 97
98 99
93 92
93 94
10 11
10 9
70 69
70 71
84 83
84 85
42 43
83 82
95 94
95 96
86 85
86 87
35 36
35 34
28 29
46 45
46 47
54 53
54 55
4 5
4 3
71 72
44 43
44 45
31 32
31 30
81 80
81 82
20 21
20 19
50 49
50 51
77 76
65 64
65 66
3 2
52 51
52 53
91 90
91 92
56 55
56 57
21 22
66 67
58 57
58 59
22 23
17 18
17 16
11 12
89 88
89 90
48 47
48 49
37 38
37 36
33 34
33 32
69 68
39 40
39 38
5 6
8 9
8 7
96 97
72 73
88 87
6 7
74 73
74 75
79 80
13 12
64 63
61 60
19 18
26 25
67 68
59 60
30 29
15 16
76 75