4 98 80 93 66 67 22 63 77 21 9 11 23 17 62 28 89 95 45 0 27 33 92 14 74 49 88 60 76 13 69 68 64 5 25 53 55 24 12 85 34 18 43 82 86 38 2 96 73 19 8 29 52 3 39 20 6 47 42 87 99 72 90 54 44 84 15 32 94 26 97 1 61 83 46 37 65
4 39
4 37
4 38
98 87
98 24
98 80
80 18
93 22
66 82
66 13
66 74
67 96
67 14
22 92
63 12
63 60
77 17
21 88
21 89
21 90
9 54
11 60
23 96
23 94
23 95
17 76
62 96
62 12
62 46
62 49
62 92
28 46
95 29
45 83
45 6
0 25
0 26
27 97
33 49
92 54
49 8
88 84
76 86
13 64
13 65
69 94
69 53
68 82
68 34
5 42
25 52
25 73
55 94
24 97
12 15
12 61
85 20
85 32
85 39
85 43
34 3
82 19
86 96
86 20
2 32
96 84
19 84
19 83
29 1
29 47
52 90
20 87
6 44
42 99
99 90
72 15