92 45 72 28 93 86 11 4 82 87 99 40 62 66 46 69 65 58 44 64 20 13 75 33 54 43 89 61 42 8 67 94 79 29 37 31 27 35 48 14 71 1 84 25 36 19 3 18 6 32 76 85 5 24 78 53 38 0 26 91 74 16 88 77 68 73 2 97 90 9 96 12 59 80 50 81 21 10 98 15 17 49 34 70 7
92 0
45 26
45 48
72 0
72 10
28 87
28 50
93 0
86 0
86 27
11 73
11 24
4 14
82 0
87 0
99 0
99 44
40 96
62 6
66 0
66 2
46 16
69 0
69 5
65 0
58 43
44 20
64 15
13 75
75 0
33 25
54 6
43 48
89 0
61 0
61 3
61 26
42 98
42 34
8 71
67 0
94 0
79 0
29 88
37 19
31 36
27 7
35 12
14 76
14 17
71 0
1 12
84 0
84 25
25 59
36 3
19 81
18 80
18 49
6 70
32 91
76 0
85 0
78 0
78 16
53 7
53 9
38 16
0 68
0 70
0 73
0 74
0 77
0 80
0 81
0 88
0 90
0 91
0 96
0 97
0 98
74 12
77 15
9 21