40 69 23 62 19 82 52 10 38 96 49 97 11 34 8 31 35 87 60 53 86 44 16 4 81 76 78 94 70 7 74 63 22 61 79 13 41 77 1 25 54 24 55 64 80 93 43 72 2 21 3 39 50 14 28 36 45 90 48 12 84 42 67 18 20 91 29 85 9 0 65 5 32 17 73 95 46 56 98
40 52
40 84
40 17
40 73
69 3
23 4
23 41
62 77
62 48
62 79
19 44
19 94
82 60
52 16
10 8
38 55
38 0
96 35
49 84
97 20
11 56
11 72
34 91
8 24
31 60
31 55
31 36
31 14
31 32
35 60
87 24
87 86
87 80
60 4
60 53
60 98
60 61
60 12
60 28
53 1
53 3
53 93
44 24
44 13
44 39
44 25
44 65
16 4
16 20
16 95
16 56
16 45
16 2
16 7
4 24
4 70
81 91
76 20
78 24
78 74
74 85
63 56
63 21
22 77
77 93
54 39
64 95
64 43
93 42
2 29
39 18
39 50
90 56
67 56
18 9
20 91
5 95
46 98