57 44 85 78 77 26 12 32 7 23 95 19 34 75 49 15 90 52 21 17 30 92 82 22 96 65 51 6 31 76 83 98 18 1 47 10 73 42 46 97 8 4 86 14 55 54 5 84 41 11 89 72 38 74 37 53 87 88 99 70 29 33 59 94 24 36 28 40 48 35 91 56 80 3 61 39 69 16 67 66 43 63 68 58 9 81 93 62 60 27 50 13 71 0
57 10
44 35
44 6
85 52
78 17
77 73
77 51
26 98
26 0
12 62
12 61
12 63
32 81
7 47
7 48
23 94
23 95
95 86
19 84
19 82
34 74
34 3
34 59
34 54
75 16
75 58
75 84
75 96
75 76
49 8
15 70
90 51
90 21
90 66
52 94
52 9
52 39
21 89
17 76
30 1
92 54
92 22
92 31
22 93
22 91
96 70
65 13
51 8
83 99
98 62
98 24
18 16
18 80
18 81
1 28
1 29
47 68
47 33
10 56
10 55
73 16
73 28
73 94
42 5
46 56
97 24
97 40
97 88
8 50
4 38
14 68
14 67
54 37
5 41
41 61
11 58
11 60
72 99
38 36
74 16
74 62
53 9
87 91
99 24
29 43
59 71
36 3
36 69
35 3
56 61
66 13
63 68
27 0