95 75 68 73 60 53 38 39 31 45 62 33 12 87 18 77 2 52 40 51 23 57 89 81 93 21 16 43 14 3 36 32 49 65 54 72 10 19 94 78 15 27 85 67 83 64 61 34 92 46 24 50 58 0 6 47 30 91 96 98 5 26 97 70 28 4 82 11 8 90 1 84 29 13 9 66 25 17 79 20 22
95 31
75 21
68 17
68 66
73 20
60 13
53 10
38 2
39 3
31 17
31 96
45 6
45 47
62 14
62 64
33 0
12 17
12 57
12 58
87 27
18 17
18 70
77 22
2 17
52 9
40 3
51 9
23 17
23 79
89 28
81 24
81 83
93 30
21 17
16 17
43 5
14 17
14 61
3 17
36 1
32 17
32 97
32 98
49 8
65 67
54 10
72 19
10 17
19 17
94 30
78 22
15 17
27 17
85 26
67 17
34 0
92 29
46 6
24 17
24 82
50 8
0 17
6 17
30 17
91 29
5 17
26 17
28 17
28 90
4 17
82 84
11 17
8 22
1 17
29 17
13 17
9 17
25 17
17 22
17 20