20 79 43 22 47 84 63 77 69 94 85 36 50 62 39 17 57 99 25 91 44 4 90 37 46 30 5 21 71 12 9 97 81 8 0 49 75 27 95 35 10 56 16 92 51 68 64 1 45 66 33 74 73 24 3 2 80 86 15 7 59 67 54 72 19 23 76 40 60 26 13 83 61 88 42 65 58 93 32 70 78 48 11 96 34 6 18 31 14 82 89 53 55 38 87 98 41 52
20 19
20 21
79 80
79 78
43 44
43 42
22 21
22 23
47 48
47 46
84 85
84 83
63 64
63 62
77 78
77 76
69 70
69 68
94 95
94 93
85 86
36 37
36 35
50 51
50 49
62 61
39 40
39 38
17 18
17 16
57 58
57 56
99 0
99 98
25 24
25 26
91 92
91 90
44 45
4 5
4 3
90 89
37 38
46 45
30 31
5 6
71 72
71 70
12 13
12 11
9 10
9 8
97 98
97 96
81 82
81 80
8 7
0 1
49 48
75 76
75 74
27 26
95 96
35 34
10 11
56 55
16 15
92 93
51 52
68 67
64 65
1 2
66 67
66 65
33 34
33 32
74 73
73 72
24 23
3 2
86 87
15 14
7 6
59 60
59 58
54 55
54 53
19 18
40 41
60 61
13 14
83 82
88 89
88 87
42 41
32 31
53 52