95 47 63 9 70 36 32 46 90 19 78 72 75 5 25 85 21 65 49 55 28 26 53 81 35 16 94 42 51 44 41 4 40 20 59 34 71 82 2 48 29 18 30 11 12 27 61 69 31 74 91 77 15 8 68 45 60 64 67 84 23 33 14 76 13 73 92 66 80 50 1 57 58 0 56 88 62 24 96 99 87 22 93
95 68
95 35
47 23
63 35
9 20
70 41
70 50
36 4
36 80
32 72
32 40
46 4
46 77
46 25
46 5
46 65
46 84
90 59
90 44
90 82
19 29
78 49
72 42
72 62
72 99
75 84
75 49
75 91
5 1
85 4
85 23
85 96
21 93
55 69
28 61
26 4
26 68
26 42
53 12
53 41
53 22
81 30
16 76
94 84
51 88
41 67
41 58
4 92
20 92
20 56
20 73
59 92
59 45
34 45
71 77
71 2
48 80
48 66
29 77
18 57
30 23
30 74
11 27
12 92
12 88
27 62
61 96
69 80
31 57
31 60
91 15
91 87
15 14
8 60
68 24
68 33
64 22
84 76
33 93
13 92
92 57
0 93