66 56 25 51 82 35 32 36 39 8 53 69 31 46 83 23 20 12 78 22 77 80 59 71 64 81 33 96 95 84 6 54 15 89 24 91 19 87 70 79 55 2 74 40 41 85 26 62 11 14 28 21 93 76 34 0 68 67 18 60 50 3 73 49 58 38 13 17 37 63 27 90 52 4 97 9 42 30 75 10 72 47 44 48 57 43 98 45
66 64
66 67
66 68
56 54
25 27
25 24
51 50
51 52
51 53
82 81
35 36
32 33
36 37
36 34
39 40
39 37
39 38
8 9
8 6
69 67
69 70
69 71
31 33
31 30
46 45
83 81
83 84
23 24
23 21
20 21
12 13
12 10
12 11
78 77
78 76
78 79
78 80
22 24
77 75
59 57
59 60
64 63
81 79
33 34
96 95
96 97
96 98
95 93
84 85
6 4
54 52
54 55
15 17
15 13
15 14
89 87
89 90
24 26
91 90
91 93
19 21
19 18
87 85
70 72
55 57
2 3
2 0
74 72
74 75
40 42
41 42
62 60
62 63
28 30
28 27
18 17
50 48
3 4
73 72
49 48
58 57
9 10
42 44
47 45
47 48
44 45
43 45