2 92 95 36 94 76 84 77 68 15 65 85 79 24 29 21 32 0 52 38 87 63 27 7 31 26 18 42 89 17 82 55 3 93 62 4 44 9 22 34 74 8 97 6 88 56 39 61 48 71 75 30 5 59 83 67 98 99 16 78 66 58 91 54 28 11 51 86 37 40 12 10 43 53 60 96 35 20 13 25 69 72 57 1 47 70 81 64 23 50 33
2 1
2 4
2 15
2 18
92 91
92 83
92 89
95 96
95 84
36 35
36 37
94 91
94 88
94 81
76 17
76 78
77 79
68 79
15 11
65 78
85 69
85 99
85 91
85 96
79 78
79 67
79 69
79 75
24 20
29 20
29 23
29 30
21 26
32 31
32 33
0 4
52 58
38 37
38 39
87 89
63 55
63 62
27 20
7 6
7 5
31 30
26 20
26 25
18 10
42 40
42 43
42 44
42 47
17 1
17 53
82 83
55 53
55 61
55 51
3 1
3 20
93 97
4 13
4 6
9 11
22 23
34 33
34 35
74 78
8 1
97 99
56 50
56 57
56 54
56 59
39 40
48 43
71 78
98 86
99 86
16 1
78 66
78 70
78 72
58 53
58 50
58 64
58 60
28 23
12 13