39 86 26 90 46 69 19 70 64 87 1 34 0 28 61 91 17 78 81 56 79 20 24 65 23 72 37 99 48 50 3 89 6 25 59 62 52 38 54 84 32 35 9 18 96 43 93 53 31 88 36 57 33 92 80 55 8 15 13 12 98 5 47 45 29 11 67 73 27 60 10 83 68 16 49 4 22 41 82 76 2 95 51 42
39 25
39 80
86 1
26 53
90 23
46 38
46 54
69 60
69 72
69 83
69 89
19 28
19 3
19 60
19 65
19 99
70 23
70 5
70 24
70 32
64 48
64 76
87 91
87 22
1 96
1 93
1 56
1 4
1 35
1 82
34 42
34 67
0 91
28 23
28 11
28 53
28 36
61 11
91 23
91 92
17 72
17 84
78 2
81 42
56 29
79 95
79 37
20 96
20 48
20 98
65 47
23 8
23 96
72 33
99 50
48 41
6 5
6 62
6 51
25 82
59 16
52 38
52 10
38 13
38 12
38 73
54 68
32 42
9 8
18 96
96 49
43 53
53 88
31 60
57 95
33 55
8 2
15 16
13 5
13 27
13 45
11 95
16 49