5 15 39 51 49 61 38 7 72 53 33 50 28 99 87 96 63 19 64 9 3 43 42 6 37 80 32 4 10 48 58 73 84 78 55 77 14 69 47 52 21 41 12 35 23 79 56 88 57 29 11 89 85 1 62 30 66 59 31 25 86 40 95 34 83 16 20 70 92 17 26 68 67 22 81 98 74 90 2 75 0 45 65 36 54
5 28
5 78
15 12
15 21
15 28
15 38
15 39
15 47
15 86
39 57
51 25
51 99
49 16
61 57
61 30
38 29
38 92
7 12
72 66
72 43
53 29
53 41
53 48
53 34
33 88
33 73
33 90
33 59
50 83
50 11
28 62
99 9
99 70
99 79
87 32
96 47
63 81
63 98
19 89
19 10
64 66
64 77
3 4
42 47
6 14
6 65
37 32
80 48
32 89
4 92
10 23
58 89
73 36
84 69
78 17
55 56
77 14
69 67
47 89
47 22
52 54
12 81
12 56
12 88
12 0
35 0
23 45
56 26
56 54
88 2
88 25
89 74
85 0
1 25
66 81
66 40
66 20
31 54
95 36
83 0
16 26
92 67
68 2
75 0