95 10 50 70 21 20 29 58 67 60 59 38 76 90 31 62 72 32 23 93 5 7 15 24 69 54 74 12 65 18 91 27 28 11 4 33 1 37 55 25 45 84 79 51 87 14 46 2 92 22 75 49 78 3 97 98 30 44 83 13 53 41 68 26 9 40 0 94 17 42 6 64 82 80 77 43 16 19 85 88 8
95 93
10 23
10 53
10 54
50 8
70 18
21 23
21 75
21 76
20 23
20 74
29 23
29 91
29 92
58 12
67 17
60 13
59 13
38 40
90 28
31 23
62 14
72 19
32 23
32 97
32 98
23 0
23 1
23 2
23 3
23 4
23 5
23 6
23 7
23 8
23 9
23 11
23 12
23 13
23 14
23 15
23 16
23 17
23 18
23 19
23 22
23 24
23 25
23 26
23 27
23 28
23 30
23 79
23 80
93 30
5 43
5 44
15 64
69 18
65 16
27 87
27 88
11 55
4 42
33 0
37 2
25 83
25 84
45 6
84 82
79 77
51 9
46 6
49 8
78 80
3 40
30 94
41 43
68 17
26 85