52 11 4 40 93 90 72 16 64 0 33 7 58 45 96 2 74 68 53 88 86 51 70 59 54 1 60 94 97 24 5 55 36 8 42 20 65 23 22 13 76 85 19 73 18 78 84 41 48 50 82 62 61 35 47 57 98 66 46 27 30 12 67 71 69 79 81 56 92 15 32 91 28 83 80 95 63 26
52 0
11 54
4 47
40 79
93 1
90 1
90 12
72 0
72 32
16 23
64 0
64 22
0 1
0 36
0 45
0 46
0 47
0 48
0 50
0 51
0 53
0 54
0 55
0 56
0 57
0 58
0 59
0 60
0 61
0 62
0 63
0 65
0 66
0 67
0 68
0 69
0 70
0 71
0 73
0 74
0 76
0 78
0 79
0 80
0 81
33 28
7 50
96 1
2 82
68 28
88 1
86 1
51 8
70 30
1 82
1 83
1 84
1 85
1 91
1 92
1 94
1 95
1 97
1 98
60 18
24 66
5 26
36 26
42 23
20 62
65 23
13 91
19 95
41 80
35 26
57 15
27 12