38 56 16 85 10 7 31 60 46 19 53 86 4 11 52 47 68 0 18 22 88 59 95 63 9 27 3 35 33 98 84 92 23 28 72 97 51 37 24 77 89 20 57 70 79 34 14 90 62 93 44 41 73 45 6 61 96 32 26 1 94 5 67 71 30 43 55 15 66 58 50 39 25 8 91 12 80 13 2 17 29 74
38 2
56 11
16 12
16 66
85 26
10 12
7 12
7 47
31 12
31 95
31 96
60 13
46 6
19 12
19 71
53 55
86 26
86 88
4 12
4 41
11 12
11 55
52 9
68 17
0 12
0 33
0 34
18 12
18 70
22 12
22 77
59 13
63 61
9 12
9 51
27 12
3 12
3 39
35 1
98 32
84 25
92 29
23 12
23 79
23 80
28 12
28 89
28 90
72 70
97 32
37 2
24 12
20 12
20 73
20 74
57 12
14 12
14 61
14 62
93 30
44 5
45 6
6 12
32 12
26 12
1 12
94 30
5 12
5 43
67 17
30 12
15 12
58 12
50 8
25 12
8 12
91 29
12 2
12 13
12 17
12 29