67 13 63 96 23 3 72 76 78 15 17 9 59 4 91 7 49 18 62 37 33 79 44 85 61 80 28 2 68 81 53 27 24 32 95 94 50 70 19 82 83 87 73 46 12 39 75 21 64 99 92 40 69 25 41 11 26 65 10 47 36 52 14 1 93 20 38 6 31 74 98 60 90 22 86 8 48 77 88 51 43 0 97 89 54 84 29 45 58
67 17
13 36
13 1
13 32
63 22
96 95
96 43
96 0
23 4
23 45
3 26
3 29
3 36
3 74
3 40
72 53
76 77
78 85
15 95
15 47
17 33
9 24
59 48
4 36
91 19
91 70
7 82
49 97
18 99
62 26
37 75
33 36
79 95
44 53
85 29
85 69
61 39
61 64
80 36
80 90
28 41
2 26
2 98
2 92
2 77
2 95
2 48
68 10
81 73
53 24
53 84
27 95
24 77
24 19
95 54
94 48
50 29
82 74
82 41
82 83
82 89
87 39
87 88
87 25
73 21
46 89
12 77
12 58
39 58
75 40
75 22
21 38
99 93
40 38
11 29
26 93
65 93
10 93
10 20
52 22
14 54
38 60
6 48
6 31
86 97
8 89
51 54
97 54