66 40 49 76 14 60 25 24 97 67 80 86 92 64 65 33 20 94 32 39 72 26 75 41 27 47 37 38 7 68 98 93 5 77 43 51 23 42 2 29 54 22 46 87 95 82 16 63 70 1 31 62 6 21 83 35 85 17 8 96 99 73 18 90 11 3 9 61 4 48 10 69 58 53 89 12 79
66 29
66 43
66 20
40 98
40 70
40 17
40 60
49 37
76 62
14 62
25 16
25 48
25 99
24 35
24 23
97 32
97 26
67 16
80 11
86 92
92 3
64 69
64 75
65 58
33 3
94 85
32 47
39 29
39 96
72 77
75 87
41 42
27 96
27 89
27 85
47 93
37 16
37 51
37 2
38 53
38 77
38 93
7 99
68 79
98 48
5 53
5 79
77 95
42 99
29 6
54 89
54 46
22 12
22 90
82 96
16 9
16 18
16 63
63 6
70 1
31 48
31 73
62 9
62 58
21 99
21 4
83 8
35 8
8 61
99 12
11 61
3 61
9 53
9 69
61 12
10 58