1 62 61 66 33 96 70 19 20 80 42 32 83 17 75 22 37 7 55 64 49 47 88 23 91 53 77 50 76 11 95 74 48 99 90 15 6 3 4 13 87 45 14 25 46 38 94 28 29 30 92 67 68 97 0 57 72 98 58 16 54 69 35 56 43 24 36 31 51 60 27 5 78 26 2 21 41 89 52 71 8 84 65
1 64
1 50
62 6
62 35
62 33
61 22
61 32
61 53
61 89
66 49
96 20
96 42
96 65
96 88
70 53
70 75
19 21
19 54
19 74
19 64
19 31
20 21
20 56
80 91
80 60
42 30
32 26
83 74
17 47
22 5
37 51
7 24
55 87
64 29
64 78
49 29
49 4
47 11
23 8
91 6
91 41
91 45
53 97
77 21
50 15
50 52
50 28
76 87
11 41
11 16
95 5
48 21
48 38
48 36
99 94
99 43
90 72
90 27
15 25
6 51
6 72
6 84
3 94
13 97
87 21
14 2
46 65
94 21
94 5
29 67
92 72
92 57
68 8
97 98
0 78
58 51
69 65
43 71
24 21
51 5
51 8
5 2