17 56 29 84 79 69 42 30 61 62 87 88 54 6 60 75 26 65 43 40 33 37 98 27 80 5 18 24 7 53 3 0 9 2 74 44 59 77 52 72 76 8 13 21 11 83 46 50 71 10 32 12 41 36 58 68 64 91 25 70 14 99 48 89 31 4 23 67 20 35 86 19 78 85 90 73 1
17 10
17 12
17 33
56 0
56 2
29 41
84 0
79 0
79 42
69 0
42 54
30 73
61 0
61 9
62 0
87 0
87 50
88 0
6 59
60 0
60 8
75 0
26 35
65 0
65 14
43 80
40 1
37 48
37 53
98 9
27 72
80 0
5 58
5 7
18 48
24 20
3 20
0 89
0 20
0 10
0 58
0 59
0 64
0 67
0 68
0 70
0 71
0 72
0 73
0 74
0 76
0 77
0 78
0 83
0 85
0 86
0 90
0 91
9 1
9 36
74 31
44 52
52 32
52 89
76 35
13 64
13 21
11 20
83 46
46 4
71 25
10 99
41 78
68 19
70 23
48 85