53 85 79 60 51 69 38 9 34 75 23 57 5 42 33 47 2 16 89 1 70 10 43 25 81 31 18 97 48 35 63 27 36 76 15 11 52 3 7 20 24 96 71 14 21 28 29 83 8 45 92 64 39 0 6 32 50 22 46 93 86 4 44 73 56 95 61 19 91 37 12 94 49 74 17 58 84 30 26
53 17
85 28
79 26
60 19
51 17
69 23
38 12
38 39
9 3
9 26
9 27
9 28
9 29
34 11
75 25
23 8
57 19
5 4
5 14
5 15
5 16
5 17
42 14
33 11
47 16
2 1
2 6
16 46
16 48
16 49
16 50
89 29
1 4
1 3
1 0
70 24
10 11
10 32
10 30
10 31
43 14
25 8
25 73
25 74
25 76
81 27
31 93
31 94
18 6
18 56
97 32
35 12
63 20
36 12
15 44
15 45
11 12
52 17
3 7
3 8
7 22
7 20
7 21
20 61
24 8
24 71
96 32
21 64
28 83
28 84
28 86
92 30
6 19
32 95
4 12
19 58
91 30
37 12