70 39 71 98 12 91 54 74 40 68 86 26 22 19 43 9 75 44 25 49 99 29 10 36 61 55 94 81 35 13 66 65 6 57 16 83 78 58 24 84 63 76 42 64 0 95 14 45 20 72 34 56 27 8 52 32 21 41 89 88 97 87 60 53 1 50 46 3 31 62 82 69 85 77 79 93 59 23 30 28 92 90 48 47 5 2 7 11 4 96 38
70 48
70 77
70 79
39 10
39 56
71 99
71 94
71 43
98 69
12 10
91 56
91 36
54 31
54 3
74 93
40 1
68 60
68 4
68 35
86 3
26 49
22 42
22 82
19 58
9 45
9 99
9 92
9 23
75 27
44 78
25 34
49 13
99 27
99 24
29 81
10 13
10 48
10 2
61 28
61 32
61 90
61 16
55 31
94 78
81 31
81 60
81 66
81 20
81 30
81 41
81 88
81 95
13 45
13 63
66 11
65 45
6 31
6 42
6 8
57 34
16 93
83 97
58 1
84 48
76 46
76 28
76 85
76 47
42 14
64 31
0 60
95 69
45 31
45 46
45 62
20 5
72 34
72 7
34 62
56 38
52 28
21 38
89 31
97 1
97 59
87 77
53 31
53 50
1 31
46 96