31 0 97 37 17 6 11 27 80 43 91 45 2 83 47 19 9 48 86 29 61 53 79 60 62 8 26 24 89 82 71 15 32 14 42 35 40 38 99 3 25 63 93 22 13 12 36 46 4 57 96 50 69 95 58 49 76 92 74 84 33 51 10 39 5 90 68 78 67 20 65 18 88 59 73 1 98 54 72 7 16 41 87 66 75 23 28 56
31 8
0 98
97 1
97 24
37 1
37 26
37 73
17 23
6 61
11 88
27 32
80 82
43 1
91 78
91 56
45 74
2 76
83 38
83 19
47 98
47 50
9 73
48 18
48 8
48 51
48 96
48 23
48 98
86 56
86 53
29 39
61 18
61 15
61 63
61 20
79 56
60 38
62 96
8 72
8 88
26 7
26 82
89 84
71 1
32 41
14 68
42 66
42 36
42 39
35 18
35 40
35 69
38 56
99 41
99 12
3 25
25 1
25 92
93 87
22 95
13 41
36 95
46 56
4 41
57 59
58 1
58 66
49 1
49 59
49 74
76 78
76 67
84 56
33 28
10 98
5 1
90 68
68 78
68 28
78 87
78 41
78 16
78 65
18 87
18 1
59 54
7 75