91 67 80 49 58 61 2 55 20 7 44 21 69 10 1 26 51 66 42 68 25 63 57 32 60 17 50 65 77 14 6 59 56 0 34 89 30 18 12 33 37 52 11 39 76 97 46 64 9 13 43 23 40 8 35 72 82 71 24 22 95 36 3 4
91 7
67 33
80 60
80 7
49 4
58 2
61 33
2 1
2 3
2 21
2 22
2 23
2 24
2 25
2 26
2 51
2 52
2 55
2 56
2 57
2 59
20 0
20 60
7 6
7 82
7 89
7 95
7 97
44 4
69 33
10 0
10 9
1 0
66 33
42 4
68 33
63 33
32 3
17 0
50 40
65 33
77 33
14 0
0 11
0 12
0 13
0 18
0 30
34 3
30 40
33 3
33 64
33 71
33 72
33 76
37 3
39 3
46 4
9 8
43 4
35 3
36 3
3 4