58 25 74 99 38 55 83 10 89 13 2 71 93 27 43 75 16 57 64 52 3 39 17 4 66 51 18 23 59 6 98 33 12 68 80 44 81 91 46 82 40 90 21 28 56 22 92 87 49 36 48 42 76 26 88 32 50 63 70 61 79 77 96 95 94 0 84 86 97 41 11 72 20 29 9 69 65 67 37 73
58 9
25 55
25 23
25 51
74 0
74 18
99 0
99 44
38 93
55 0
55 9
83 0
83 27
10 68
89 0
13 71
2 0
2 28
71 0
93 0
43 98
75 0
16 18
57 50
64 0
64 6
52 37
3 6
39 94
17 73
4 21
66 0
51 32
18 56
18 22
59 36
59 48
98 0
33 88
12 70
12 29
68 0
80 0
81 0
91 0
91 36
46 49
82 0
82 26
40 95
90 0
21 77
92 0
92 37
87 0
49 42
42 97
76 0
76 20
88 0
50 11
63 0
70 0
61 0
79 0
77 0
96 0
96 41
95 0
94 0
0 65
0 67
0 69
0 72
0 73
0 84
0 86
0 97
11 69