5 0 80 85 83 75 90 64 31 11 97 2 3 72 14 98 61 93 25 58 79 1 35 41 96 49 89 87 8 91 24 9 44 53 77 6 56 92 33 59 12 43 65 13 19 67 54 76 46 88 69 27 39 18 23 70 10 22 50 86 17 29 32 30 4 42 51 48 7 21 15 66 81 71 40 36 37 47 28 26 52 16
5 29
5 43
5 44
0 29
0 33
80 23
85 26
83 81
75 21
90 92
64 15
31 29
31 96
11 29
11 56
97 32
2 29
2 37
3 29
3 39
3 40
72 19
14 29
14 61
98 32
93 30
25 29
58 12
79 23
1 29
1 35
1 36
41 4
49 8
89 91
87 27
8 29
8 50
91 29
24 29
24 81
9 29
9 51
9 52
53 10
77 22
6 29
6 46
92 29
59 13
12 29
65 16
65 67
13 29
19 29
19 71
54 10
76 21
46 48
88 27
69 18
27 29
18 29
18 70
23 29
10 29
22 29
86 26
17 29
29 4
29 7
29 15
29 16
29 21
29 26
29 28
29 30
29 32
4 42
7 47
66 16