63 33 51 4 41 10 59 9 62 79 58 39 80 24 84 12 65 54 75 49 17 71 0 2 30 57 53 83 38 34 68 90 52 40 43 77 88 19 15 69 47 25 92 8 29 56 7 72 50 11 67 37 61 85 76 86 78 20 89 27 70 44 60 21 26 91 42 36 73 35 66 93 82 14 45 32 6 81 46 87 64 22 18 74
63 79
33 64
51 73
51 25
4 9
4 2
41 68
10 21
59 77
59 29
9 19
62 79
79 87
58 77
39 67
39 19
80 88
80 64
80 65
24 49
84 90
84 72
84 73
12 25
12 6
65 34
65 35
54 75
54 27
75 85
49 72
17 35
17 8
71 83
71 46
71 47
0 92
0 93
30 60
30 15
57 76
53 74
83 89
83 70
38 67
68 82
68 40
90 93
90 85
52 74
52 26
40 20
43 69
77 86
88 92
88 81
15 7
69 82
69 42
92 89
29 14
56 76
50 73
11 22
67 81
37 66
61 78
85 74
76 86
86 91
78 87
78 60
89 82
70 44
70 45
21 42
91 93
91 87
36 66
36 18
66 81
45 22
32 64