13 16 31 76 17 8 11 96 71 50 32 91 95 3 20 92 1 25 72 6 5 47 9 23 38 27 45 48 21 86 36 57 62 88 4 29 12 80 43 79 39 93 94 81 84 89 54 60 18 98 78 30 46 22 14 19 26 70 74 33 69 52 24 61 15 7 0 85 34 59 75 41 64 66 10 28 68 44 40
13 8
13 59
13 60
16 8
16 66
31 8
31 95
31 96
76 21
17 8
8 50
8 0
8 29
8 3
8 20
8 5
8 6
8 7
8 9
8 10
8 11
8 12
8 14
8 15
8 18
8 19
8 21
8 22
8 23
8 24
8 25
8 26
8 27
8 28
8 30
8 32
71 19
50 52
32 98
91 29
3 39
3 40
20 4
20 74
92 29
1 29
25 84
72 19
6 45
6 46
5 43
5 44
47 7
23 79
23 80
38 40
27 88
48 7
21 75
86 26
36 34
57 12
62 14
43 41
93 30
94 30
81 24
89 28
54 10
18 69
18 70
78 22
14 61
26 85
33 0
15 64
0 34
66 68