14 68 52 48 37 88 78 70 71 83 72 62 29 66 65 40 0 42 18 82 39 10 23 13 35 3 53 31 59 56 25 34 73 96 4 90 6 50 33 55 30 17 76 21 67 27 49 85 15 20 11 22 89 46 92 94 32 38 97 8 19 28 79 1 16 54 95 9 75 84 98 12 80 86 47 26 7 63 2 41
14 0
14 62
68 66
52 9
48 7
37 2
88 27
88 86
78 22
70 72
71 19
83 25
72 19
29 0
29 92
66 16
65 16
40 3
0 1
0 2
0 3
0 4
0 6
0 7
0 8
0 9
0 10
0 11
0 12
0 13
0 15
0 16
0 17
0 18
0 19
0 20
0 21
0 22
0 23
0 25
0 26
0 27
0 28
0 30
0 31
0 32
0 33
0 34
42 4
82 84
39 3
10 53
10 54
23 79
23 80
13 59
35 1
31 95
31 96
56 11
25 84
73 20
96 94
4 41
90 28
6 46
50 8
55 11
17 67
76 21
21 75
49 8
85 26
15 63
89 28
32 97
32 98
38 2
47 7