56 19 75 35 84 60 88 78 21 81 8 0 6 93 16 55 96 77 1 3 59 65 34 64 90 72 49 28 89 48 62 63 11 38 2 7 76 79 5 92 74 26 67 87 94 23 91 61 97 80 86 25 12 45 17 43 47 40 32 31 30 51 57 29 68 73 24 42 36 69 46 54 41 95 44 33 58 53 14 20 10 83 18 37 9 22 98 27 13 71 70 82 4 15 50 39
56 42
19 2
19 96
75 46
75 89
35 24
35 44
35 47
35 63
84 26
84 97
60 31
88 68
78 72
21 3
21 22
21 49
21 61
81 45
8 1
8 71
0 2
0 1
0 4
0 17
6 1
6 34
93 67
16 9
55 2
77 49
1 5
1 40
1 48
1 82
3 2
3 13
3 36
59 31
65 49
65 67
64 32
64 69
90 71
72 32
28 22
28 30
28 43
62 37
63 74
11 4
11 24
11 38
2 7
2 32
2 70
7 42
7 9
7 15
7 25
76 15
79 37
5 10
92 12
26 23
26 68
87 45
94 4
23 4
23 37
91 10
91 98
80 36
86 17
25 83
12 4
45 20
45 46
17 39
31 14
51 18
57 15
29 18
29 33
73 69
46 58
54 4
54 95
41 39
41 53
14 9
14 27
14 50
20 15
18 9