12 38 88 8 61 63 82 17 71 44 75 67 43 7 10 60 13 21 45 73 51 25 59 24 6 70 41 62 11 1 50 68 31 5 66 30 16 64 78 57 47 4 72 23 48 18 33 9 77 53 42 55 36 58 20 86 87 37 35 27 85 56 80 40 28 19 32 46 3 39 69 29 84 81
12 11
38 9
38 37
88 72
8 7
61 87
61 62
63 64
82 81
17 18
71 72
71 58
71 70
44 45
44 43
75 11
67 72
7 23
7 20
10 11
10 9
10 66
60 59
13 45
13 1
21 20
45 72
45 46
73 72
51 31
25 11
59 48
59 42
24 23
24 50
24 87
24 68
24 40
6 58
6 5
41 40
41 36
62 81
11 23
11 77
68 28
68 69
31 58
31 85
31 30
31 32
5 4
16 78
64 23
78 77
57 58
47 48
4 3
72 23
72 18
48 35
48 53
48 29
33 32
9 84
55 35
55 56
58 35
20 19
86 85
27 46
80 32
40 39