36 20 17 45 27 8 76 10 69 57 9 40 59 31 47 22 3 14 28 38 4 51 54 33 29 58 19 6 7 24 18 25 21 77 49 11 61 16 64 67 0 71 75 63 70 72 74 53 48 30 35 62 32 26 13 43 78 44 46 65 56 23 60 1 41 52 34 68 37 42 79 55 15 5 2 12 39 50 66
36 35
20 19
20 21
20 22
17 18
45 46
45 49
45 52
45 54
45 66
45 72
27 7
27 31
8 9
8 6
76 64
10 9
10 14
69 62
57 60
57 56
9 28
40 25
40 41
40 68
59 58
59 61
59 67
59 79
31 30
31 32
47 48
3 4
3 1
14 13
14 11
14 15
28 38
4 5
4 29
51 53
33 37
33 35
29 26
58 60
19 18
6 5
6 7
6 39
24 15
24 25
18 26
18 23
77 68
49 53
11 12
16 15
64 41
0 39
71 60
75 68
75 60
75 78
63 55
70 62
74 48
48 46
62 43
32 34
43 55
43 50
44 41
44 46
44 55
65 79
1 37
1 2
42 50