35 65 85 73 29 18 23 55 54 86 26 97 30 64 79 41 63 56 76 94 42 91 67 27 69 50 3 45 71 16 99 75 21 7 4 90 59 48 6 9 8 57 74 62 88 46 72 51 58 82 43 96 84 39 89 95 34 2 92 17 87 19 93 36 70 52 37 98 44 60 66 24 1 13 10 11 15 49 0 25 83 53 20 61 78 38 47 32 33 40 28 77 80 22 12
35 63
35 48
65 38
65 50
85 71
73 17
29 87
18 93
18 77
18 47
23 53
23 88
23 79
23 91
23 45
23 16
55 87
54 67
86 22
86 66
86 3
26 93
26 87
26 17
97 93
97 33
97 24
97 64
97 83
30 17
64 57
79 51
41 4
41 38
41 1
63 84
56 87
56 9
56 80
76 48
94 96
94 78
42 33
91 98
91 61
91 39
67 33
67 6
67 10
27 6
69 12
71 33
71 95
71 89
71 36
99 87
99 72
99 62
75 6
21 93
7 62
4 33
90 53
59 95
9 32
9 37
9 60
9 15
8 88
57 46
74 11
72 22
58 87
82 49
43 15
96 89
84 93
89 25
89 19
95 49
34 38
2 93
2 44
92 83
92 20
17 0
87 28
70 12
52 25
13 25
13 11
13 40
53 33
53 12