28 2 42 95 70 58 5 81 36 30 84 7 55 99 3 4 32 22 25 72 59 44 24 85 50 27 9 74 23 91 64 35 46 40 47 60 98 87 19 96 79 43 83 62 13 88 49 69 77 68 80 89 71 45 61 56 38 75 92 14 15 52 39 66 93 94 29 65 17 48 76 8 20 86 11 54 1 6 41 33 10 90 18 78 53 37 26 0 57 16 97 73 21 82 63
28 97
28 56
2 75
42 7
95 0
95 25
70 17
58 4
5 78
5 38
81 0
81 8
36 40
30 4
30 27
84 0
84 11
7 0
55 24
55 41
99 0
99 33
3 50
3 63
4 0
4 37
32 17
22 38
22 39
22 69
22 72
25 68
59 64
44 0
44 15
44 53
24 94
24 52
85 0
50 53
50 40
27 54
9 15
9 71
74 0
74 1
23 93
91 0
91 20
64 15
64 47
64 57
35 29
46 73
40 13
60 15
98 0
98 29
87 0
19 54
96 0
79 0
79 6
43 56
83 0
83 10
62 10
88 0
88 16
49 17
77 0
80 0
89 0
89 17
45 1
61 29
75 0
92 0
92 21
14 53
14 73
66 10
93 0
94 0
65 21
48 10
76 0
86 0
6 26
90 0
90 18
78 0
0 82
0 97