39 67 54 15 28 26 95 56 50 18 29 31 43 40 78 30 23 79 66 10 46 82 86 25 76 73 62 3 41 80 98 6 32 11 14 19 45 47 57 38 9 63 7 5 89 34 61 22 37 27 24 59 13 75 87 16 65 51 97 68 74 64 17 36 77 55 48 58 42
39 80
67 63
54 26
15 27
15 42
28 43
28 89
28 98
26 79
95 50
56 68
56 64
50 13
18 23
18 65
29 46
31 34
43 34
43 5
43 77
40 68
40 45
78 97
30 76
23 34
23 59
23 46
79 59
79 32
79 3
66 38
10 77
10 97
46 87
46 38
82 42
86 38
25 27
25 7
76 5
73 22
62 9
3 68
3 11
3 55
41 34
80 77
80 63
98 48
6 63
32 47
32 37
32 75
11 36
14 13
19 34
19 17
45 9
57 24
34 24
34 27
61 22
22 65
24 13
59 51
59 16
51 74
58 42