1 50 38 14 61 12 63 47 93 45 77 9 46 90 66 44 23 84 81 55 83 78 75 20 26 21 2 62 30 70 42 79 40 72 18 10 64 3 6 82 34 15 31 33 17 32 7 54 87 13 92 65 89 58 99 37 36 19 76 88 56 16 74 98 80 25 4 35 60 85 69 28 68 95 5 57 91 43 59 53 0 27 11 8 71 48 22 41 94 51 52 67 96
1 88
1 4
1 5
50 12
38 56
14 15
14 79
61 47
61 60
61 62
12 8
12 91
63 55
47 42
93 18
45 22
45 18
77 31
9 3
9 95
46 55
46 43
90 5
66 70
66 56
44 43
23 81
23 25
84 64
84 72
81 41
55 60
55 19
55 22
55 88
83 70
78 59
75 13
20 10
20 21
26 18
26 31
26 40
26 58
2 4
2 0
2 76
62 98
30 28
30 74
70 87
72 52
18 17
18 27
10 51
64 33
64 34
3 76
3 7
3 92
6 5
6 8
6 16
82 43
15 19
15 96
33 53
17 28
32 94
54 67
54 35
54 37
87 98
87 99
13 19
65 59
89 48
37 68
37 69
36 52
36 59
80 27
80 94
4 11
4 48
85 69
57 67
53 22
11 51
71 96
41 52
67 96