62 97 41 90 1 93 70 25 58 94 15 60 81 99 91 12 7 14 9 19 64 30 98 76 49 59 40 33 86 61 17 92 52 74 63 73 95 24 11 66 22 83 0 23 80 56 43 50 71 85 38 47 29 79 42 10 65 32 34 44 3 13 27 68 69 87 67 45 5 78 75 88 84 26 35 89 18 16 77 2 46 28 96 31
62 42
97 0
97 41
90 0
90 32
1 65
93 0
70 0
25 83
25 63
58 16
94 0
15 64
60 45
81 0
81 23
99 0
99 43
91 0
91 33
12 13
12 64
7 30
14 73
9 50
19 77
30 88
30 24
98 0
76 0
76 18
49 32
49 34
59 43
59 61
40 96
86 0
86 28
17 75
92 0
52 29
74 0
74 16
73 0
95 0
95 38
11 28
66 0
66 2
22 80
83 0
0 46
0 35
0 42
0 13
0 65
0 67
0 68
0 69
0 71
0 75
0 77
0 78
0 79
0 80
0 84
0 85
0 87
0 88
0 89
0 96
56 32
50 42
71 10
85 27
38 47
29 87
32 44
3 67
68 5
45 31
84 26
89 31