17 81 40 72 83 51 77 28 41 47 84 65 24 46 48 0 36 44 95 31 78 70 11 9 54 66 89 34 93 60 27 96 55 35 98 64 90 20 1 22 19 42 87 73 37 18 74 45 58 63 3 99 61 85 26 21 29 57 76 7 56 62 23 38 13
17 85
17 64
81 54
81 40
81 76
40 47
72 44
72 42
83 55
51 21
51 29
77 98
28 63
28 37
41 78
41 1
41 19
84 63
84 70
84 96
65 99
24 7
24 20
46 87
46 34
46 98
46 89
46 85
46 27
48 89
0 85
36 21
36 55
44 21
44 22
95 87
95 18
31 9
78 87
78 63
78 45
78 35
11 90
11 93
9 90
54 35
54 57
66 96
93 87
60 85
60 56
55 99
90 21
73 37
74 76
45 7
58 62
3 7
61 13
85 26
29 23
56 13
56 62
23 38