12 85 53 24 31 73 76 74 93 75 50 42 20 10 62 86 80 41 22 32 97 87 64 90 78 56 17 51 71 25 34 81 49 83 2 43 37 84 45 91 79 69 98 52 44 46 96 35 88 14 72 39 29 67 15 27 36 99 0 40 57 28 95 47 63 48 65 21 7 18 60 94 61 54 89 23 3 11 82 92 70 26 8 55 68 5
12 62
12 63
85 81
85 20
85 55
85 86
53 42
53 54
24 99
24 97
31 2
73 50
73 44
76 62
74 37
93 81
93 22
93 43
93 98
75 82
50 81
50 8
50 60
42 69
42 5
20 87
10 56
10 57
62 70
62 41
80 18
80 56
80 88
22 91
22 92
32 92
32 2
32 29
97 37
97 45
64 36
90 21
90 83
78 55
78 17
51 8
51 35
71 81
71 15
71 47
25 91
25 0
25 39
34 48
34 65
81 18
81 99
49 8
49 89
49 61
43 84
43 95
45 36
91 27
79 18
79 69
69 14
52 67
44 26
46 7
96 72
96 23
88 21
88 28
14 67
14 68
72 15
15 70
36 3
40 5
47 7
48 7
60 11
94 23
82 92