83 58 95 46 49 34 27 93 38 13 51 14 94 3 60 90 69 84 33 97 62 63 96 6 68 42 7 87 28 1 98 66 79 17 12 71 53 81 32 5 85 9 37 54 77 18 8 67 10 15 36 0 52 74 48 30 19 78 44 91 64 99 29 45 56 59 40 11 2 82 21 41 35 88 23 76 61 75 92 25 20 47 80 73 57 65 89 55 31 26 86 39 43 24 4 50 22
83 52
58 40
58 60
58 87
58 1
95 10
95 91
95 73
46 9
46 22
49 45
49 5
34 63
27 48
93 21
93 84
38 31
13 12
13 89
13 3
51 98
14 63
14 24
14 52
14 66
94 57
90 71
69 80
69 88
69 0
33 74
33 92
33 32
97 57
62 18
62 29
63 22
63 59
96 66
96 20
96 50
6 0
68 48
42 99
42 8
7 23
28 29
1 61
98 45
66 85
66 15
66 78
79 5
17 4
12 24
71 52
53 50
81 10
32 99
85 18
85 10
37 22
54 47
77 24
77 64
18 40
18 25
67 50
10 80
36 48
0 86
52 44
52 43
74 75
74 35
48 43
30 78
19 78
44 45
64 65
56 50
40 2
11 24
82 43
21 24
41 39
23 24
76 57
75 24
75 57
75 26
47 65
80 39
57 55
57 4
89 31