5 39 44 55 28 52 56 12 45 50 46 26 9 64 47 22 10 65 35 31 62 4 61 42 53 1 49 33 25 7 48 23 19 17 6 0 11 3 58 41 43 14 40 15 29 51 60 27 20 36 38 34 21 18 37 8 30 2 16 24 32 13
5 1
39 34
44 40
55 58
55 60
28 25
28 31
28 32
28 33
52 49
52 56
12 7
45 40
50 46
46 43
46 49
46 51
26 22
9 4
64 61
47 43
22 25
22 19
22 27
10 13
10 7
10 14
10 15
65 61
35 31
31 34
31 36
62 58
4 7
4 1
4 8
61 0
61 58
42 37
53 49
1 0
1 6
25 29
25 30
7 11
48 43
23 19
19 16
19 24
17 13
0 2
0 3
41 37
43 40
40 37
20 16
38 34
34 37
21 16
18 13
16 13