10 87 65 14 91 53 76 43 70 77 96 16 13 37 22 2 3 83 60 40 93 52 30 35 97 36 31 12 89 73 0 59 54 34 42 64 44 63 39 8 85 79 27 41 86 20 74 18 75 80 57 67 61 82 81 1 90 50 58 24 88 28 17 21 47 92 29 71 69 78 45 99 68 72 62 95 6 4 32 66 23 55 19 9 11 38 15 98 46 5 33 94 84 51 25
10 70
87 0
87 33
65 0
14 0
14 38
14 54
14 34
91 0
91 37
53 22
53 44
76 0
76 18
43 95
70 0
77 0
77 20
96 0
16 74
13 72
37 30
22 0
2 63
3 44
83 0
83 29
60 45
40 92
40 11
93 0
93 41
52 5
35 89
97 0
97 45
36 90
36 25
31 85
12 59
89 0
73 0
0 62
0 63
0 64
0 66
0 67
0 68
0 69
0 71
0 72
0 74
0 75
0 78
0 79
0 80
0 81
0 82
0 84
0 85
0 86
0 88
0 90
0 92
0 94
0 95
0 98
0 99
59 34
42 94
42 8
39 5
27 29
41 32
20 50
75 17
80 23
57 24
61 9
82 28
81 24
1 62
58 33
24 51
21 78
47 99
47 19
29 6
69 9
4 38
66 5
55 25
15 5
98 46