1 86 51 40 7 53 6 81 52 99 65 89 4 27 8 50 26 20 58 80 30 60 43 39 31 79 54 55 57 96 14 23 88 12 47 34 17 59 35 84 2 93 0 71 94 98 36 75 5 13 63 9 49 61 67 37 11 95 73 19 64 78 25 92 10 29 77 22 83 68 69 18 21 91 42 85 76 82 56 38 87 97 33 90 45 48 66 16 46 24
1 30
86 98
51 85
40 90
40 5
40 94
7 48
7 46
53 55
53 9
53 36
53 43
6 43
6 45
81 18
52 67
52 66
99 24
99 34
65 13
89 21
4 38
4 37
27 0
27 61
8 50
50 36
26 0
20 85
20 87
58 11
80 18
30 25
60 11
60 31
43 39
43 47
43 63
31 2
79 55
79 18
54 9
55 10
55 25
57 10
57 48
57 73
57 93
57 90
96 23
14 67
14 69
14 68
23 95
88 21
88 59
88 85
12 61
17 76
17 77
17 78
59 11
35 68
84 19
93 22
0 25
71 92
98 67
98 24
75 16
5 42
13 66
49 37
67 56
95 78
73 16
73 38
19 82
19 83
64 77
92 22
10 56
29 77
22 91
69 82
21 90
76 56
97 24
33 48