93 71 92 16 76 57 34 38 90 36 65 5 88 0 15 19 81 82 94 28 73 66 41 49 98 80 54 78 64 4 61 44 10 89 25 53 23 8 17 74 29 97 79 68 18 87 60 69 67 55 46 91 42 48 58 50 21 63 1 22 30 33 14 32 84 45 51 99 95 86 35 31 56 40 59 37 6 70 77 26 62 83 24 3 96 7 9 11 13 2 75 39 20 27 52 12 85 43
93 66
93 61
71 41
71 6
92 32
92 52
16 44
16 79
76 58
76 26
57 38
57 63
34 1
34 62
38 89
90 69
90 49
36 63
36 12
65 88
65 84
5 9
5 23
88 51
0 75
0 33
15 74
15 78
19 98
19 83
81 21
81 73
82 56
82 89
94 84
94 77
28 20
28 75
73 64
66 11
41 95
49 91
98 80
80 7
54 18
54 74
64 4
61 14
44 13
10 42
10 27
25 22
25 95
53 12
53 9
23 50
8 32
8 68
17 77
17 29
29 3
97 91
97 70
79 59
68 7
18 6
87 31
87 22
60 52
60 69
67 86
67 56
55 27
55 86
46 48
46 85
42 30
48 39
58 50
21 96
1 59
30 33
14 40
45 40
45 20
51 83
99 43
99 37
35 2
35 24
31 26
37 96
70 43
62 2
24 39
3 13
11 85