36 28 35 83 65 41 64 22 9 99 90 24 93 81 96 45 0 34 39 87 57 98 52 20 42 18 29 74 17 60 33 59 7 13 54 47 43 32 15 82 67 53 6 44 92 46 30 91 55 78 84 31 48 94 4 79 1 63 89 8 14 73 61 95 80 19 38 97 86 69 62 5 51
36 48
36 44
36 24
36 28
36 34
36 35
36 46
83 94
65 67
41 31
64 59
22 24
9 17
9 7
9 4
9 13
9 14
99 98
90 81
24 17
93 94
81 94
81 80
81 91
96 86
45 44
0 1
39 48
87 98
57 59
57 51
57 61
57 62
98 86
98 89
98 79
52 51
20 17
42 44
18 17
29 48
74 86
74 67
74 73
17 15
17 19
60 55
33 44
59 67
59 53
59 54
59 63
7 1
7 8
47 44
43 44
32 44
82 94
6 5
44 31
92 94
30 31
55 51
78 86
78 69
84 86
48 51
48 38
94 86
94 95
94 97
1 5