47 36 87 66 12 23 35 25 31 52 14 78 28 17 13 59 8 30 85 21 71 34 90 63 80 82 94 22 5 48 60 38 64 10 2 61 19 72 56 62 65 43 29 79 3 73 26 89 16 93 49 20 46 84 7 42 54 86 44 98 58 4 88 9 76 91 67 18 27 41 92 75 32 15 53 37 40 51 81 97 24 57 33 39 74 77 70 55 11 99 68 1 45 6 69 96 83 50 95
47 48
47 46
36 37
36 35
87 86
87 88
66 67
66 65
12 13
12 11
23 24
23 22
35 34
25 26
25 24
31 32
31 30
52 53
52 51
14 15
14 13
78 79
78 77
28 29
28 27
17 18
17 16
59 60
59 58
8 9
8 7
30 29
85 86
85 84
21 22
21 20
71 72
71 70
34 33
90 89
90 91
63 64
63 62
80 81
80 79
82 83
82 81
94 93
94 95
5 6
5 4
48 49
60 61
38 39
38 37
64 65
10 11
10 9
2 3
2 1
61 62
19 20
19 18
72 73
56 57
56 55
43 44
43 42
3 4
73 74
26 27
89 88
16 15
93 92
49 50
46 45
84 83
7 6
42 41
54 55
54 53
44 45
98 97
98 99
58 57
76 77
76 75
91 92
67 68
41 40
75 74
32 33
40 39
51 50
97 96
70 69
68 69
96 95