76 43 58 99 74 9 55 34 56 31 35 65 81 26 62 52 13 97 24 30 72 59 57 1 19 79 70 12 28 92 29 11 5 77 98 33 22 90 23 89 42 73 44 25 71 83 0 4 86 16 18 75 91 45 60 2 15 8 84 46 38 39 69 61 95 47 50 41 94 64 6 82 88 68 3 67 87 20 32 63 51 85 48 40 78 80 96 36 7 21 53 54
76 0
76 11
43 51
43 3
58 64
99 0
74 0
74 9
55 39
34 0
34 53
56 54
31 36
35 92
35 33
35 21
65 38
81 0
81 19
26 86
26 63
62 57
52 57
13 77
97 0
97 41
24 25
30 87
30 44
72 0
59 57
59 15
57 22
1 68
19 4
79 0
70 0
70 5
12 23
12 47
12 28
28 54
92 0
29 20
11 45
77 0
98 0
22 84
90 0
23 85
89 0
42 36
73 0
73 8
44 61
25 38
71 0
83 0
0 32
0 38
0 36
0 68
0 69
0 75
0 78
0 80
0 82
0 84
0 85
0 86
0 87
0 88
0 91
0 94
0 95
0 96
4 50
16 60
18 36
60 51
2 69
2 67
8 48
46 20
38 7
38 64
39 95
6 36
82 20
51 36
40 96