64 12 33 78 89 82 23 85 13 8 74 97 59 65 60 54 42 69 14 46 71 67 52 96 32 57 25 21 30 39 1 45 36 16 61 3 50 73 66 5 72 53 35 37 26 47 80 99 86 38 84 34 7 79 9 24 28 63 6 90 93 2 31 88 27 91 0 77 58 49 87 43 51 81 55 92 11 10 44 41 20 70 62 83 17 4 75 98 76 95 29 94 68 18 19
64 17
12 21
33 94
78 0
78 11
89 0
89 27
82 0
82 17
23 86
23 53
85 0
13 41
8 55
74 0
74 7
97 0
97 37
59 41
65 26
65 60
65 62
54 6
42 55
69 19
69 51
14 21
46 7
46 4
46 52
71 0
71 3
67 38
67 34
96 0
32 93
32 39
57 0
57 21
25 9
21 50
30 91
1 70
1 29
45 24
36 61
36 49
16 26
61 0
3 66
3 47
73 0
73 6
5 28
72 0
35 95
26 88
47 63
80 0
99 0
99 41
86 0
38 98
84 0
84 20
7 31
7 2
79 0
9 76
24 87
28 90
6 68
90 0
93 0
31 58
88 0
27 19
27 44
91 0
0 55
0 70
0 75
0 76
0 77
0 81
0 83
0 87
0 92
0 94
0 95
0 98
77 10
43 51
83 18