18 86 11 66 58 53 12 25 67 30 93 31 88 17 63 8 21 78 42 4 39 24 9 84 76 46 34 47 40 36 62 85 33 14 35 74 56 20 45 28 7 22 43 52 1 98 54 15 44 32 19 26 69 94 37 29 60 6 96 5 87 77 16 91 68 41 10 51 80 72 89 71 92 0 95 99 13 90 81 82 61 49 50 75 57 59 27 97 2
18 61
18 88
86 29
86 67
11 8
11 60
66 98
66 22
58 90
58 76
58 15
58 25
53 75
12 8
12 50
30 74
93 68
31 6
31 39
17 92
63 52
63 14
63 43
8 72
8 81
8 28
8 7
21 0
78 35
42 24
42 34
4 61
24 44
24 62
9 19
9 27
9 87
84 74
46 97
47 7
47 49
40 68
36 16
62 56
85 68
85 13
85 20
33 26
35 59
35 45
35 90
35 99
74 75
74 26
56 69
56 10
28 5
7 94
52 75
52 2
52 16
52 19
52 68
1 2
98 29
98 0
54 92
44 59
44 6
32 72
32 89
19 92
19 72
19 59
19 71
26 29
37 16
37 51
37 97
96 5
77 2
16 80
91 59
68 57
41 72
72 82
92 61
95 99