68 31 74 85 89 19 0 30 66 6 64 22 99 60 50 77 53 37 47 75 8 71 43 86 97 7 73 42 51 35 20 76 32 63 72 11 69 18 4 90 55 52 36 44 83 56 33 96 16 5 95 58 65 49 34 17 41 21 98 54 25 1 2 10 29 13 93 14 92 3 24 28 23 40 59 80 67 57 78 39
68 37
68 14
31 98
31 2
31 64
31 85
31 75
74 16
74 30
74 43
85 20
89 55
89 21
19 83
0 25
30 1
30 28
66 13
6 44
64 13
22 92
22 93
99 24
99 35
60 11
60 25
50 8
77 17
53 83
37 98
37 4
47 7
75 16
75 92
8 51
8 49
71 28
86 20
97 24
97 36
97 54
97 56
97 78
7 24
73 16
73 41
42 59
51 92
35 3
35 44
35 40
76 17
32 2
32 83
63 98
72 80
11 58
11 59
69 14
18 80
4 39
90 34
55 10
52 78
83 80
56 10
33 2
96 54
5 40
95 23
58 98
65 13
34 3
17 78
98 24
1 29
2 23
10 57
14 67