48 85 98 30 35 84 27 43 25 80 19 53 90 2 17 96 21 22 40 6 88 45 82 20 56 58 78 89 77 72 52 28 57 24 12 55 5 1 65 3 87 0 14 11 83 93 67 86 54 46 8 92 66 75 62 61 7 64 23 49 94 9 36 26 73 50 51 4 10 71 44 76 32
48 0
85 0
98 0
30 0
30 40
35 0
84 0
27 0
43 11
25 0
80 0
19 0
53 0
90 0
2 1
17 0
96 0
21 0
22 0
6 0
88 0
45 8
82 0
20 0
56 0
58 0
78 0
89 0
77 0
72 0
52 0
28 0
57 0
24 0
12 0
55 0
5 0
1 0
1 3
1 14
1 46
1 64
65 0
87 0
0 4
0 7
0 8
0 9
0 10
0 11
0 23
0 26
0 32
0 36
0 49
0 50
0 51
0 54
0 61
0 62
0 66
0 67
0 71
0 73
0 75
0 76
0 83
0 86
0 92
0 93
0 94
9 44