62 40 44 34 41 76 71 91 65 32 72 66 63 35 33 42 97 16 0 75 11 67 93 55 28 1 13 68 8 56 20 64 4 53 6 9 19 87 52 89 7 59 3 77 88 23 51 15 2 37 30 27 54 70 46 18 31 83 92 78 48 73 80 5 60 26 21 86 39 10 45 98 74 36 81 47 58 49 82 90 17 50 85 25 61
62 4
62 81
62 28
40 49
40 58
44 97
34 37
41 9
76 58
71 10
91 55
65 54
32 8
72 87
66 63
63 49
63 23
63 78
35 11
33 83
33 25
42 92
97 7
97 74
97 52
97 85
97 9
97 26
16 28
0 74
0 56
75 36
75 82
11 49
11 70
67 37
93 87
93 80
55 3
1 21
13 60
68 64
68 92
68 83
8 23
20 83
64 36
64 17
4 36
53 52
6 74
6 19
87 36
87 77
52 73
52 39
89 92
7 36
7 49
7 90
59 54
59 31
3 48
88 61
51 86
15 17
2 60
37 27
30 98
27 17
54 36
46 60
18 25
92 61
48 73
5 74
60 90
21 36
86 47
10 81
45 50
98 25
74 47
82 50