46 40 82 8 35 56 93 79 38 75 44 0 64 69 33 30 43 4 18 87 16 65 3 2 50 25 84 27 23 63 53 55 94 11 6 26 99 41 68 89 74 90 81 10 52 48 15 57 71 54 42 32 98 59 49 86 7 1 19 66 80 22 51 83 91 61 36 92 77 14 17 5 28 70 29 88 13 12 21 9 72 58 47 31 45 20 39
46 7
46 69
46 88
46 53
40 47
40 5
82 54
8 51
8 50
8 49
35 25
35 94
35 3
56 75
56 10
93 22
79 68
38 4
75 25
75 16
44 48
44 6
0 26
0 27
0 25
64 33
64 81
69 14
33 47
33 2
30 1
43 6
4 39
18 80
87 32
87 20
16 74
65 13
2 32
2 31
25 51
25 84
84 19
27 39
27 57
23 94
63 48
63 12
53 66
55 10
11 59
11 58
6 45
26 48
99 32
41 5
68 47
89 21
90 21
90 77
52 70
52 9
52 80
48 7
48 59
48 92
48 70
15 70
15 71
15 72
54 9
42 5
98 39
86 20
7 1
7 47
1 28
1 29
19 83
66 13
22 92
22 91
61 12
36 28
77 17
88 21