9 55 31 29 10 88 1 89 85 68 56 33 23 65 58 62 72 43 90 64 2 24 21 8 66 53 63 28 80 94 96 78 49 92 45 48 22 52 47 46 27 7 26 50 15 57 61 30 6 40 98 60 13 5 16 84 79 73 19 39 11 42 18 38 20 93 87 34 81 35 70 37 12 95 83 69 75 77 74 71 44 36 41 59 25 67 51 17 82 91 54 14 97 86 32 99 76 3
9 11
9 8
55 56
31 32
29 30
29 28
29 27
10 11
88 87
1 2
89 87
89 90
85 84
68 66
68 69
56 54
56 57
33 35
33 32
23 24
23 22
23 21
65 63
65 66
58 57
62 60
62 63
72 71
72 73
72 74
43 44
90 91
90 92
64 63
2 3
24 26
21 20
8 7
8 6
66 67
53 54
53 52
53 51
80 78
80 81
94 93
96 95
96 97
96 98
78 77
78 79
49 50
92 93
45 47
45 44
48 50
48 47
47 46
27 26
26 25
50 51
15 17
15 14
57 59
61 60
30 32
6 5
40 41
98 99
60 59
13 14
5 3
16 17
84 83
84 86
19 20
39 41
39 38
11 12
42 44
42 41
18 20
18 17
38 37
38 36
93 95
87 86
34 35
81 82
81 83
35 36
70 69
12 14
69 71
75 74
75 76
75 77