2 39 14 82 86 37 13 8 87 93 19 9 77 29 50 22 18 79 7 36 94 53 71 81 84 54 63 52 95 41 28 76 43 62 85 65 99 16 10 90 83 20 5 0 27 31 56 34 11 96 12 98 30 3 46 69 33 72 15 47 58 73 67 61 4 60 25 38 91 92 45 35 64 17 26 66 48 32 51 70 97 24 75
2 32
2 31
2 33
39 46
14 69
82 19
86 73
37 91
37 4
37 28
13 65
8 50
8 51
87 20
93 53
19 84
9 52
9 54
77 72
77 17
29 60
50 48
50 67
22 91
18 79
18 81
79 84
7 47
7 48
7 10
7 46
36 3
36 30
94 33
53 47
71 32
71 15
71 84
63 61
63 41
52 47
95 62
41 5
76 72
76 96
43 66
62 12
85 27
85 20
65 27
99 47
99 24
99 92
16 73
16 75
10 56
90 75
83 26
0 27
0 25
0 26
27 32
27 98
31 66
34 3
11 60
12 61
3 35
69 70
33 35
33 91
72 15
72 58
15 70
47 32
47 60
73 32
67 45
61 48
60 64
38 97
97 24