48 10 96 53 22 23 25 93 16 62 86 79 32 40 92 12 43 30 56 2 64 58 72 15 98 0 83 99 33 73 31 45 70 3 28 11 49 52 26 36 46 8 85 7 57 89 37 50 6 97 59 55 82 27 51 4 42 60 13 91 24 14 67 34 38 54 80 94 47 66 71
48 11
10 82
96 3
96 66
96 14
96 89
53 64
53 38
53 79
22 58
22 30
22 12
22 47
23 12
25 42
93 64
16 85
62 97
86 42
32 85
32 0
40 64
40 33
40 58
40 49
92 4
12 70
12 8
12 73
43 42
43 28
43 55
56 94
2 51
64 51
72 71
15 82
98 46
83 70
99 11
99 59
99 94
33 26
31 28
45 71
70 46
3 7
3 4
3 27
11 7
11 97
11 34
52 4
36 59
36 60
36 57
85 14
7 42
89 13
37 42
50 34
6 42
6 71
6 54
97 51
82 14
51 67
42 91
24 34
34 80