40 17 20 90 7 86 48 70 12 58 59 9 64 74 49 15 79 73 27 65 4 25 47 93 45 3 53 43 77 11 36 52 81 35 94 14 18 19 83 85 16 41 22 76 82 13 34 32 55 72 37 63 51 69 42 6 71 10 1 95 92 78 91 68 2 54 38 5 46 97 66 98 0 28 33 56 67 84 61 87 23 26 24 89 75 29 99 60 62 88 21 44 30 8 39 31 57
40 70
17 47
20 70
20 4
20 29
20 41
20 45
20 69
90 41
90 6
90 62
90 74
7 3
7 43
7 79
7 91
86 36
86 44
48 83
70 31
70 3
70 11
70 54
12 14
58 65
58 57
59 65
59 35
59 34
9 51
64 87
64 26
74 97
49 21
15 16
15 82
15 63
73 2
27 35
27 24
65 36
65 76
65 77
65 89
4 16
4 23
4 56
4 60
25 67
25 66
47 69
47 52
93 0
45 36
45 51
3 18
53 87
81 41
81 83
94 23
94 95
94 98
14 5
18 99
18 87
19 29
85 62
16 55
16 33
16 92
41 72
41 8
41 71
22 51
76 21
76 78
13 31
32 55
72 68
72 2
37 21
69 67
42 33
10 2
10 75
1 5
78 84
91 88
68 39
68 30
68 46
38 67
5 31
0 28
28 21
61 21