5 46 63 92 38 65 19 48 60 76 20 82 83 27 29 43 41 88 87 72 12 22 15 69 13 97 98 37 16 91 18 25 8 10 3 74 55 24 32 35 94 21 36 84 56 9 99 31 59 73 64 40 68 42 96 45 90 77 70 66 71 54 2 0 52 26 79 23 89 78 86 11 28 14 47 58 81 1
5 19
5 31
46 0
63 1
92 3
92 18
38 16
65 2
19 15
19 40
19 56
48 3
48 1
60 23
76 2
20 9
20 41
82 3
83 3
27 1
29 3
29 0
43 22
88 3
88 14
87 3
87 13
72 2
12 1
22 2
22 24
22 21
22 59
15 3
15 37
15 70
69 2
69 11
97 3
97 23
98 3
16 90
16 54
91 3
25 79
8 84
10 23
3 2
3 9
3 64
3 81
3 84
3 86
3 89
3 90
3 94
3 96
3 99
74 2
55 1
32 0
35 0
21 58
21 42
36 0
99 26
73 2
68 2
45 0
77 2
66 2
71 2
2 28
2 47
2 78
2 79
52 1