73 91 95 38 60 28 15 79 3 67 75 1 92 6 16 33 99 13 64 86 25 2 11 12 80 59 89 56 76 42 30 21 63 46 34 90 87 71 40 17 84 5 41 72 82 27 7 26 52 81 20 58 85 50 32 44 9 55 45 77 39 47 35 0 8 70 65 54 22 62 74 83 23 18 29 14 88 78 36 69 94 66 97 43 68 48 51 53 31 37 61 4 98 57 19
73 72
73 74
91 90
91 92
91 94
91 95
91 97
91 98
91 99
38 37
60 81
60 50
60 61
28 25
15 6
79 78
79 80
3 71
3 13
67 66
67 68
75 74
75 76
1 0
1 11
6 0
16 7
33 25
64 63
64 65
86 81
25 50
25 22
25 26
25 27
25 29
25 30
25 31
25 32
25 34
25 35
2 0
2 12
59 50
89 81
56 50
76 77
42 40
21 19
63 62
46 45
90 81
87 81
71 57
71 44
71 0
71 5
71 72
40 44
40 39
40 41
40 43
17 9
84 81
82 81
7 0
26 36
52 50
81 83
81 85
81 88
20 19
58 50
50 51
50 53
50 54
50 55
50 57
44 45
9 0
45 47
45 48
77 78
0 4
0 8
0 18
70 69
65 66
22 23
62 61
18 19
14 4
36 37
69 68