58 63 87 59 26 89 75 48 28 32 20 1 4 43 31 54 91 0 70 23 65 46 95 62 99 22 80 88 55 3 30 85 21 84 35 73 74 72 44 39 82 10 49 67 93 77 60 25 8 41 90 24 68 29 57 52 51 27 61 53 94 71 66 96 81 16 7 34 45 78 13 40 36 12 56 50 6 19 15 14 79 83 92 86 18 38 97 47 17 69 5
58 83
63 12
87 68
87 70
87 20
87 75
87 83
59 75
26 0
26 44
89 68
89 21
89 48
89 55
89 62
75 16
48 7
48 79
28 47
28 1
28 31
32 88
20 85
20 86
4 39
43 34
43 6
54 84
91 22
0 27
70 15
70 93
23 95
23 94
23 96
65 88
65 13
46 7
95 83
62 12
99 67
99 24
22 92
80 18
88 21
88 50
55 10
3 35
3 36
3 34
30 94
84 19
35 68
35 40
73 16
73 29
74 16
72 15
72 39
82 19
10 57
10 56
49 8
67 14
67 90
77 69
77 17
60 56
25 36
8 50
8 51
41 40
24 97
68 14
52 86
27 34
61 12
53 94
71 15
66 13
81 18
7 47
45 97
45 38
78 17
40 5
19 83
14 69
79 18
92 69