27 3 90 76 41 82 24 15 61 1 31 57 51 70 19 81 18 35 56 34 65 62 84 21 96 2 20 7 69 75 67 38 55 43 78 22 94 95 50 77 37 97 4 87 25 26 23 74 92 59 48 89 79 93 86 30 49 45 83 14 72 6 8 28 40 10 17 42 88 60 16 5 71 36 11 99 80 52 68 47 44 0 98 91
27 42
27 0
3 36
3 34
3 35
90 21
90 40
76 17
76 48
41 5
41 61
82 19
82 59
24 97
24 99
24 98
15 19
1 28
31 40
31 2
57 88
51 30
51 8
51 71
70 30
70 68
19 84
19 83
81 83
18 80
18 79
56 88
56 10
65 30
62 48
84 94
84 44
21 88
21 89
96 23
96 52
20 86
7 47
69 14
75 59
75 86
75 16
67 89
38 95
38 4
38 50
55 10
43 6
78 17
78 25
22 91
22 93
22 92
94 23
94 36
94 77
94 88
95 23
95 28
95 80
77 17
77 97
37 4
97 42
87 25
26 45
74 98
59 11
30 88
49 8
49 72
45 6
14 17
6 44
42 5
60 11
99 91
47 44