5 46 3 61 15 57 8 31 35 54 0 20 60 12 49 13 7 14 16 55 34 68 22 30 2 36 10 69 9 33 29 38 45 19 40 26 52 51 48 25 62 18 6 56 41 28 47 21 37 24 58 39 66 1 32 50 65 42 44 59 17 67 27 4 23 11 43 53
5 4
5 6
46 15
3 4
3 2
61 60
61 62
15 14
15 16
15 45
15 47
15 48
15 49
15 50
57 56
57 58
8 7
8 9
31 32
35 36
35 34
54 53
54 55
0 1
0 69
20 19
20 21
60 59
12 11
12 13
13 14
7 6
16 17
55 56
34 33
68 69
68 67
22 21
22 23
30 29
2 1
36 37
10 9
10 11
33 32
29 28
38 39
38 37
45 44
19 18
40 41
40 39
26 25
26 27
52 51
52 53
51 50
25 24
18 17
41 42
28 27
24 23
58 59
66 67
66 65
42 43
44 43