45 42 32 46 67 57 49 44 6 20 4 53 58 52 3 89 41 60 34 90 51 2 40 59 55 63 16 56 87 37 7 61 9 47 92 83 78 71 80 79 68 62 91 66 26 65 94 73 15 48 0 43 36 12 81 1 64 99 86 74 70 23 35 10 39 8 93 30 77 38 82 69 88 72 19
45 0
45 1
42 71
32 12
46 0
46 3
67 0
57 0
49 0
49 9
44 73
6 78
20 0
20 16
4 19
53 0
58 0
52 0
89 1
41 70
60 0
34 63
90 1
51 0
2 23
40 1
40 23
40 36
59 0
55 0
63 0
56 0
87 1
87 19
37 0
37 7
7 26
61 0
61 30
47 0
92 1
83 1
78 1
71 0
80 1
79 1
68 0
68 39
62 0
91 1
66 0
65 0
94 1
73 0
15 23
48 0
48 8
0 38
0 64
0 69
0 70
0 72
43 72
12 23
81 1
1 74
1 77
1 82
1 86
1 88
1 93
1 99
64 35
10 30