52 12 69 46 43 39 94 6 11 8 85 74 1 44 53 16 18 10 93 54 59 49 45 78 7 51 58 81 73 27 34 84 71 47 4 13 89 67 55 29 62 22 41 75 86 80 92 64 3 87 72 0 23 42 61 19 33 2 65 30 28 25 20 15 70 24 5 32 40 56 38 21 9 35 79 31 14
52 11
12 11
69 33
69 42
46 73
46 45
46 47
43 42
39 40
39 38
94 54
6 5
6 64
11 34
11 18
11 44
11 10
8 30
8 7
85 84
85 25
74 21
74 5
74 73
74 75
1 5
1 0
1 2
53 54
53 16
93 71
93 92
54 75
54 4
54 55
59 30
59 58
49 4
78 5
78 79
51 3
81 9
81 80
73 28
73 84
27 28
34 33
34 35
71 70
71 15
47 86
4 61
4 3
13 14
89 23
67 14
29 30
62 35
22 21
22 70
22 23
41 42
87 56
72 31
23 24
42 14
42 40
19 70
33 21
33 32
2 65
30 32
20 21
20 56
70 31
32 9