45 11 17 64 0 33 69 41 6 93 34 76 22 38 63 31 56 61 7 14 54 18 29 21 89 65 53 19 51 1 94 9 13 48 44 26 71 74 52 55 84 58 80 5 85 39 82 78 27 23 99 96 8 60 2 3 46 35 30 87 83 95 79 42 28 77 73 59 12 4 72 49 62 91 98 88 92 50 47 25 57 32 66 10 68 70 24
45 55
11 24
17 46
17 74
64 4
64 80
64 53
64 70
0 85
0 18
33 52
69 6
41 73
6 82
6 98
6 23
6 21
6 48
6 72
93 4
34 92
76 42
22 14
22 92
22 3
22 12
38 68
38 62
63 98
63 47
31 19
56 46
61 24
7 42
14 82
14 5
14 8
14 99
54 5
54 26
18 2
18 71
29 65
29 78
21 1
89 5
89 42
89 49
65 59
19 3
19 4
19 66
51 4
51 50
1 39
94 98
9 47
9 25
13 23
44 62
52 3
52 68
55 32
84 82
58 23
80 60
5 35
5 10
85 24
82 59
82 73
82 32
27 4
99 96
46 32
46 87
30 79
87 57
83 92
95 10
79 98
79 77
42 91
28 49
73 24
88 92