58 35 23 17 19 91 97 52 2 90 21 49 8 56 63 57 83 89 96 66 70 65 29 84 33 28 4 85 80 7 45 93 34 64 67 31 24 51 88 44 43 41 94 13 71 32 75 37 54 46 18 53 95 6 62 81 76 12 48 14 92 0 77 10 30 9 25 5 36 40 68 59 74 61 72 87 82 78 99 98 42 86 20 16
58 2
58 28
35 8
23 94
23 7
23 56
17 88
19 90
19 12
91 0
97 0
52 21
2 75
2 24
90 0
21 92
49 71
8 80
8 48
8 66
8 62
63 53
57 0
57 31
83 0
89 0
96 0
96 25
70 13
70 71
65 54
29 98
84 0
84 13
33 44
4 77
4 36
4 61
4 45
85 0
85 14
80 0
45 54
93 0
34 13
34 67
64 40
67 53
31 18
31 40
51 16
88 0
44 61
43 40
41 16
94 0
13 32
71 6
71 68
32 59
75 0
37 16
37 30
46 9
95 0
81 0
81 9
76 0
12 72
92 0
0 74
0 77
0 78
0 82
0 86
0 87
0 98
0 99
10 82
10 42
5 72
40 20
87 16