84 74 47 17 86 30 43 75 64 32 66 22 97 96 81 71 10 20 57 28 61 1 7 88 40 36 3 60 53 49 56 34 63 48 13 29 42 95 21 50 6 11 68 51 24 59 26 58 92 93 87 76 25 23 98 70 45 15 9 14 16 8 41 38 18 94 90 77 12 83 19 0 85 5 39 80 27 82 91 65 79 2 67 73 69 54 72 31 35 4 55 33
84 58
84 47
84 50
74 40
47 13
17 43
17 54
86 43
30 73
43 6
43 77
75 32
75 41
75 38
64 38
64 21
64 27
64 98
32 6
32 66
66 29
66 92
22 65
22 56
97 63
96 59
96 53
81 55
71 34
10 53
20 54
20 63
57 23
57 83
28 54
61 24
1 35
7 33
88 54
40 83
40 3
36 2
36 79
36 73
60 34
60 23
53 90
53 87
49 6
34 77
34 0
34 8
34 68
63 26
48 14
48 5
42 5
42 16
95 58
50 93
11 54
11 45
68 25
51 25
51 94
51 14
51 85
24 58
24 67
59 25
26 69
58 15
92 55
76 39
76 33
70 33
45 2
45 19
45 82
15 41
9 35
41 4
18 55
12 55
39 65
80 54
91 54
91 65
65 31
69 35
72 35