53 88 0 52 26 69 3 68 28 67 11 9 24 17 20 46 33 71 90 19 50 44 13 87 15 39 72 38 37 60 8 43 62 64 59 7 83 79 4 51 96 14 6 48 82 95 77 10 58 18 61 16 94 32 89 5 66 31 23 75 86 81 57 41 73 12 91 21 35 54 27 56 42 80 45 92 85 25 97 65 30 84 49 70 34 76 22 98 36 40 29
53 31
88 21
0 80
0 32
52 65
52 85
26 97
69 10
69 23
3 58
3 28
3 97
3 8
68 14
68 50
68 70
28 92
67 33
67 13
67 73
11 7
9 37
24 79
17 83
17 40
20 8
46 23
46 15
33 42
33 81
71 65
71 89
90 72
19 7
50 34
44 82
13 48
13 95
87 23
87 75
39 42
72 42
38 77
37 86
37 21
37 31
37 7
37 83
60 59
8 79
8 5
43 14
62 35
64 22
64 98
59 42
4 41
51 12
51 29
51 66
96 42
96 6
14 61
14 84
82 80
82 54
77 92
10 58
10 61
10 12
10 25
58 80
58 42
58 18
61 22
16 54
16 36
94 80
94 86
94 27
31 76
86 57
41 21
12 30
91 29
35 49
27 65
56 36
42 45
97 49