60 83 51 39 2 13 58 77 59 54 80 97 71 26 16 73 20 82 67 76 18 49 52 37 6 38 61 27 66 75 43 85 46 87 93 81 31 70 14 63 74 29 94 1 10 42 79 50 95 69 30 62 64 33 19 36 12 47 28 96 8 84 78
60 63
83 75
51 14
39 82
2 75
13 82
58 94
77 82
59 94
54 94
80 94
97 94
97 49
71 63
26 64
16 36
73 82
73 38
73 1
20 95
82 27
82 46
82 76
82 79
82 36
82 78
82 85
67 94
18 70
52 94
52 8
37 14
6 63
61 84
27 10
27 14
27 31
27 70
27 63
27 75
27 94
27 64
66 64
75 74
75 81
75 62
43 94
85 42
87 31
93 64
63 33
63 30
63 96
63 84
29 36
94 95
94 12
50 96
95 19
69 64
36 47
28 84