40 18 44 87 36 8 19 32 55 70 14 77 27 51 49 22 64 78 16 91 46 94 1 26 93 57 41 5 50 58 6 28 83 4 72 45 23 80 33 7 88 11 99 29 39 62 85 0 56 90 81 34 79 13 24 31 92 68 17 53 54 43 74 84 30 98 52 42 25 89 60 71 61 82 96 86 95
40 61
40 41
18 96
44 94
87 86
87 99
87 84
87 88
87 5
87 13
87 51
36 39
8 7
19 79
32 94
32 33
55 91
70 95
14 13
77 98
77 43
27 96
27 26
51 0
51 50
51 52
49 23
22 72
64 95
78 82
16 86
16 17
91 90
91 39
46 62
94 95
94 53
94 57
94 93
1 61
93 83
93 68
5 6
5 4
50 28
58 53
6 7
28 29
72 95
72 71
45 92
23 24
80 24
33 34
11 24
99 42
99 89
99 90
99 56
99 79
62 92
85 86
85 74
81 86
81 24
31 89
31 30
92 95
92 82
54 95
98 95
42 96
25 95
60 95
61 95
86 95