1 43 22 16 3 92 47 69 73 41 91 66 59 17 56 94 61 67 53 90 0 23 26 28 20 46 29 64 50 40 18 93 89 87 48 58 65 6 2 19 37 4 52 63 86 31 13 32 70 15 62 7 60 33 96 88 27 9 36 38 25 75 57 49 10 85 11 45 76 72 51 35 84 71 74 99 98 68 82 81 44 78 42 34 8 12 21 77 95
1 0
1 2
1 31
43 42
22 21
22 23
16 17
16 15
3 0
3 4
92 10
92 91
92 93
47 46
47 48
69 70
69 68
73 72
73 74
41 40
41 42
41 82
91 90
66 65
59 60
59 58
17 18
56 57
94 93
94 95
61 62
61 60
61 72
67 68
67 77
53 52
90 89
90 50
90 45
0 8
23 18
26 71
26 25
26 27
28 27
28 29
20 60
20 19
20 21
46 45
64 63
64 65
64 6
50 49
40 10
87 88
58 57
6 7
37 36
37 38
4 88
52 51
63 62
86 85
13 12
32 33
32 84
70 71
7 8
60 34
33 72
96 95
9 8
9 10
36 35
75 74
10 11
85 84
11 12
45 44
76 77
72 71
72 99
51 42
35 34
99 98
82 81
78 77