7 80 33 13 0 29 68 15 91 62 19 1 41 14 18 93 73 2 77 82 36 85 83 25 92 59 28 60 98 32 64 86 37 65 12 63 96 30 16 6 71 53 49 34 21 43 70 61 22 8 26 38 74 47 52 39 67 31 24 79 17 4 56 55 5 9 72 76 3 94 95 20 89 35 42 40 23 11
7 4
7 47
80 23
33 0
13 4
13 59
13 60
0 31
0 34
29 4
29 91
29 92
68 17
15 4
15 63
15 64
62 14
19 4
19 71
19 72
1 4
1 35
1 36
41 4
14 4
14 61
18 4
18 70
93 95
73 20
2 4
2 37
2 38
77 22
77 79
82 24
85 26
83 25
25 4
28 4
28 89
98 32
32 4
86 26
65 16
12 4
96 31
96 94
30 4
16 4
6 4
53 55
49 8
21 4
21 76
43 5
22 4
8 4
26 4
74 20
52 9
39 3
67 17
31 4
31 95
24 4
17 4
4 3
4 5
4 9
4 11
4 20
4 23
4 42
56 11
55 11
3 40