66 13 54 68 61 30 95 85 8 17 98 65 11 97 26 32 40 35 16 43 1 7 0 49 22 87 82 21 19 25 84 15 4 81 63 24 10 29 71 14 75 59 53 41 76 34 79 36 74 62 77 31 44 6 23 20 9 69 5 46 47 51 2 78 94 33 3 80 88 27 28
66 23
13 97
54 11
68 21
61 41
61 71
30 88
95 24
85 69
8 41
8 51
8 32
8 88
8 29
17 47
17 21
17 98
98 2
65 0
11 44
97 5
26 87
32 6
40 49
40 34
35 14
35 20
35 5
16 47
16 3
43 51
43 59
1 31
7 82
0 88
49 28
22 24
22 33
87 6
82 80
19 41
25 53
84 24
15 62
4 20
81 44
81 14
63 14
63 74
24 46
10 59
14 28
14 46
14 53
14 80
75 23
53 79
41 44
41 31
76 20
79 36
62 80
62 27
62 78
77 28
31 69
23 88
9 47
46 47
47 94