89 5 78 7 85 48 30 41 67 24 10 17 45 2 82 31 64 98 69 11 80 54 68 51 28 32 9 66 60 99 77 35 61 26 91 38 43 27 70 1 72 93 65 20 34 71 18 21 84 14 63 79 83 53 49 3 90 92 73 59 40 81 58 55 74 37 23 8 76 13 52 36 47 29 96 0 97 75
89 7
5 51
78 0
78 41
7 52
7 34
85 1
48 35
30 71
67 0
67 26
24 14
10 54
10 92
17 14
17 31
17 97
45 13
45 82
2 49
2 84
82 0
64 0
64 21
98 18
69 0
69 28
11 55
11 47
11 93
80 0
54 0
68 0
68 27
51 0
32 72
9 43
9 91
66 0
60 0
99 20
77 0
77 40
35 74
35 20
35 43
61 0
26 3
38 8
70 0
70 29
1 96
72 0
65 0
65 23
71 0
18 14
14 37
14 96
63 0
79 0
83 0
53 0
53 8
49 0
90 8
73 0
59 0
81 0
58 0
55 0
74 0
37 0
76 0
52 0
36 75
0 75