51 52 59 55 63 18 44 87 95 79 22 40 6 34 19 17 62 46 91 73 93 4 92 90 3 1 16 31 56 24 78 37 89 23 57 66 80 88 26 76 69 5 48 33 27 11 36 83 97 42 21 68 39 84 10 29 74 7 30 8 85 71 12 53 70 50 32 82 98 9 28 54 14 64 75 2 58 67 20 47 35 99 65 94 49 13
51 69
51 26
51 91
52 3
52 23
59 21
55 66
55 87
63 98
18 3
44 7
95 50
95 9
95 32
79 17
22 48
22 40
6 20
6 66
6 33
6 74
6 69
6 7
6 73
34 1
34 71
19 74
17 65
17 28
62 24
62 27
62 47
46 33
91 31
73 64
73 82
93 76
4 69
92 21
92 83
90 2
3 7
3 8
3 37
1 66
1 24
1 54
1 84
1 10
16 10
16 11
56 54
56 14
24 65
78 50
89 74
57 33
57 85
66 50
80 33
80 97
88 33
26 30
26 21
76 54
76 49
69 53
5 84
5 29
48 36
36 54
36 75
42 94
68 7
68 13
39 29
84 67
85 70
12 64
82 98
75 58
2 65
20 99
35 13
65 94