97 34 16 61 66 3 17 60 86 90 44 10 37 77 99 9 35 2 23 20 5 62 65 28 98 48 31 92 53 68 82 11 85 19 67 18 21 71 6 63 15 59 38 51 69 0 29 57 75 89 73 4 54 47 74 27 25 13 78 52 12 46 70 81 33 42 1 83 41 72 91 64 32 40 14
97 9
34 11
16 5
61 18
66 0
66 68
3 0
3 13
3 59
3 48
3 53
3 64
3 75
17 0
17 1
17 78
60 14
86 70
90 69
44 27
10 1
10 71
37 27
37 46
37 91
37 92
37 81
77 14
77 57
77 73
99 14
99 65
9 69
9 47
35 27
2 15
23 0
20 1
20 21
20 12
5 1
5 14
5 19
5 41
5 51
62 27
28 0
28 6
28 83
28 38
98 72
98 27
48 85
31 12
82 59
82 18
11 15
19 67
21 4
21 74
63 14
15 1
15 25
69 1
69 70
0 72
29 12
89 1
54 41
27 40
52 1
12 33
42 1
32 14