91 35 71 30 36 83 19 64 57 53 82 13 0 45 8 95 59 2 32 42 54 94 63 28 18 27 6 61 58 84 40 74 15 81 70 85 52 75 88 78 21 73 48 86 16 99 87 43 67 62 55 76 9 68 3 14 89 93 17 37 96 72 98 33 69 41 50 4 51 77 22 24 29 10 7 5 49 66 79 65 38 80 34 90
91 7
91 0
91 17
91 36
91 73
35 14
71 24
30 78
36 13
36 69
83 45
19 78
64 72
57 70
57 48
57 74
57 15
57 10
57 77
53 84
53 55
82 89
13 33
0 14
0 72
0 85
45 74
8 72
95 63
59 2
2 61
32 69
42 48
54 37
54 61
54 80
94 52
94 70
63 37
63 21
28 78
18 34
27 6
27 89
6 37
6 81
61 93
58 10
84 7
40 69
40 9
40 51
74 67
74 24
74 86
85 50
85 90
52 7
52 37
52 49
52 75
52 88
88 16
88 66
78 37
78 79
16 4
99 41
87 90
43 72
67 98
62 77
76 77
68 79
3 72
89 29
93 38
37 34
37 22
96 4
41 77
5 80
65 80