9 83 29 22 81 36 76 52 17 63 34 14 25 2 45 48 15 55 46 20 61 50 8 79 57 62 16 39 28 73 93 3 35 30 92 13 59 64 51 82 87 71 69 4 5 67 1 38 49 66 37 41 19 68 24 89 80 10 78 91 6 60 43 18 88 65 72 23 70 90 74 47 84 0 26 86 42 44 58 21 27 77 95 75 31 32 7 33 54 53 11
9 8
83 74
83 82
29 26
29 43
29 44
22 21
81 82
36 11
36 37
76 78
52 38
17 18
17 16
63 59
63 64
34 27
14 13
14 39
25 24
25 13
2 3
2 1
45 42
48 39
48 49
15 16
55 58
55 54
46 35
20 4
61 60
50 49
50 51
8 5
79 78
79 95
79 80
57 58
62 60
62 70
39 47
28 26
73 84
73 72
93 51
3 4
3 59
35 38
30 31
92 95
92 91
13 10
13 11
64 69
87 89
71 70
69 75
4 5
4 21
5 6
5 7
5 60
67 72
67 66
67 65
67 74
1 0
38 11
66 68
41 42
19 18
19 32
24 23
89 84
80 77
78 72
43 42
18 23
18 26
88 75
88 90
23 21
84 75
84 86
26 27
58 7
27 31
32 33
54 53