24 19 27 92 88 7 2 85 22 25 94 12 90 17 1 78 87 10 37 76 44 32 83 95 29 91 15 13 20 23 9 65 79 45 98 82 0 28 30 68 63 47 6 75 71 96 55 89 60 18 73 5 72 86 31 4 52 50 41 61 16 36 21 80 54 84 38 33 8 14 42 64 39 53
24 29
24 82
19 29
19 71
19 72
27 29
27 87
27 88
92 29
88 86
7 29
7 47
2 29
2 37
2 38
85 87
22 29
22 78
25 15
25 83
25 84
94 30
12 29
90 28
17 29
17 68
1 29
1 36
10 29
10 53
10 54
37 39
76 21
44 5
32 29
32 98
95 31
29 0
29 4
29 5
29 6
29 8
29 9
29 13
29 14
29 15
29 16
29 18
29 20
29 21
29 23
29 28
29 30
29 31
29 91
91 89
15 63
15 64
13 60
20 73
23 79
23 80
9 52
65 16
45 6
0 33
75 21
96 31
55 53
4 41
4 42
50 8
61 14