44 6 13 40 51 72 94 63 26 17 4 95 59 91 62 31 14 43 33 73 78 77 96 98 22 28 56 69 39 30 70 10 99 37 48 80 9 83 15 53 16 97 1 61 84 68 0 45 18 38 82 88 3 93 7 90 67 29 66 65 5 25 19 74 21 54 8 60 23 27 87 11 42 32 79 12 92 41 55 58 52 86 46 50 36 64 35 24 20 85 57 81 47
44 40
44 54
44 57
44 81
44 96
6 24
6 4
6 8
6 7
6 9
6 10
6 22
13 14
40 33
51 38
72 65
72 79
94 78
63 60
63 1
63 67
26 23
26 30
17 14
17 18
17 36
4 3
95 55
59 43
91 65
62 28
31 3
14 77
14 15
43 20
43 52
33 78
33 25
33 41
33 58
33 90
33 99
73 53
78 66
78 97
77 84
77 86
98 65
28 27
56 52
56 69
56 74
39 54
39 82
70 68
37 48
48 23
48 65
80 66
83 64
15 29
15 32
15 88
53 47
16 18
16 47
16 12
16 5
16 61
61 35
84 66
84 85
84 92
68 64
0 3
45 25
45 50
18 19
38 8
3 21
93 46
25 23
25 64
19 20
60 46
23 46
27 24
87 36
11 12
42 41
55 36
24 85