87 57 67 34 90 72 82 21 42 98 88 27 41 17 20 32 85 64 77 55 5 6 56 96 74 16 78 49 36 9 65 33 29 39 92 46 2 45 66 91 62 52 53 12 13 35 19 8 71 15 76 31 38 10 97 81 3 94 23 40 70 68 75 47 7 26 54 11 48 22 1 25 44 89 73 18 63 30 61 51 14 37 99 60 0 95 24 79 4 69 93 84 28 86 83 80 43 50
87 86
87 88
57 56
67 68
67 66
34 33
34 35
90 89
90 91
72 73
72 71
82 83
82 81
21 20
21 22
42 41
42 43
98 97
98 99
88 89
27 26
27 28
41 40
17 16
17 18
20 19
32 31
32 33
85 86
85 84
64 65
64 63
77 78
77 76
55 54
55 56
5 4
5 6
6 7
96 95
96 97
74 75
74 73
16 15
78 79
49 48
49 50
36 35
36 37
9 8
9 10
65 66
29 28
29 30
39 38
39 40
92 91
92 93
46 45
46 47
2 1
2 3
45 44
62 63
62 61
52 51
52 53
53 54
12 11
12 13
13 14
19 18
8 7
71 70
15 14
76 75
31 30
38 37
10 11
81 80
3 4
94 93
94 95
23 22
23 24
70 69
68 69
47 48
26 25
1 99
1 0
25 24
44 43
61 60
51 50
79 80
84 83