65 58 3 37 46 35 26 32 5 69 29 56 68 48 1 24 19 87 88 80 43 97 79 53 33 99 47 49 59 15 7 78 64 12 60 94 71 73 81 45 10 91 13 30 55 52 93 31 75 72 11 8 85 23 66 28 54 14 17 9 96 0 22 84 39 67 51 4 61 74 90 18 21 34 92 62 16 82 77 98 42 50 63 83 2 25
65 13
65 26
58 11
58 30
58 75
3 35
3 34
37 4
46 74
35 49
32 97
5 42
69 66
29 1
56 52
56 10
68 59
68 14
68 39
48 7
1 30
1 28
24 99
24 97
19 83
19 82
87 25
88 21
80 84
80 18
43 96
79 62
53 9
53 42
33 52
33 2
99 60
99 83
99 84
99 90
99 98
47 59
47 7
49 8
59 11
59 52
59 66
15 72
15 71
78 84
64 13
12 62
12 61
60 11
94 23
71 77
73 16
81 67
45 92
10 55
91 39
13 66
52 9
52 63
93 22
31 2
75 72
75 16
72 96
8 50
8 51
85 67
23 96
66 50
54 9
14 67
17 77
0 25
22 92
39 4
74 16
74 25
74 92
90 21
90 62