35 50 15 44 92 19 23 91 97 2 73 72 6 84 55 76 65 10 66 42 33 99 89 38 52 18 13 21 5 64 74 34 94 80 41 54 16 4 83 32 45 31 22 25 39 17 56 90 7 58 60 37 69 86 29 0 62 36 67 61 28 79 46 9 3 27 8 59 11 68 88 24 48 70 1 93 81 49 98 71 85 40 57 12 82 75 20
35 3
35 57
35 60
50 8
15 72
15 71
15 70
44 39
44 6
92 90
92 22
92 45
19 84
19 82
19 83
23 94
91 22
97 85
2 32
2 31
2 33
73 16
73 69
72 89
72 39
72 46
84 90
55 10
76 70
76 17
65 13
65 59
10 57
10 56
66 13
66 40
42 5
99 24
89 21
89 32
89 34
89 64
38 64
38 4
52 34
52 9
52 94
18 81
18 80
18 79
13 64
21 24
21 88
21 90
5 40
5 41
74 88
74 27
74 16
34 3
94 93
54 9
16 75
4 37
32 28
32 81
45 62
31 49
25 0
7 46
7 48
58 11
86 20
29 1
29 68
0 27
62 12
36 3
67 82
67 61
28 1
8 49
59 11
24 98
85 57
85 20