69 54 0 5 98 6 48 78 31 46 1 63 23 34 66 55 4 13 8 29 81 70 76 80 58 85 93 82 42 71 9 95 67 10 36 61 75 17 65 35 3 44 40 56 7 33 77 57 50 53 92 26 72 43 68 49 83 21 37 24 27 73 79 45 28 60 16 20 32 30 90 59 22 14 19 99 87 84 51 15 91 41 94 2 39 12 38 52 97 89 88 62
69 4
54 34
0 45
0 42
0 30
0 80
5 21
5 68
98 1
6 37
6 14
48 7
78 40
31 94
46 49
46 93
1 94
63 45
23 68
23 4
34 24
66 35
55 95
55 39
55 71
13 33
8 53
29 84
81 2
70 7
70 45
70 90
76 82
58 33
85 7
82 2
42 27
71 88
9 68
95 7
95 36
67 94
67 10
67 75
36 24
36 52
61 7
61 37
17 68
65 2
65 20
65 49
65 19
65 28
35 7
35 2
35 94
35 3
44 19
40 89
40 38
56 15
7 33
33 26
33 32
77 39
77 41
77 57
50 73
53 26
53 12
92 32
26 59
26 21
72 94
43 22
43 97
68 91
83 89
73 45
79 62
28 87
60 94
60 99
16 94
20 22
22 15
84 39
51 2
39 89
88 62