91 53 27 55 46 36 30 24 63 84 32 31 58 44 73 42 88 51 76 92 80 66 74 34 93 1 10 5 71 67 39 48 79 94 98 4 49 64 26 14 65 77 62 8 17 3 2 23 35 16 81 82 61 60 97 57 21 22 70 47 43 89 85 33 50 86 28 75 56 45 87 83 0 99 7 68 11 37 9 69 90 18 38 95 54 6 13 20 29 12
91 73
53 0
53 3
53 66
27 21
55 42
55 56
46 17
46 22
36 2
36 60
36 83
30 37
30 21
24 76
63 37
84 6
32 6
31 82
58 92
44 0
44 68
44 95
73 38
42 26
42 57
88 11
88 86
51 87
51 10
76 61
76 9
92 3
80 60
80 14
66 74
34 97
34 7
34 65
93 99
93 39
1 83
10 8
10 89
5 83
5 18
71 95
71 69
67 8
67 28
67 38
48 7
79 81
79 64
94 21
98 0
4 8
4 45
49 56
49 17
64 62
64 6
26 62
77 89
77 47
3 37
2 68
2 61
23 12
23 33
35 81
16 18
16 90
81 89
82 45
60 20
97 87
70 28
43 12
43 75
85 20
33 50
33 54
86 99
87 11
68 11
69 29
69 12
95 13