7 65 61 73 44 91 42 1 39 31 59 27 84 71 29 94 60 8 22 89 37 24 41 70 62 0 85 66 67 47 75 83 77 10 32 80 63 15 54 25 68 79 90 12 2 5 97 40 26 99 9 92 96 23 69 33 86 95 14 51 53 50 38 36 64 45 6 93 17 19 58 43 52 21 55 3 82 30 87 46 11 13 4 88 74 81 76 57 34 98 16 78 48 35 20 49
7 49
65 23
61 16
73 74
44 67
91 82
42 29
42 45
1 87
1 33
1 40
39 37
39 31
31 55
59 77
27 83
27 21
84 47
71 17
71 46
29 23
29 99
94 86
60 75
8 85
22 82
22 64
22 78
89 77
89 98
37 36
37 35
24 90
41 45
70 68
70 49
70 0
62 17
0 54
0 58
85 77
66 96
67 49
47 40
75 78
83 52
77 64
10 11
32 87
80 92
63 64
15 14
54 23
25 79
68 2
79 9
79 76
90 36
12 69
2 64
5 82
97 19
40 4
40 6
26 74
26 43
9 23
9 14
92 58
96 82
69 21
86 46
95 57
95 38
14 51
53 16
50 55
50 88
36 20
36 16
64 17
93 57
19 81
58 11
58 20
58 34
52 20
55 3
55 48
30 4
87 46
11 74
13 78
13 57
81 48