61 92 54 50 8 96 9 38 60 89 39 77 71 25 79 30 83 4 90 35 41 57 2 97 22 17 80 28 12 99 32 15 42 6 49 10 5 72 86 74 19 78 29 88 73 26 64 66 63 3 45 93 21 56 33 95 81 46 20 70 68 34 13 98 87 67 75 11 27 18 48 23 7 69 16 58 51 43 62 44 94 59 24 76 85 31 82
61 93
92 79
54 96
54 24
54 26
50 28
8 64
8 93
8 62
96 83
96 42
96 72
96 46
96 86
96 69
9 81
38 39
60 34
89 43
89 77
89 44
89 21
89 23
39 64
71 15
25 20
25 98
79 83
79 59
79 85
79 95
30 29
83 81
83 10
4 12
90 27
35 10
41 74
57 82
2 74
97 24
97 22
22 76
17 21
80 70
80 58
28 74
12 32
99 33
32 70
32 6
15 64
15 3
49 43
49 20
49 45
5 74
72 56
72 7
86 16
74 78
19 94
78 81
78 70
29 27
29 31
29 66
88 67
73 63
64 81
64 27
63 81
45 13
33 44
81 75
81 94
70 48
68 76
34 75
87 27
67 82
75 82
11 82
18 76
51 43
43 94