38 59 49 48 62 67 22 32 37 31 9 76 46 26 88 25 3 90 97 60 21 86 4 36 50 41 61 33 75 83 40 42 39 11 13 44 19 30 81 94 52 87 24 45 56 63 16 17 14 53 65 18 66 82 5 54 0 74 69 89 51 57 93 34 23 29 92 85 80 84 95 78 8 91 58 27 28 70 64 15 20 7 35 72 71 79 47 43 2 10 96 55 6 1
38 37
38 39
38 84
59 56
49 56
48 56
62 61
62 63
67 66
22 23
22 21
32 33
32 31
37 36
37 85
31 30
9 8
9 10
76 72
46 56
26 27
26 25
88 84
25 24
25 75
3 2
3 4
90 40
90 91
97 95
60 61
60 35
21 20
86 83
4 5
36 35
50 56
41 40
41 42
61 80
33 34
75 74
83 39
40 39
42 43
11 10
13 14
44 43
19 20
19 18
30 29
81 70
81 82
94 92
94 93
94 95
52 56
87 84
24 23
45 0
56 89
56 57
56 47
56 51
56 53
56 54
56 55
56 58
63 64
16 17
16 15
17 18
14 15
65 64
65 66
82 92
5 6
0 91
0 1
69 64
69 70
89 85
34 35
29 28
80 79
95 96
78 79
8 7
27 28
70 71
7 6
72 71
2 1