78 4 66 70 72 90 89 32 81 14 40 43 98 96 56 95 5 10 55 74 59 54 23 3 63 65 60 82 99 38 6 19 1 34 79 64 33 53 44 39 11 71 20 15 29 88 61 58 7 67 46 84 94 36 12 86 97 13 37 92 25 41 48 35 16 57 51 30 18 9 8 83 85 50 69 77 26 73 2 75 87 0 31 28 27 91 62 24 68 93 45 80 76 42 22 21 17
78 76
78 80
4 2
4 6
66 68
66 64
70 72
70 68
72 74
90 88
90 92
89 91
89 87
32 30
32 34
81 83
81 79
14 12
14 16
40 38
40 42
43 41
43 45
98 96
98 0
96 94
56 58
56 54
95 97
95 93
5 3
5 7
10 8
10 12
55 57
55 53
74 76
59 61
59 57
23 21
23 25
3 1
63 65
63 61
65 67
60 62
60 58
82 80
82 84
99 1
99 97
38 36
6 8
19 17
19 21
1 0
34 36
79 77
64 62
33 31
33 35
53 51
44 42
44 46
39 37
39 41
11 9
11 13
71 73
71 69
20 18
20 22
15 13
15 17
29 27
29 31
88 86
7 9
67 69
46 48
84 86
94 92
37 35
25 27
48 50
16 18
30 28
83 85
85 87
77 75
26 24
26 28
73 75
2 0
91 93
24 22