16 98 21 72 36 27 0 42 17 43 39 76 33 24 20 30 5 89 26 67 88 18 44 96 80 91 53 35 94 38 99 10 54 75 70 13 6 11 32 14 46 97 87 58 68 59 61 19 82 62 40 65 25 34 8 69 56 55 71 41 86 93 22 51 81 73 48 90 4 49 23 84 31 85 92 66 64 12 37 1 2 15 74 45 60 79
16 39
98 39
98 51
98 84
21 2
72 8
36 53
36 41
27 20
0 79
42 67
42 87
17 94
43 10
39 94
39 34
39 24
39 60
76 45
33 48
33 86
24 30
20 34
20 61
5 49
5 37
89 94
89 19
89 65
89 40
26 59
26 82
67 54
67 31
67 38
88 86
18 58
44 35
96 81
80 22
91 34
91 59
53 79
35 75
35 46
35 54
35 10
35 58
94 75
94 79
94 1
94 73
94 90
38 69
99 79
75 23
70 65
13 34
6 46
11 46
11 14
11 55
11 62
32 79
32 66
14 22
46 92
46 68
97 12
97 85
62 74
65 81
65 4
25 93
34 49
34 15
8 60
56 51
71 15
93 79
93 48
93 64
12 79
2 15
45 79