97 88 90 9 33 24 16 73 99 45 59 48 78 23 61 58 41 57 26 27 82 76 22 0 96 49 36 98 44 51 47 15 92 64 79 11 29 74 3 89 17 13 31 85 87 37 28 67 69 21 95 56 35 84 93 30 94 91 25 75 10 55 43 71 68 14 8 66 72 52 65 42 53 2 70 50 38 62 80 34 60 77 81 86
97 24
88 21
90 43
90 21
9 53
33 2
24 98
24 99
16 74
73 59
99 84
45 50
59 11
59 74
59 87
48 98
78 17
78 25
78 44
23 95
23 94
23 96
61 30
61 75
58 77
58 70
58 11
58 66
41 72
57 10
57 52
26 0
27 76
27 0
27 80
82 31
76 17
22 92
22 91
22 93
96 67
96 81
49 8
49 53
49 56
36 77
36 3
36 28
98 34
44 62
51 77
51 8
51 47
51 92
15 70
15 71
15 72
64 13
64 85
79 66
11 60
29 65
3 34
3 35
89 21
17 77
13 66
13 65
31 91
31 2
85 86
37 86
69 14
95 70
95 55
56 10
56 38
35 30
35 43
43 68
71 42
68 14
8 50