68 47 53 69 24 86 14 30 65 97 5 27 51 74 9 55 34 87 50 12 16 90 21 62 39 22 99 31 4 89 70 10 64 11 77 52 58 84 88 3 56 59 40 72 61 41 37 85 48 35 44 76 54 19 57 28 42 18 66 73 45 83 95 67 25 49 36 75 46 81 0 23 6 15 80 96 29 82 20 98 7 94 79 63 93 26 1 43 17 60 32 2 71 78 91 13 8
68 17
47 7
47 6
53 10
53 9
69 17
69 18
24 81
24 82
24 83
86 26
14 63
14 62
14 61
30 93
30 94
30 95
65 16
65 15
97 31
97 32
5 45
5 44
5 43
27 87
27 88
27 89
51 9
51 8
74 20
9 52
55 11
55 10
34 0
87 26
50 8
12 59
12 58
12 57
16 67
16 66
90 28
21 75
21 76
21 77
39 3
39 2
22 77
22 78
22 79
99 32
31 95
31 96
4 43
4 42
4 41
89 28
70 18
10 54
64 15
11 57
11 56
84 25
3 41
3 40
59 13
72 19
61 13
37 2
37 1
85 25
85 26
48 7
35 1
35 0
19 71
19 73
28 91
18 71
73 20
45 6
83 25
67 17
49 8
49 7
36 1
75 20
46 6
81 23
23 79
23 80
15 63
29 91
29 93
98 32
60 13