14 91 88 90 9 24 82 54 71 10 5 74 6 36 22 52 29 46 62 76 42 37 47 11 79 39 1 57 96 70 34 95 80 0 21 68 23 55 18 3 8 32 28 94 67 84 16 75 33 13 73 56 92 58 83 15 45 26 99 93 25 72 17 51 48 2 49 85 12 20 64 86 30 59 98 61 53 65 40 87 43 41 69 77 19 66 60 44 63 31 4 50 97 35 27 89 7 38
14 11
14 17
91 88
91 94
88 85
90 93
90 87
9 6
9 12
24 21
24 27
82 79
82 85
54 51
54 57
71 68
71 74
10 7
10 13
5 8
5 2
74 77
6 3
36 33
36 39
22 19
22 25
52 49
52 55
29 26
29 32
46 43
46 49
62 59
62 65
76 73
76 79
42 39
42 45
37 34
37 40
47 44
47 50
11 8
1 98
1 4
57 60
96 99
96 93
70 67
70 73
34 31
95 92
95 98
80 77
80 83
0 97
0 3
21 18
68 65
23 20
23 26
55 58
18 15
32 35
28 25
28 31
94 97
67 64
84 87
16 13
16 19
75 72
33 30
56 53
56 59
92 89
58 61
83 86
15 12
45 48
99 2
72 69
17 20
51 48
64 61
86 89
30 27
53 50
40 43
41 38
41 44
69 66
66 63
60 63
4 7
35 38