74 86 10 81 2 79 32 15 46 56 72 7 98 66 68 80 55 8 30 94 22 84 67 96 64 38 58 37 29 20 51 61 92 77 44 73 88 31 63 71 27 93 18 47 13 91 14 53 82 52 97 69 48 60 85 3 23 1 25 16 33
74 15
86 47
86 55
86 68
10 3
10 91
10 58
10 51
81 55
2 47
2 1
2 92
2 72
2 82
79 84
32 47
32 15
46 3
46 22
46 60
46 44
46 14
46 96
56 60
72 48
7 37
98 23
66 16
66 31
66 73
80 3
8 3
8 53
30 60
94 63
94 97
22 69
22 67
84 60
64 69
38 37
37 3
37 93
29 18
20 23
20 52
61 47
61 18
77 53
88 47
63 48
71 3
27 47
47 3
47 23
13 82
53 85
69 25
85 33
23 16