69 17 4 33 24 26 79 56 78 47 89 39 91 62 11 64 49 53 74 6 19 92 37 13 98 90 42 58 10 25 48 12 83 82 93 51 71 52 73 70 43 8 35 22 67 81 55 21 16 65 60 30 88 14 3 50 41 97 66 95 76 75 29 94 31 2 99 38 27 40 28 63 0 5 18 7 46 77 61 1 36 80 85
69 48
69 95
69 43
17 16
17 7
4 5
4 80
4 3
33 18
33 42
24 25
26 27
26 25
79 78
56 80
78 92
47 48
89 88
39 8
91 92
62 61
62 14
62 63
11 41
11 90
64 27
49 50
53 94
53 83
74 76
6 5
19 18
19 8
19 94
92 50
37 36
13 51
98 22
98 97
42 41
42 2
58 67
10 99
25 22
48 50
48 18
48 88
48 55
48 76
12 31
82 51
82 46
93 8
51 50
51 52
51 70
51 65
71 8
52 35
73 0
35 60
35 31
35 36
67 28
67 66
67 81
55 21
16 27
16 1
30 29
30 38
50 27
41 40
95 5
76 77
76 75
29 28
31 85
99 27
27 28
27 61
0 1