41 58 35 46 66 7 18 80 83 4 14 26 50 51 25 28 22 54 3 53 91 90 57 70 20 56 1 93 33 19 92 78 8 23 52 97 11 31 30 44 15 67 6 75 73 85 36 42 39 40 68 84 2 10 17 16 0 12 13 24 98 94 81 5 27 76 71 72 37 89 32 38 86 74 61 82 21 29 9
41 4
58 12
35 33
46 6
66 16
7 9
18 9
18 70
80 23
80 78
83 25
4 9
4 42
14 9
14 61
26 9
26 3
26 29
26 85
26 86
50 52
51 9
25 9
25 84
28 9
28 89
28 90
22 9
54 10
54 56
3 39
3 40
53 10
91 29
57 12
20 9
20 73
20 74
1 9
1 36
93 30
33 0
19 9
19 71
19 72
92 29
8 9
23 9
52 9
97 32
11 9
31 9
30 9
30 94
44 5
15 9
67 17
6 9
75 21
68 17
2 9
2 37
2 38
10 9
10 21
17 9
16 9
0 9
12 9
13 9
24 9
24 81
24 82
98 32
5 9
27 9
76 21
32 9