54 1 80 77 44 49 17 41 13 32 4 28 53 20 14 5 55 64 93 22 65 98 51 34 85 57 74 9 82 3 8 83 67 2 6 23 52 0 25 16 26 40 68 47 39 18 24 70 43 59 21 94 12 46 15 61 71 11 37 69 86 19 10 42 30 7 48 91 29
54 10
1 12
80 23
77 22
44 5
49 8
17 12
17 67
17 68
41 4
13 12
32 12
32 98
4 12
4 42
28 12
53 10
53 55
20 12
20 74
14 12
14 61
5 12
5 43
64 15
93 30
22 12
65 16
51 9
34 0
85 26
57 12
57 59
9 12
9 52
82 24
3 12
3 39
3 40
8 12
83 25
2 12
2 37
6 12
6 46
23 12
0 12
25 12
16 12
26 12
26 86
47 7
18 12
18 69
18 70
24 12
21 12
94 30
12 7
12 10
12 11
12 15
12 19
12 29
12 30
71 19
7 48
91 29