58 18 67 60 59 23 42 50 28 25 13 54 40 71 24 75 30 74 3 62 29 20 34 27 7 26 16 10 51 2 12 36 52 37 70 61 14 47 73 56 31 48 64 55 43 44 76 19 57 22 8 32 68 35 33 5 21 41 9 69 72 63 6 4 66 11 17 65 39 1 38
58 57
58 59
58 61
18 17
18 3
67 68
60 61
60 74
60 73
59 75
23 22
23 25
23 28
42 39
50 48
50 52
28 26
25 24
13 12
54 31
54 56
40 38
40 39
40 48
40 41
71 17
71 72
30 22
30 29
30 31
3 2
62 73
29 32
20 21
20 19
20 55
34 33
27 32
7 11
7 6
16 19
16 11
16 14
10 14
10 17
51 52
2 1
12 11
12 8
36 33
36 37
37 38
70 61
47 48
56 65
56 57
64 76
43 41
43 44
76 68
76 63
22 21
8 9
32 33
68 65
68 69
35 33
5 6
6 4
66 65