88 35 8 76 16 9 85 54 81 50 79 78 87 99 11 45 47 6 56 75 44 82 94 72 96 22 20 86 58 51 5 84 61 17 55 48 68 97 73 36 15 37 91 26 18 27 92 57 25 80 21 74 40 69 67 13 19 46 65 95 33 39 90 43 93 52 64 12 23 1 30 71 62 38 98 29 53 10 77 3 70 83 14 41 42 31 7 66 59 28 49 34 63 32 60 4
88 70
35 93
35 34
35 36
8 7
76 75
76 77
16 57
16 15
16 68
16 17
9 64
85 84
85 86
54 74
81 80
81 58
81 82
81 31
50 49
79 80
79 7
79 78
79 57
79 38
87 65
99 98
11 83
45 46
47 46
6 7
56 57
56 55
56 22
75 80
75 74
44 43
94 93
94 95
94 46
94 71
72 73
72 29
96 95
96 97
22 23
20 70
20 19
20 21
51 52
5 4
84 93
84 43
84 83
84 49
61 62
17 18
48 49
68 67
68 4
97 59
73 74
73 69
15 14
37 38
91 92
91 90
26 52
27 28
92 93
25 74
25 33
25 1
80 93
40 39
40 41
69 10
67 53
67 66
13 63
13 12
46 64
65 64
33 32
39 38
39 70
43 42
52 77
52 28
64 63
30 29
62 63
38 98
3 4
49 60