51 17 57 35 12 68 47 96 30 59 60 2 39 32 64 50 8 67 76 11 22 66 16 23 40 45 37 90 54 84 93 26 78 91 21 38 3 49 24 19 27 75 9 71 92 81 14 89 34 98 56 61 36 4 94 80 79 5 69 7 53 25 87 72 83 88 52 97 15 55 85 70 28 82 46 77 0 41 6 18 42 99 63 74 58 13 29 65 10 1
51 78
17 57
57 9
57 14
57 99
35 65
12 80
68 59
47 14
47 46
96 50
96 10
96 23
96 41
96 70
30 58
30 82
30 63
30 94
59 5
59 45
59 27
60 87
2 24
2 54
39 50
39 0
32 40
64 37
50 25
50 79
50 89
8 1
67 93
76 82
11 25
11 21
22 70
66 93
66 42
16 87
16 81
23 98
40 56
45 3
37 93
90 91
84 92
84 1
84 4
93 38
26 6
78 52
91 13
38 77
38 52
3 55
49 99
24 18
19 0
75 61
9 92
71 15
92 10
89 18
34 52
98 15
56 70
56 85
61 25
61 5
61 6
36 79
36 13
36 74
80 65
69 25
69 53
7 0
53 58
53 65
25 77
87 52
72 6
83 77
88 77
97 28
70 29
28 77