12 58 32 35 81 50 1 99 90 15 43 80 98 60 39 67 30 10 40 62 84 33 5 24 66 56 85 26 44 96 45 11 64 63 25 8 61 65 3 68 94 59 88 31 72 95 57 46 48 13 55 82 49 79 74 16 83 4 47 73 53 7 22 51 2 69 27 41 34 52 0
12 48
58 0
32 64
32 31
35 67
81 1
50 0
50 15
1 79
1 72
1 73
1 80
1 82
1 83
1 84
1 85
1 88
1 90
1 94
1 95
1 96
1 98
99 2
43 0
60 0
60 27
39 11
67 0
30 4
30 11
10 47
10 3
40 0
40 2
62 0
33 24
5 72
24 25
66 0
66 34
56 0
56 22
26 59
44 7
45 0
64 0
63 0
25 4
8 0
61 0
65 0
68 0
59 0
57 0
46 0
48 0
13 0
13 4
13 7
13 79
55 0
49 0
74 7
16 51
47 0
53 0
51 0
69 0
41 0
52 0