94 31 80 79 86 60 66 6 51 91 50 23 38 48 30 83 25 93 71 27 47 59 73 34 82 37 62 2 88 90 75 26 42 22 49 65 9 24 70 14 92 54 89 77 29 68 78 44 53 43 33 13 36 32 3 8 0 28 4 57 15 61 12 11 17 39 18 81 35 99 63 56 87 21 58 74 7 45 19 20 69 1 41 55 16 67 97 40
94 91
31 30
31 28
80 79
79 82
86 82
86 90
86 91
60 61
60 59
66 61
66 69
66 70
6 7
51 49
51 54
50 53
50 48
23 26
23 19
23 20
38 34
30 34
30 26
30 27
30 29
30 35
83 82
25 29
93 88
71 67
71 74
27 24
47 45
47 49
73 69
73 75
34 33
34 39
82 78
82 81
82 87
37 41
62 57
62 63
62 67
2 3
88 87
88 89
75 78
42 39
22 24
22 17
65 61
9 15
24 21
14 13
92 87
92 97
54 55
54 57
77 78
68 63
44 45
53 57
43 39
33 32
13 12
13 18
36 35
36 41
3 7
3 0
8 7
4 7
4 1
57 56
57 58
57 61
15 11
12 17
12 7
11 16
35 40
99 97
45 40
20 16