68 32 58 7 56 23 75 1 93 52 10 17 95 47 42 63 91 92 15 5 59 27 82 66 49 89 33 21 16 98 99 9 80 64 87 85 61 70 72 31 41 22 97 14 84 51 44 83 90 35 77 96 74 6 78 39 48 0 54 38 19 40 29 11 8 69 25 37 4 12 55 76 62 28 86 34 71 79 81 2 18 67 60 24 30 50 94 88 46 45 73 65 20
68 80
32 84
32 15
32 37
58 89
7 41
56 8
23 65
75 91
1 18
1 65
93 0
93 79
93 33
52 19
52 50
10 79
17 71
95 63
47 73
47 2
42 67
63 6
91 60
91 49
92 98
15 67
15 39
5 22
59 11
59 9
27 84
27 21
27 6
82 44
82 41
66 2
66 20
49 0
49 25
89 69
21 71
16 28
98 55
99 34
99 61
99 87
9 24
80 78
64 86
64 72
85 90
61 76
70 12
70 96
31 11
31 55
22 12
97 88
97 45
97 83
14 90
14 94
84 60
84 86
51 86
44 12
44 29
90 39
35 54
77 38
74 8
78 34
48 11
48 12
48 69
54 73
54 28
38 34
19 18
40 65
11 60
8 18
8 30
4 67
55 62
55 88
62 73
34 18
81 45
18 60
94 46