17 89 21 69 25 88 44 37 65 5 11 99 6 2 14 66 56 34 85 58 40 7 29 12 64 43 86 32 36 26 47 63 51 98 24 76 57 72 13 33 35 46 55 15 73 62 31 9 50 4 79 71 19 53 30 96 48 59 38 67 22 1 61 23
17 22
17 7
89 57
21 5
69 56
25 30
88 6
88 86
44 24
37 32
65 24
5 30
5 24
5 22
5 33
5 26
11 15
11 35
99 76
6 9
6 43
6 1
6 2
14 63
14 55
14 15
14 12
66 71
56 13
56 38
56 57
34 24
34 46
34 47
34 40
85 30
58 15
40 36
40 50
40 96
7 64
29 30
12 48
32 46
47 61
47 53
63 13
63 23
51 13
51 67
98 71
24 31
76 30
76 13
72 35
13 19
46 71
46 62
55 9
55 79
55 4
73 19
4 59