86 61 12 81 39 22 47 71 87 17 62 74 94 44 49 46 99 19 90 8 1 69 68 21 38 93 31 60 95 43 57 91 82 11 16 78 66 67 36 37 65 3 20 58 15 45 33 24 96 51 29 50 27 52 4 30 26 40 64 88 28 76 75 80 18 32 97 70 23 34 98 2 14 6 85 83 92 79 35 13 63 42 5
86 20
86 49
86 28
61 12
61 46
12 62
81 18
81 51
39 4
39 92
39 94
39 85
22 92
22 91
47 36
71 15
71 57
87 20
87 31
17 76
17 78
62 79
74 91
74 16
94 23
44 37
44 6
44 70
49 8
99 24
19 83
90 80
90 21
8 50
1 4
69 14
68 97
68 14
21 88
38 4
38 34
38 79
38 98
93 43
60 37
60 11
60 82
95 23
95 27
43 6
11 58
66 13
67 14
36 34
36 29
37 4
65 13
3 34
3 35
20 85
15 70
45 85
33 35
24 98
24 97
96 23
52 75
30 83
26 28
40 5
64 13
76 34
75 70
80 18
18 79
32 2
97 63
23 2
23 13
98 83
92 42
42 5