54 28 43 63 60 99 94 80 53 11 93 17 71 3 0 74 86 96 51 16 26 48 64 98 23 37 76 20 2 38 40 78 75 67 32 87 70 8 56 85 4 14 25 29 46 77 34 50 79 13 59 58 65 90 6 91 84 31 83 27 47 7 57 39 21 82 88 36 30 69 10 19 15 12 55
54 82
54 26
28 16
28 6
28 14
43 98
63 4
60 16
99 20
99 17
94 11
80 12
53 87
53 47
53 50
11 16
93 48
17 7
71 91
71 87
71 78
71 20
3 47
0 32
0 56
74 51
86 10
96 76
96 36
51 69
51 85
51 55
16 85
16 27
16 34
48 36
48 59
64 85
98 69
98 65
23 32
37 76
76 91
76 70
76 31
2 70
2 4
38 90
40 69
40 90
40 25
75 77
75 88
67 19
32 12
32 69
70 84
8 14
56 29
56 19
85 77
29 57
46 6
77 39
34 58
79 10
13 90
90 30
91 69
84 21
83 12
39 15
82 69
69 10