41 75 63 25 29 2 18 48 46 13 65 4 94 40 52 86 88 97 35 51 45 90 7 73 33 36 14 84 20 11 58 26 85 78 23 17 60 50 92 22 87 43 77 69 98 5 70 38 8 66 47 83 19 6 72 37 56 79 27 12 96 32 64 59 15 1 39 68 91 16 21 82 93 67 31 81 0 62 9 28 42 76 24 3 10 30
41 4
75 21
63 15
25 21
25 83
25 84
29 21
29 91
29 92
2 21
2 37
2 38
18 21
18 69
18 70
48 7
46 6
13 21
13 59
13 60
65 16
4 21
4 42
94 30
40 3
52 9
86 26
88 27
97 32
35 1
51 9
45 47
90 28
7 21
7 47
73 20
33 0
36 1
14 21
14 62
20 21
11 21
11 56
58 12
26 21
26 85
78 22
23 21
23 79
17 21
17 67
17 68
50 8
22 21
22 77
87 27
43 5
98 32
5 21
70 72
8 21
66 16
83 81
19 21
6 21
27 21
12 21
96 31
32 21
64 15
15 21
1 21
39 3
16 21
21 0
21 3
21 9
21 24
21 28
21 30
21 31
21 76
82 24
93 30
3 10