23 14 98 29 66 26 18 79 51 9 1 87 27 47 77 67 44 3 80 74 45 82 56 95 2 34 48 35 52 63 65 78 53 69 8 21 88 86 41 71 20 24 50 60 43 75 10 39 28 92 85 89 54 11 37 25 4 59 42 64 73 97 62 0 36 22 83 93 61 94 16 99 58 90 30 96 70 15
23 44
14 43
98 30
29 97
29 58
29 67
66 87
66 48
26 52
18 61
18 35
79 89
79 41
79 94
79 85
51 45
51 88
51 93
9 65
1 89
1 73
1 80
1 95
87 10
87 96
87 3
87 63
27 45
47 64
47 4
47 82
77 34
77 45
44 85
44 16
80 70
74 15
45 37
82 36
56 21
95 53
2 43
34 22
34 71
48 54
52 88
65 22
78 71
53 25
69 54
8 22
21 10
21 50
86 89
86 97
41 61
71 11
71 92
71 42
20 50
20 75
24 28
60 89
43 73
10 64
10 83
39 85
28 62
92 59
85 99
89 64
37 15
4 22
73 90
73 0
62 83
30 96