22 73 83 43 96 17 77 87 59 70 82 85 27 52 64 66 10 49 21 98 19 5 20 74 24 86 11 91 94 29 95 7 42 48 30 68 88 40 14 47 69 55 25 89 63 84 58 54 13 8 33 72 32 37 31 0 38 67 71 79 81 4 6 36 28 65 18 50 12 39 15 41 26 44 56 75 57 61 2
22 52
22 21
22 57
22 84
73 57
83 52
83 79
43 42
43 33
43 44
43 49
43 94
96 66
17 18
77 26
77 56
87 27
59 84
70 58
82 63
85 89
27 52
27 42
27 26
27 41
52 5
52 81
64 30
64 68
66 28
10 12
10 13
21 20
98 24
98 55
19 20
5 4
5 6
20 24
74 24
74 61
74 72
74 69
86 81
11 39
91 72
91 2
29 28
95 44
95 63
7 6
7 8
48 31
30 32
88 15
40 39
14 28
47 33
55 67
55 58
25 36
89 33
84 18
54 4
13 15
33 32
33 28
32 12
32 31
37 38
0 2
38 26
38 36
67 50
71 75
65 50
12 75
39 41