97 42 54 36 31 85 14 59 28 69 32 60 94 1 52 26 30 22 46 57 58 47 74 24 81 79 7 34 78 82 9 11 39 95 25 8 29 93 23 86 84 55 72 66 43 48 53 13 4 88 45 80 87 2 40 18 0 63 33 89 49 15 56 70 71 90
97 86
42 2
42 29
54 1
36 2
31 2
85 32
85 25
85 87
14 26
59 1
28 70
69 2
69 55
69 18
32 2
60 47
94 2
1 70
1 52
26 45
30 89
30 78
30 43
22 90
46 2
46 33
46 47
57 2
57 71
58 29
74 81
24 2
81 89
79 4
7 93
7 23
7 34
82 87
9 0
11 4
39 48
95 2
25 40
8 2
8 80
29 56
29 15
93 2
93 90
86 33
84 2
72 45
66 33
48 2
48 89
53 2
13 2
13 0
4 33
88 2
45 33
87 63
2 70
2 49