38 98 85 97 36 6 93 72 27 74 37 17 25 86 77 4 69 50 87 10 23 76 3 64 7 24 53 68 30 71 99 51 58 56 16 2 82 70 66 43 52 94 11 45 13 40 57 78 60 91 31 29 42 88 62 5 34 75 39
38 27
38 13
98 23
85 3
97 5
97 93
36 75
6 42
72 88
27 25
27 24
27 75
27 88
74 53
74 7
37 58
37 70
17 78
17 29
17 60
17 66
25 53
25 5
25 39
25 94
86 53
86 62
77 30
4 5
4 43
4 64
69 3
69 87
50 76
10 43
23 51
23 53
23 71
23 78
76 51
76 42
3 58
3 2
68 60
68 82
30 45
99 45
58 78
58 40
58 31
56 62
16 45
2 57
2 11
2 34
52 60
45 78
91 39