76 36 10 92 20 55 35 57 7 79 60 14 87 45 59 64 63 70 38 82 61 16 56 41 89 96 28 67 0 50 88 25 90 62 97 84 73 3 27 94 34 21 95 6 85 31 66 29 2 1 58 47 43 83 68 91 74 12 49 42 65 72 11 22 5 40 30 86 78 18 69 54 8 51 48 46 24 32 75 71 52 26 44 19 53 77 99 39 4 93 9 13 81 80 15
76 65
76 75
76 84
76 77
76 78
36 35
36 42
10 3
92 86
20 24
55 52
55 63
55 64
35 28
57 56
7 6
79 77
60 53
60 61
14 15
14 5
87 88
45 42
59 50
64 65
63 62
63 66
63 68
63 69
70 67
38 30
38 41
38 43
38 44
82 81
61 67
16 13
16 21
16 22
56 52
41 46
41 47
89 80
89 90
96 91
28 26
0 1
0 8
50 51
50 58
88 80
88 94
88 91
88 93
25 26
97 91
73 68
3 1
27 30
27 31
27 29
27 26
34 26
95 99
6 2
85 78
85 86
31 32
66 71
66 72
2 5
2 4
2 1
1 9
43 48
83 75
74 69
12 13
12 11
49 44
65 99
5 13
40 53
40 39
30 39
18 13
54 52
51 52
51 53
24 19
26 15
19 13
77 80
77 81