58 45 71 56 10 51 23 0 82 27 1 73 87 39 16 67 29 62 25 61 85 99 69 6 28 57 91 98 46 89 60 78 53 65 31 2 38 5 43 32 30 64 3 13 94 8 17 74 24 12 42 79 83 7 84 41 88 47 68 93 20 26 33 40 54 9 59 52 72 44 15 80 49 37 75 70 90 86 4 97 35 66 81 48 21 50 95 36 18 77 11 76
58 30
58 57
58 59
58 74
45 41
71 74
71 67
56 57
56 53
56 62
10 15
10 13
51 13
51 18
23 20
23 24
0 7
0 1
82 47
82 81
27 61
27 20
27 26
1 3
73 49
87 78
87 85
87 95
39 36
16 43
16 8
16 37
67 65
29 21
25 18
25 54
61 60
99 88
69 60
69 68
69 90
6 7
28 57
28 21
91 66
98 90
46 42
89 66
60 59
60 64
60 72
78 80
31 2
2 9
38 43
38 35
38 48
38 50
5 3
43 30
32 8
30 44
30 80
64 66
64 88
13 4
94 77
8 7
17 21
17 9
74 79
12 15
12 11
42 44
42 40
83 81
84 81
84 75
41 40
47 48
93 77
33 37
40 36
52 80
72 76
15 21
49 48
70 97
90 97
86 77
77 76