69 1 91 22 6 66 31 96 86 4 78 49 94 92 10 8 38 46 90 37 25 41 45 65 19 57 82 48 88 47 76 74 0 27 81 54 42 3 2 83 26 43 80 34 12 33 14 36 11 77 98 63 52 50 56 24 70 40 7 16 29 72 67 89 58 30 84 13 39 32 55 59 20 21 15 93 53 87 17 51 18 75 23 9 28 97
69 66
1 2
1 98
91 92
91 88
22 21
22 23
6 7
6 3
66 65
66 63
31 28
31 32
96 97
96 93
86 87
86 83
4 9
78 81
78 77
49 46
49 54
94 93
94 89
92 93
10 15
8 11
8 7
38 37
38 41
46 43
46 47
90 93
37 36
25 20
25 30
41 40
41 42
45 40
45 50
65 70
65 67
19 18
19 14
57 56
57 58
82 83
82 81
48 47
48 51
88 87
76 77
74 72
0 3
27 26
27 28
54 59
42 43
3 2
83 80
26 23
80 75
34 29
34 39
12 13
12 11
33 32
33 36
14 9
98 97
52 51
52 53
50 55
56 53
24 21
24 29
70 75
70 72
16 17
16 13
89 84
20 15
21 18
15 18
17 18