84 32 38 12 14 5 73 71 63 46 19 29 79 20 66 40 68 28 54 48 83 39 16 6 57 55 85 22 89 65 90 75 64 42 62 41 77 34 37 45 11 52 50 36 59 2 30 21 8 49 74 99 87 4 51 33 0 43 60 67 82 10 18 1 26 78 17 15 24 47 80 91 72 69 81 93 96 88
84 1
32 88
38 0
38 2
12 47
14 21
5 17
73 1
71 1
63 0
46 0
19 54
29 1
79 1
20 33
20 26
66 0
40 0
68 1
28 85
54 0
48 0
83 1
39 0
16 0
16 33
6 42
57 0
55 0
85 1
22 82
89 1
89 34
65 0
90 1
75 1
64 0
42 0
62 0
62 30
41 0
77 1
77 15
37 0
37 1
45 0
11 24
11 4
52 0
52 17
50 0
36 24
59 0
2 91
2 93
2 99
21 81
8 33
49 0
74 1
87 1
4 18
51 0
0 43
0 47
0 60
0 67
82 1
10 72
10 96
1 24
1 69
1 72
1 78
1 80
1 81
1 88