54 83 99 46 48 98 22 65 23 79 89 50 72 59 13 28 36 0 70 76 67 43 12 41 90 56 39 68 80 73 57 86 84 34 47 60 97 69 44 82 32 9 17 33 16 10 78 88 14 85 61 81 27 24 18 51 63 15 75 40 94 71 62 45 66 55 7 31 2 8 5 95 11 96 64 92 87 26 6 91 93 20 53 77 42 74 21 49 37 35 29
54 23
54 57
54 56
83 0
83 33
99 0
99 59
46 92
48 93
48 22
98 0
65 0
65 8
23 0
79 0
79 28
89 0
89 43
50 94
50 35
72 0
72 17
13 15
36 0
0 61
0 62
0 63
0 64
0 66
0 67
0 68
0 69
0 70
0 71
0 73
0 74
0 75
0 76
0 77
0 78
0 80
0 81
0 82
0 84
0 85
0 86
0 87
0 88
0 90
0 91
0 92
0 93
0 94
0 95
0 96
0 97
70 15
76 21
67 11
12 68
12 7
41 87
90 44
56 18
56 60
39 86
80 29
84 34
47 8
97 55
69 14
44 2
82 32
32 9
32 40
9 53
16 71
16 49
10 66
78 26
88 42
85 37
81 31
27 29
24 21
51 95
63 5
75 20
45 91
64 6