27 95 90 52 23 89 19 3 85 81 15 22 68 55 14 86 36 72 87 25 17 33 11 24 73 60 2 20 57 10 44 13 41 29 79 59 76 82 31 12 97 88 45 94 65 43 6 99 77 96 78 9 51 40 37 56 58 35 62 50 38 21 32 91 54 34 18 84 63 98 66 48 92 74 61 71 67 83 8
27 96
95 84
95 23
95 41
90 21
90 59
52 88
52 9
23 94
23 96
89 21
89 40
19 84
19 82
19 83
3 35
3 18
3 34
3 36
85 78
85 20
81 18
15 72
22 92
22 91
68 82
68 14
55 10
55 71
86 62
86 67
36 78
36 62
72 63
87 76
25 77
17 78
17 76
17 77
33 2
11 59
11 58
24 98
24 97
24 99
73 88
60 82
2 31
2 32
57 35
57 10
57 74
10 56
44 76
44 6
13 65
29 61
79 62
76 43
31 88
12 62
12 61
12 63
88 35
88 21
88 92
88 98
45 77
45 65
94 50
9 54
51 8
37 32
56 48
56 66
35 84
50 8
38 84