82 27 13 65 90 62 35 4 44 88 99 92 56 55 39 37 93 57 50 2 80 72 61 19 11 85 74 12 31 33 46 54 49 96 87 36 79 67 64 24 28 75 69 53 32 23 6 47 91 34 8 18 9 89 94 16 21 22 43 17 29 3 38 40 10 84 59 7 51 52 48 14 41 15
82 40
82 75
82 90
27 17
27 36
27 12
13 89
65 62
65 34
90 53
62 39
35 44
4 56
44 32
44 57
88 32
99 54
99 43
92 17
92 19
92 2
92 8
92 50
92 51
92 96
56 28
56 38
55 15
39 80
39 48
37 74
93 51
80 17
80 32
80 21
72 34
61 8
19 49
19 46
19 10
19 94
11 21
85 28
85 9
74 14
74 54
31 28
31 67
33 89
46 22
46 91
54 89
49 64
87 28
36 18
79 17
24 17
28 14
69 94
32 14
32 16
23 7
6 89
47 51
47 15
8 3
89 41
17 7
29 38
40 7
84 14
84 52
59 52