41 67 32 76 65 69 55 95 52 48 51 49 30 35 43 17 22 53 6 68 60 10 85 82 3 21 74 26 27 88 83 58 19 64 23 38 89 11 36 70 73 13 31 29 81 24 42 2 5 77 33 57 56 87 20 47 99 59 96 12 46 90 18 9 14 25 45 84 66 62 63 44 39 93 16 4 91 79 8 50 54
41 39
67 55
67 85
32 64
76 58
65 52
69 91
55 93
55 66
55 84
95 91
52 26
48 33
48 19
48 11
51 20
49 39
30 91
35 93
35 31
35 24
43 77
43 10
17 6
22 62
53 12
6 89
6 99
68 64
68 8
60 4
82 20
3 18
21 39
74 83
26 64
26 12
26 63
26 58
26 45
26 83
26 42
27 70
88 8
64 56
64 73
64 33
64 89
23 62
38 31
36 63
70 33
13 56
13 47
31 79
29 57
81 20
81 14
24 20
2 91
5 8
77 66
57 63
56 18
56 62
87 63
87 4
59 45
59 96
59 16
46 63
90 93
90 50
18 25
9 25
66 39
62 93
63 44
91 50
8 54