81 88 25 75 29 56 87 26 41 90 63 54 83 91 61 36 86 44 12 39 32 47 24 30 70 93 77 23 58 65 45 11 38 84 28 55 46 3 66 73 67 37 9 99 14 97 68 96 74 71 72 27 19 16 0 92 15 49 62 79 22 78 20 76 51 17 98 35 42 69 82 53 13 10 7 1 64 2 89
81 0
81 27
88 0
88 36
25 0
25 9
75 0
75 17
29 22
56 11
87 0
26 20
41 24
41 15
41 37
90 0
63 0
54 24
54 23
83 0
91 0
91 42
61 13
36 1
86 0
44 93
44 3
12 70
39 89
39 47
32 24
24 0
24 35
30 27
70 0
93 0
77 0
77 20
58 9
65 0
45 17
11 9
38 27
84 0
28 82
55 16
55 49
46 1
66 0
73 0
67 0
67 7
37 53
99 0
14 72
97 0
68 0
96 0
74 16
74 0
71 0
71 13
72 0
19 76
0 2
0 62
0 64
0 69
0 76
0 78
0 79
0 82
0 89
0 92
0 98
22 42
51 98
69 10