67 20 42 41 54 47 36 12 71 27 82 48 38 65 3 5 30 77 76 1 8 74 64 60 6 26 81 37 34 63 49 33 59 84 18 75 15 23 25 70 57 4 72 66 51 87 29 69 31 40 39 32 13 53 10 73 58 88 83 0 22 17 7 45 9 46 50 86 61 2 35 16 55 62 28 85 56 21 43 14 24 44 52 19 11 68 80
67 86
20 11
20 22
42 50
42 41
54 52
54 64
47 48
47 46
47 51
36 35
12 1
12 17
71 72
71 70
27 23
82 75
82 81
82 83
48 49
38 39
65 64
3 10
3 11
5 6
5 4
30 35
30 28
30 29
30 31
30 33
77 73
76 74
76 75
76 87
1 0
8 28
8 9
8 6
8 7
8 14
74 72
60 56
60 61
26 23
81 80
37 31
34 35
34 32
63 61
49 50
49 57
59 58
84 83
84 85
18 11
15 14
23 22
23 24
25 24
70 69
70 73
57 56
57 58
72 50
66 69
51 52
51 55
87 86
87 88
69 68
40 46
39 35
13 14
13 2
13 10
13 16
53 52
10 0
45 19
9 19
46 43
50 35
61 62
21 11
44 19