93 95 38 45 31 26 99 5 25 16 79 47 91 57 23 8 78 61 33 3 19 2 9 72 96 43 58 85 68 34 12 1 69 89 18 66 75 86 97 6 64 77 59 90 32 81 44 53 50 17 42 27 51 76 21 40 62 92 7 20 37 49 98 48 13 55 39 24 11 56 36 35 70 74 87 83 73 0 22 10 30 46 82 80 60 88 14
93 22
93 30
93 99
95 35
95 23
95 87
38 48
45 6
31 35
31 2
31 44
26 0
26 73
26 79
26 42
5 42
25 35
25 0
25 62
16 73
16 75
16 74
79 18
47 35
47 7
47 85
47 55
91 48
91 22
91 70
57 10
23 96
8 51
8 49
8 50
78 90
78 17
61 32
61 40
61 64
33 2
33 59
3 35
3 34
3 36
19 83
19 82
2 32
9 53
72 85
96 51
96 86
43 6
58 11
85 97
68 48
12 62
1 30
69 87
69 14
89 21
18 80
66 59
75 53
97 24
6 44
64 13
77 17
59 11
90 21
81 42
44 88
17 76
27 0
21 88
92 22
7 46
7 48
20 87
37 39
98 83
55 10
55 60
39 36
56 10
83 60