6 34 94 52 59 58 55 36 8 65 63 89 79 20 0 66 60 77 42 16 54 35 30 39 45 73 37 95 18 22 64 88 71 47 82 19 57 56 84 10 32 17 38 67 87 21 50 24 11 69 76 40 80 49 23 15 31 93 29 53 13 81 85 72 74 78 68 28 44 92 62 1 4 86 33 2 83 25 41 46 48 43 70 26 90 61 14 5 12
6 11
6 8
6 4
34 30
94 92
52 53
59 54
59 55
59 60
58 54
36 35
36 38
36 40
65 60
65 66
63 62
89 84
89 85
89 90
79 82
20 22
20 18
20 21
0 4
0 2
0 5
66 68
66 71
60 62
60 64
77 72
77 78
42 41
42 44
42 46
42 47
16 17
16 13
54 53
54 56
35 30
35 31
30 32
30 29
39 38
45 44
73 76
37 40
37 41
95 90
18 17
22 23
64 61
88 85
71 70
71 72
47 43
47 48
82 78
19 23
57 56
84 83
84 86
10 11
32 33
17 12
67 70
87 86
50 48
24 29
24 23
24 26
11 12
69 68
76 72
80 78
80 81
49 53
15 14
93 92
29 25
29 28
53 48
72 74
78 83
92 90
1 4
14 12