46 75 43 33 61 97 45 91 81 64 34 14 8 12 86 69 66 73 28 0 95 52 48 51 87 67 72 54 15 22 82 10 26 63 16 11 1 49 47 13 30 96 76 36 24 32 89 80 70 38 42 41 39 60 7 56 90 25 19 18 9 44 27 2 65 6 62 31 79 55 5 35 50 94 37 17 21 20 23 98 78 57 92 40 99 3 93 84
46 95
75 32
75 34
43 73
33 2
33 57
33 64
33 63
33 73
61 12
61 82
97 24
45 6
91 73
81 18
64 70
64 13
34 3
34 28
14 67
14 69
8 49
8 50
8 51
12 63
12 62
86 95
66 13
73 16
28 1
0 27
0 25
0 26
95 67
95 23
95 79
52 67
52 9
48 67
48 7
48 30
87 63
87 20
87 54
87 72
67 31
67 92
15 70
22 93
82 19
10 57
10 55
10 56
26 80
11 60
49 27
47 7
13 65
96 23
76 17
36 42
24 98
24 99
32 2
32 27
32 42
89 78
89 21
38 56
42 5
42 60
41 5
39 93
60 78
90 55
19 84
18 79
44 6
27 93
2 6
2 31
31 40
35 3
94 23
37 84
17 78
98 57