75 77 25 85 36 50 30 41 43 12 69 89 86 8 9 54 14 57 44 58 96 2 18 56 48 15 3 71 21 62 60 55 88 59 47 20 78 35 79 87 97 80 64 10 17 38 31 94 32 40 26 51 74 90 5 68 24 83 7 1 66 81 99 28 4 33 0 70
75 70
77 70
25 20
85 80
36 30
50 0
50 51
50 54
50 55
50 56
50 57
50 58
50 59
30 0
30 31
30 32
30 33
30 35
30 38
41 40
43 40
12 10
69 60
89 80
86 80
8 0
9 0
14 10
44 40
96 90
2 0
18 10
48 40
15 10
3 0
71 70
21 20
62 60
60 0
60 64
60 66
60 68
88 80
47 40
20 0
20 24
20 26
20 28
78 70
79 70
87 80
97 90
80 0
80 81
80 83
10 0
10 17
94 90
40 0
74 70
90 0
90 99
5 0
7 0
1 0
4 0
0 70