96 57 29 80 19 0 17 53 43 34 70 68 59 98 11 51 40 8 18 22 32 39 46 27 28 88 86 47 5 12 20 54 4 66 26 95 62 91 75 92 71 87 2 3 37 76 35 73 41 31 6 55 78 89 7 61 30 69 94 60 14 67 16 82 72 85 44 77 81 74 83 84 50 63 48 23 24 52 90 42 65 38 36 1 10 56
96 23
96 31
96 32
96 60
96 91
57 10
29 71
29 52
29 89
80 94
80 18
19 82
19 83
19 84
0 26
17 77
17 76
17 78
53 91
43 50
43 6
34 82
34 3
70 87
70 62
68 38
68 14
59 82
59 11
59 65
98 40
98 24
51 69
51 66
40 5
40 92
8 50
18 81
22 92
39 4
39 35
39 87
46 94
27 54
28 84
28 1
28 72
88 56
86 37
86 20
47 37
47 7
5 42
5 41
12 4
12 61
12 63
20 85
54 36
4 38
4 37
26 35
95 38
95 23
95 73
75 83
71 94
71 77
87 44
2 31
3 36
73 16
55 69
55 10
7 48
30 1
69 14
94 23
14 67
16 74
82 38
82 50
90 56
42 38
10 56