38 56 49 28 85 37 82 44 13 42 8 75 34 94 68 30 69 86 19 45 78 21 61 18 52 31 91 73 89 27 36 39 20 2 79 81 40 97 23 7 53 70 1 80 60 59 50 22 99 46 16 3 88 0 87 84 10 65 26 12 29 72 6 58 25 51 24 5 41 48 17 92 64 15 32 93 35 74 11 63 4 98 9 67 54 95 57 77 66 55 76 83 43 90 96 47
38 95
38 26
38 37
56 28
56 66
49 2
28 90
28 43
85 0
85 19
37 48
82 0
82 16
44 99
13 68
13 45
13 39
42 68
42 40
8 77
8 32
8 23
75 0
75 6
34 4
94 0
94 36
68 0
68 61
68 63
30 70
30 46
69 65
86 0
86 21
78 0
78 9
21 5
61 51
18 84
18 7
18 70
52 39
31 22
91 0
91 29
73 0
73 1
89 0
89 27
36 41
20 64
2 70
79 0
79 10
81 0
97 0
53 11
70 25
80 0
60 16
59 6
59 57
59 58
50 3
22 87
99 0
46 4
3 74
3 11
88 0
88 24
0 35
0 74
0 76
0 77
0 83
0 84
0 87
0 90
0 92
0 93
0 95
0 96
0 98
65 47
12 72
72 58
6 67
17 83
17 47
64 9
15 63
35 54
54 55