27 51 28 39 3 16 81 36 91 62 83 18 75 48 10 56 68 24 8 20 19 25 85 92 60 23 32 46 2 26 1 40 74 89 90 30 82 37 54 11 63 97 65 22 72 87 78 55 31 77 67 50 14 17 4 49 80 6 96 66 12 71 47 70 5 73 7 42 35 29 45 34 13 52 44 43 38 0 88 21 86 15
27 28
27 87
27 88
51 49
28 0
28 15
28 2
28 3
28 4
28 5
28 7
28 8
28 10
28 11
28 12
28 13
28 14
28 16
28 17
28 18
28 19
28 21
28 22
28 23
28 24
28 25
28 26
28 29
28 30
28 31
28 32
28 89
28 90
39 3
39 37
3 40
16 65
16 66
81 24
36 1
91 89
62 14
83 25
18 70
75 21
48 7
48 46
10 54
56 11
68 17
24 82
8 49
8 50
20 15
20 73
20 74
19 71
19 72
85 26
92 90
60 13
23 80
32 97
26 86
1 15
1 35
40 38
11 55
63 15
22 77
22 78
31 96
67 17
50 52
4 42
6 15
6 45
47 7
5 43
5 44
34 0