64 36 8 62 73 46 29 92 99 1 88 31 2 16 96 38 0 48 30 81 14 33 45 18 57 21 19 95 28 97 75 42 74 9 20 83 44 72 82 5 39 17 51 12 34 24 40 3 87 93 67 84 78 7 70 90 35 56 27 59 15 52 69 89 32 65 98 43 91 53 79 13 80 76 22 63 61 6 94 26 86 11 77 37 41 85 23 60 54 49 10 66 4 47 25
64 31
36 17
36 73
36 74
8 3
8 17
8 18
62 30
46 22
46 93
46 94
29 14
29 59
29 60
92 45
99 49
1 3
1 0
1 4
88 43
31 15
31 63
2 0
2 5
2 6
16 7
16 33
16 34
96 47
38 18
38 77
38 78
48 23
48 97
48 98
30 14
30 61
81 40
14 6
33 67
45 22
45 91
18 37
57 28
21 10
21 43
21 44
19 9
19 39
19 40
95 47
28 13
75 37
42 20
42 85
42 86
9 4
9 20
20 41
83 41
44 89
44 90
72 35
82 40
5 11
5 12
39 79
39 80
17 35
51 25
12 25
12 26
34 69
34 70
24 11
24 49
3 7
87 43
84 41
7 15
56 27
27 13
15 32
52 25
32 65
32 66
53 26
13 6
76 37
22 10
26 54
11 23
23 47
10 4