62 75 58 95 11 23 69 4 73 93 84 22 21 88 97 38 99 52 57 20 39 55 71 2 74 13 40 24 48 92 36 41 35 86 72 82 65 28 26 59 81 77 63 44 27 14 78 56 83 8 46 67 29 16 80 10 42 33 87 47 37 68 66 12 60 31 51 54 91 76 70 43 96 53 50 17 49 18 90 32 34 98
62 52
62 72
75 65
58 57
58 59
58 48
58 68
95 96
11 21
23 33
23 13
69 59
4 14
73 63
73 74
73 83
93 83
84 74
22 32
22 12
21 31
21 20
88 78
88 98
97 87
38 48
38 28
99 98
52 51
52 53
52 42
57 56
57 47
57 67
20 10
39 49
39 29
55 54
55 56
55 65
71 72
71 81
2 12
40 50
24 34
24 14
92 82
36 46
36 26
41 51
41 31
35 34
86 76
86 96
72 82
28 18
26 16
59 49
81 91
77 67
77 87
63 53
44 54
44 34
27 37
27 17
78 68
56 46
56 66
8 18
80 70
80 90
42 32
33 43
47 37
66 76
60 50
60 70
51 50
54 53
43 53