47 90 28 23 64 19 2 10 87 83 70 20 51 44 24 35 8 89 6 98 61 55 50 9 81 31 5 22 7 27 91 54 97 18 17 52 36 39 88 68 53 72 30 74 33 79 49 21 84 38 62 14 45 26 73 16 86 65 40 25 99 82 11 46 67 63 92 57 41 0 59 66 29 56 48 32 95
47 46
90 26
90 74
28 29
28 92
23 7
23 55
23 21
23 31
23 87
64 65
19 51
19 18
2 6
2 66
10 26
87 83
87 86
70 6
70 68
20 21
20 16
20 84
51 55
51 59
51 49
51 35
44 36
44 45
24 26
24 8
24 88
89 25
89 73
89 81
6 22
98 66
61 53
55 54
55 39
50 18
9 73
31 27
31 29
31 95
5 21
22 30
27 26
27 11
27 91
54 62
54 38
97 33
97 65
97 99
18 82
17 21
17 25
52 53
52 36
52 48
36 32
53 21
72 73
30 26
30 14
33 32
33 41
79 95
62 63
14 46
16 0
65 67
40 56
57 59
57 56