39 72 89 53 55 74 96 22 28 86 8 46 95 80 75 64 50 9 67 43 71 23 10 87 27 20 92 47 91 73 19 33 97 76 11 93 35 25 16 62 36 69 37 40 6 60 78 88 81 51 57 83 14 63 34 17 32 54 56 68 49 82 77 70 29 94 65 21 44 24 30 79 98 85 5 59 58 3 31 12 45 52 38 99 41 2 7 26 13 84 48 66 18 1 15 42 61 90 4
39 38
39 40
72 71
72 73
89 88
89 90
53 52
53 54
55 54
55 56
74 73
74 75
96 95
96 97
22 23
22 21
28 29
28 27
86 85
86 87
8 9
8 7
46 45
46 47
95 94
80 79
80 81
75 76
64 63
64 65
50 49
50 51
9 10
67 66
67 68
43 42
43 44
71 70
23 24
10 11
87 88
27 26
20 21
20 19
92 91
92 93
47 48
91 90
19 18
33 34
33 32
97 98
76 77
11 12
93 94
35 36
35 34
25 26
25 24
16 17
16 15
62 61
62 63
36 37
69 68
69 70
37 38
40 41
6 7
6 5
60 59
60 61
78 77
78 79
81 82
51 52
57 56
57 58
83 82
83 84
14 15
14 13
17 18
32 31
49 48
29 30
65 66
44 45
30 31
98 99
85 84
5 4
59 58
3 4
3 2
12 13
41 42
2 1