68 27 50 23 55 97 26 51 0 17 64 4 56 87 52 29 78 16 85 47 53 75 66 32 12 57 63 74 62 7 67 82 40 41 95 19 60 31 45 22 5 30 21 42 46 11 58 90 38 61 92 9 15 79 10 91 37 98 93 86 96 59 48 80 28 20 18 99 77 70 33 14 76 88 73 39 35 1 94
68 15
27 76
27 35
50 1
23 28
55 32
97 10
97 82
26 35
51 1
51 20
51 32
51 33
51 93
51 38
0 1
0 37
0 53
0 87
0 9
17 10
17 31
64 56
4 16
56 38
56 5
87 78
87 39
52 94
52 90
29 59
29 95
29 88
78 21
16 73
85 59
85 91
47 10
75 76
66 20
66 19
12 45
12 99
12 63
57 33
74 76
62 96
7 70
7 40
67 30
67 79
40 11
41 38
60 94
45 1
45 76
45 46
45 92
22 20
30 39
21 14
21 94
42 93
42 48
58 1
58 98
61 93
15 88
10 1
10 77
93 70
86 96
96 14
59 1
59 80
28 76
28 18
77 73