47 67 82 28 89 56 15 51 77 31 66 17 85 57 5 1 58 74 4 19 21 98 55 88 71 8 40 53 34 69 27 30 97 95 78 99 26 63 96 13 22 70 9 44 54 86 42 41 3 0 24 59 38 7 46 93 32 64 81 80 36 10 6 18 62 35 49 37 52 72 20 11 39 50 65 43 68 61 92 23 87 48 45 2 25
47 0
47 5
67 0
82 1
28 24
89 18
56 0
56 15
15 86
51 0
77 1
31 2
66 0
17 34
17 6
17 9
17 27
17 35
17 88
85 1
57 0
1 44
1 87
1 92
1 93
1 95
1 98
1 99
58 0
58 18
74 0
4 43
4 11
4 23
19 59
21 25
55 0
71 0
71 38
8 50
8 26
8 22
8 80
40 9
53 0
34 0
34 43
69 0
27 96
30 0
30 97
78 6
63 0
13 42
22 3
70 0
9 81
44 0
54 0
42 23
41 18
41 32
0 36
0 37
0 45
0 46
0 48
0 49
0 50
0 52
0 59
0 61
0 62
0 64
0 65
0 68
0 72
24 61
7 49
10 52
6 25
72 39
20 25
45 2