26 44 78 31 24 93 42 12 10 95 48 55 86 87 52 83 3 99 67 36 94 30 50 20 71 29 66 76 16 19 21 27 72 6 34 84 69 49 7 96 18 46 32 77 81 98 33 74 73 90 38 92 13 15 57 70 43 14 82 39 54 5 88 51 17 63 65 80 60 28 35 1 40 89 45 59 68 62 61 41 11 23 85 22 91 58 79 9 97 25 0 37
26 33
26 27
26 20
44 43
44 45
44 54
78 77
78 71
78 79
31 40
31 24
93 88
93 97
42 41
42 34
42 43
42 52
12 18
12 7
10 14
95 92
95 98
48 39
48 57
55 54
86 80
87 82
52 62
83 76
83 88
83 89
3 6
3 1
99 96
67 59
36 35
94 90
30 39
30 22
30 23
30 29
50 40
50 60
20 14
20 15
20 21
29 37
66 58
66 74
66 65
76 68
76 82
16 22
19 25
72 79
6 9
34 35
84 77
84 85
84 90
69 68
69 70
69 77
49 40
49 58
49 59
96 92
18 25
18 13
46 37
32 40
32 25
81 74
98 0
33 41
74 73
73 80
38 39
92 88
92 91
14 9
39 40
5 9
51 41
51 61
17 23
17 11
63 62
28 35
40 41
59 68