33 24 16 46 17 27 11 9 56 41 20 54 30 80 71 85 48 62 51 2 7 50 23 76 70 92 84 19 47 87 1 15 64 82 28 59 86 63 73 8 57 35 83 52 13 21 69 60 72 42 81 44 65 31 22 58 37 18 3 29 49 45 4 79 77 91 90 10 61 78 75 68 43 67 5 89 40 12 39 74 66 0 34 6
33 79
24 79
16 54
16 83
16 30
16 37
16 87
46 49
46 8
46 20
17 12
27 78
11 65
9 67
9 7
56 65
56 72
56 63
56 51
41 2
41 80
54 68
54 23
54 47
71 92
85 82
48 68
48 4
62 76
62 22
2 83
2 76
7 13
50 49
70 64
92 61
92 39
92 42
84 0
84 82
19 21
19 79
1 86
1 40
15 72
64 86
28 63
28 6
28 34
59 66
86 83
73 68
73 18
73 52
73 57
73 29
35 91
35 75
83 90
83 78
83 89
52 91
21 68
21 44
21 31
21 43
69 75
60 77
72 81
81 10
44 65
44 77
65 74
31 0
22 45
58 18
37 12
18 5
3 10
49 0
77 61
90 66
67 5