22 33 4 24 31 12 10 32 25 2 17 20 66 39 42 37 86 16 48 7 89 84 91 0 61 63 85 54 46 11 19 71 95 53 90 9 83 38 69 51 5 14 82 43 97 21 8 13 26 58 78 77 55 98 36 15 35 28 3 80 6 30 64 1 23 59 60 47 18
22 13
22 6
22 26
22 77
22 78
33 0
4 13
4 42
24 13
24 82
31 13
31 95
12 13
10 13
10 53
10 54
32 13
32 97
32 98
25 13
25 83
25 84
2 13
2 37
2 38
17 13
20 13
66 16
39 3
86 26
16 13
48 7
7 13
7 47
89 28
89 91
0 13
61 63
63 15
85 26
46 6
11 13
11 55
19 13
19 71
90 28
9 13
9 51
69 18
5 13
5 43
14 18
21 13
8 13
13 1
13 3
13 18
13 15
13 23
13 28
13 30
13 59
13 60
58 60
36 1
15 64
35 1
80 23