21 80 86 33 13 58 32 47 24 62 2 72 10 12 5 30 68 54 92 91 73 65 8 25 31 60 59 87 27 88 53 70 0 6 44 3 35 1 74 28 63 16 43 18 15 4 19 66 85 83 40 39 94 23 45 76 26 7 29 55 22 20 14 46 11 82 50 84 49
21 20
80 23
86 26
33 0
13 20
13 59
13 60
58 12
32 20
47 7
24 20
24 82
62 14
2 20
72 19
10 20
10 14
10 53
10 54
12 20
5 26
5 43
5 44
30 20
30 94
68 66
92 29
91 29
73 20
65 16
8 20
8 49
8 50
25 20
25 83
25 84
31 20
87 27
27 20
27 88
70 18
0 20
6 20
6 45
6 46
3 20
3 39
3 40
35 1
1 20
74 20
74 76
28 20
63 15
16 20
16 66
18 20
15 20
4 20
19 20
85 26
23 20
26 20
7 20
29 20
55 11
22 20
20 11