2 98 43 23 42 32 8 10 7 95 21 34 13 48 71 38 51 68 44 50 19 53 65 12 49 36 96 40 77 89 30 97 16 39 22 72 61 90 87 59 9 82 74 55 85 93 35 45 26 11 76 54 41 56 70 31 5 58 4 57 33 47 66 46 84 63 60 81 27 24 1 25 73 64 28 79 3 6 92 88 83 75 52 69 94 62 37 15 86 78 91 67 0 17 20 80 14 18 29
2 1
2 3
98 97
43 42
43 44
23 22
23 24
42 41
32 31
32 33
8 7
8 9
10 9
10 11
7 6
95 94
95 96
21 20
21 22
34 33
34 35
13 12
13 14
48 47
48 49
71 70
71 72
38 37
38 39
51 50
51 52
68 67
68 69
44 45
50 49
19 18
19 20
53 52
53 54
65 64
65 66
12 11
36 35
36 37
96 97
40 39
40 41
77 76
77 78
89 88
89 90
30 29
30 31
16 15
16 17
72 73
61 60
61 62
90 91
87 86
87 88
59 58
59 60
82 81
82 83
74 73
74 75
55 54
55 56
85 84
85 86
93 92
93 94
45 46
26 25
26 27
76 75
56 57
70 69
5 4
5 6
58 57
4 3
47 46
66 67
84 83
63 62
63 64
81 80
27 28
24 25
1 0
28 29
79 78
79 80
92 91
15 14
17 18