47 80 97 40 82 24 36 61 27 13 10 26 9 35 59 93 62 75 92 1 42 71 81 69 74 21 57 94 85 46 4 23 30 15 12 52 70 33 90 58 65 20 73 77 28 32 50 95 89 45 51 53 11 39 3 18 56 43 8 68 83 78 5 84 29 87 55 96 49 79 7 44 76 22 31 60 41 34 48 14 72 25 67 98 54 66 38 88 16 6 37 19 0
47 87
80 41
80 10
97 48
40 34
40 15
82 11
82 66
82 37
82 62
24 48
24 79
24 65
36 68
36 57
36 12
61 34
61 60
27 11
27 42
13 0
26 74
9 34
9 55
35 43
35 5
59 87
93 43
93 49
75 51
75 45
92 73
92 3
1 52
1 56
71 0
81 25
69 94
74 68
74 90
74 7
21 33
94 20
94 6
85 18
85 38
46 34
46 77
46 96
4 96
23 65
30 11
30 20
30 33
30 34
52 20
52 73
52 76
52 88
70 56
58 55
58 32
20 98
20 18
73 44
28 49
28 31
50 45
95 68
95 41
89 49
51 34
51 48
53 54
11 68
39 54
43 54
8 48
68 25
68 19
68 67
83 0
78 87
84 34
29 98
87 34
49 22
34 16
34 54
14 67
72 16
19 0