62 20 53 86 34 87 64 0 54 83 74 92 77 37 56 51 85 84 6 4 23 89 50 2 65 30 46 78 88 12 14 72 57 31 99 35 98 59 82 29 97 9 1 55 11 70 96 8 43 73 5 17 63 21 75 60 95 80 47 76 13 32 7 36 19 68 15 61 42 67 94 81 69 71 48 49 58 18 44 25 16 3 66 45 22 28 33 38 91 26 90 24 93 41 79 52 27 10
62 61
62 63
20 19
20 21
53 54
53 52
86 85
86 87
34 33
34 35
87 88
64 63
64 65
0 99
0 1
54 55
83 82
83 84
74 73
74 75
92 91
92 93
77 76
77 78
37 36
37 38
56 57
56 55
51 52
51 50
85 84
6 5
6 7
4 3
4 5
23 22
23 24
89 88
89 90
50 49
2 1
2 3
65 66
30 29
30 31
46 47
46 45
78 79
12 11
12 13
14 13
14 15
72 71
72 73
57 58
31 32
99 98
35 36
98 97
59 60
59 58
82 81
29 28
97 96
9 8
9 10
11 10
70 69
70 71
96 95
8 7
43 44
43 42
17 16
17 18
21 22
75 76
60 61
95 94
80 79
80 81
47 48
32 33
19 18
68 67
68 69
15 16
42 41
67 66
94 93
48 49
44 45
25 24
25 26
28 27
91 90
26 27