67 16 4 51 43 39 12 90 91 37 32 15 34 54 22 9 2 40 44 5 38 75 3 79 64 77 20 68 28 49 55 26 45 29 25 35 70 41 50 33 60 86 7 36 21 17 6 93 31 92 30 58 13 61 48 78 52 63 66 98 76 71 53 85 95 56 89 47 27 23 62
67 60
67 92
67 68
16 12
4 9
4 7
4 31
4 22
51 50
51 37
51 56
43 27
39 32
39 34
12 13
90 78
90 9
90 86
91 92
37 52
37 35
37 33
37 41
32 78
32 28
32 50
32 30
15 53
15 29
54 52
54 27
54 85
22 26
9 75
9 93
9 2
9 3
2 6
40 3
40 63
44 5
5 3
5 64
38 36
3 17
79 77
77 78
20 28
49 41
55 52
26 23
45 48
29 95
25 50
35 60
70 78
41 62
50 53
33 36
60 47
21 30
17 13
31 48
58 52
61 27
78 71
78 76
63 98
66 62
89 62