1 36 70 57 47 71 28 75 52 16 48 66 53 65 32 54 68 72 42 35 43 4 9 49 12 7 74 15 56 50 55 31 51 11 22 27 59 45 14 20 38 61 30 69 44 58 34 29 60 21 62 0 10 77 63 19 37 23 33 25 24 40 41 13 5 2 26 46 8 17 39 3 73 6
1 0
1 2
1 49
36 35
36 39
70 66
57 29
47 3
47 55
71 59
28 11
75 61
75 77
52 43
16 14
48 21
66 39
53 49
65 9
32 26
54 20
68 58
72 46
42 41
35 34
43 41
4 3
4 5
9 6
12 6
7 6
7 15
74 55
15 20
15 21
15 22
15 24
56 29
56 61
50 2
31 26
31 23
51 3
11 26
11 27
11 29
59 8
45 44
45 46
45 60
14 5
14 17
14 19
38 5
38 58
38 73
30 26
69 46
44 39
34 33
62 37
0 26
0 3
10 3
77 63
37 3
33 26
33 25
25 40
25 41
13 6
8 6
3 6