85 1 37 59 72 39 10 28 76 24 21 20 22 81 16 92 96 52 9 54 48 3 69 43 87 55 13 42 95 65 8 46 73 11 36 53 18 40 7 27 62 25 83 17 57 34 75 77 5 19 70 0 89 32 44 68 4 93 29 56 6 33 31 30 51 26 35 91 41 67 14 23 97 80 66 86 15 45 60
85 26
1 13
1 36
37 39
59 13
59 57
72 70
39 3
10 13
10 53
10 54
28 13
28 89
76 21
24 13
24 81
21 13
20 13
20 73
22 13
22 77
16 13
16 66
92 29
96 31
52 9
9 13
9 51
54 56
48 7
3 13
3 40
69 18
43 5
87 27
55 11
13 0
13 4
13 6
13 8
13 11
13 14
13 15
13 17
13 18
13 19
13 23
13 27
13 29
13 30
13 31
13 32
13 60
42 4
95 31
95 93
65 67
46 6
73 75
18 70
7 0
62 14
25 0
25 83
17 67
17 68
34 0
5 0
5 44
0 26
0 33
32 97
4 41
29 91
6 45
33 35
26 86
23 80