72 6 17 60 77 68 84 24 14 0 98 7 28 52 86 36 18 16 44 34 49 8 82 99 89 13 63 85 33 65 42 59 30 19 64 55 76 87 25 78 31 38 37 35 40 4 10 1 26 43 29 46 93 69 11 9 58 83 80 54 88 48 75 39 74 79
72 43
72 18
6 64
17 29
60 43
77 86
77 25
77 40
68 63
84 29
24 79
24 1
14 46
0 18
98 38
7 9
28 18
52 83
52 59
86 34
86 9
86 65
86 48
36 8
36 83
36 31
36 54
16 75
44 75
34 8
34 69
34 93
49 83
8 29
82 74
82 76
82 85
99 42
89 29
89 55
13 74
13 39
63 48
33 48
33 30
65 88
42 74
59 4
19 9
64 69
87 35
78 43
38 46
37 79
35 74
35 75
10 39
1 26
43 29
43 58
29 79
29 80
46 48
93 11
48 74