81 0 83 35 33 90 88 31 45 71 87 7 72 40 9 46 60 56 63 74 29 44 19 47 18 70 69 80 73 11 82 25 2 76 61 84 49 12 94 89 58 6 77 96 48 24 50 13 65 38 51 85 78 55 28 34 62 86 36 22 14 5 52 92 98 59 20 54 23 66 75 53 91 67 37 42 30 8 3 41 68 64 57 43 1
81 0
81 34
0 29
0 55
0 56
0 57
0 58
0 59
0 60
0 61
0 62
0 63
0 64
0 65
0 66
0 67
0 68
0 69
0 70
0 71
0 72
0 73
0 74
0 75
0 76
0 77
0 78
0 80
0 82
0 83
0 84
0 85
0 86
0 87
0 88
0 89
0 90
0 91
0 92
0 94
0 96
83 36
35 82
33 80
90 45
88 42
31 30
71 22
87 41
7 40
7 48
72 23
40 86
9 29
9 43
46 91
56 2
63 11
74 25
44 89
19 2
47 92
47 51
18 69
18 30
18 38
70 20
73 24
25 50
61 8
84 37
49 42
12 64
12 54
6 5
6 52
77 28
96 53
13 53
55 1
14 66
5 59
98 3
3 57