70 63 81 94 3 93 34 21 2 91 95 47 40 67 55 23 15 11 36 89 39 26 74 77 37 86 58 4 12 78 44 99 52 7 43 27 98 5 14 61 8 82 54 66 45 17 50 51 42 72 87 53 69 49 31 32 28 79 38 35 80 13 62 20 88 96 75 33 92 84 59 0 83 64 22 19 30 57 25 65 48 56 41 18 60 76 68 85 71 16 46 29 9 6 90 73 10 24
70 69
63 62
63 64
63 65
81 80
81 82
81 83
94 93
3 5
3 2
93 92
93 95
34 35
21 23
21 20
2 0
91 90
95 96
47 48
47 46
47 45
40 41
67 66
55 56
23 24
23 22
15 17
15 14
11 12
11 10
11 9
36 38
36 35
89 87
89 90
39 41
39 38
26 27
26 25
26 24
74 72
74 75
77 75
77 78
37 38
86 84
86 87
58 57
4 5
12 14
78 79
78 80
44 45
44 43
44 42
99 98
52 53
7 8
27 29
98 96
5 6
14 13
61 60
8 9
8 6
54 56
54 53
66 65
66 68
17 18
17 16
50 51
50 49
50 48
51 53
42 41
72 71
72 73
87 88
69 68
69 71
31 32
32 33
32 30
28 29
35 33
62 60
20 19
20 18
75 76
92 90
84 83
84 85
59 57
59 60
30 29
57 56