12 16 55 14 38 59 67 44 72 77 27 1 45 24 70 34 10 7 53 43 39 49 63 60 58 35 54 40 9 69 19 36 3 31 11 21 32 22 61 18 66 28 6 47 62 57 71 20 73 5 64 0 30 15 25 74 48 23 37 41 42 46 26 76 68
12 11
16 15
55 68
55 54
14 15
38 41
38 39
59 64
67 68
67 66
44 43
72 73
77 21
77 76
77 43
77 68
27 21
27 26
27 28
1 0
45 9
45 46
24 23
70 69
70 71
70 58
34 35
10 9
7 6
53 54
49 0
49 48
63 21
63 62
63 64
63 0
60 26
58 57
35 21
35 36
40 41
9 21
69 68
69 74
19 20
19 18
36 3
31 23
31 30
31 32
11 21
21 20
21 22
21 41
21 6
22 23
61 68
28 37
6 5
47 15
73 74
0 15
25 26
41 42