81 70 17 78 38 50 55 56 97 4 25 29 72 93 63 2 64 48 5 59 40 92 67 51 65 95 13 32 6 14 12 26 79 11 43 20 34 16 23 37 66 54 69 82 99 80 83 75 77 0 89 22 47 18 21 46 35 71 85 76 88 8 41 94 28 33 42 57 52 15 27 31 7 24 30 96 86 3 68 10
81 18
81 88
70 54
17 78
17 77
17 24
17 76
78 69
78 32
78 54
78 56
78 72
78 79
38 71
50 86
50 8
55 10
56 10
97 24
4 37
25 40
25 0
25 52
29 82
72 15
93 22
63 59
2 32
2 31
2 33
64 13
48 7
5 40
5 41
59 35
59 11
59 75
40 68
92 77
92 22
92 89
67 14
67 42
67 65
51 8
65 13
95 23
13 66
32 43
32 96
6 43
14 69
14 12
14 68
26 0
79 18
79 28
43 46
20 85
20 86
34 3
16 75
23 96
23 94
37 42
54 82
69 35
99 24
99 30
80 18
80 83
0 27
47 86
21 88
46 7
35 3
71 15
85 41
57 10