64 20 87 32 7 21 96 23 61 86 77 27 74 10 13 67 54 82 50 35 45 75 60 55 93 9 26 63 83 97 25 41 66 11 73 42 78 68 80 72 4 2 91 33 8 79 99 40 29 81 69 44 39 46 1 59 98 19 16 94 31 84 88 0 51 62 71 95 56 90 53 38 34 76
64 0
64 23
20 40
87 1
32 71
7 55
7 4
21 63
21 35
21 42
96 1
61 0
86 1
77 0
77 39
27 68
74 0
10 26
13 60
13 9
13 95
67 0
67 26
54 0
82 0
82 46
50 46
45 81
75 0
60 0
55 0
93 1
63 0
83 0
97 1
25 66
41 0
66 0
11 51
73 0
73 34
78 0
68 0
80 0
80 44
72 0
72 33
2 16
91 1
8 56
79 0
99 1
40 0
40 31
29 31
81 0
69 0
1 31
1 51
1 88
1 90
1 94
1 98
59 0
19 38
16 62
84 0
0 53
0 56
0 62
0 71
0 76
38 76