44 48 70 25 33 62 10 26 51 98 83 93 57 37 3 45 99 39 80 41 76 94 55 29 96 4 71 1 24 23 81 97 17 32 54 73 5 65 78 53 14 35 59 64 61 34 60 18 36 43 16 22 69 20 86 15 50 47 87 79 82 63 72 74 40 46 42 52 75 77 9 6 2 13 92 19 58 90 89 67 56 38 21 28 7 12 8 49 91 85 88 27
44 56
48 56
70 57
25 58
33 56
33 32
62 57
10 58
26 58
51 56
98 99
98 97
83 57
93 92
93 94
57 58
57 56
57 61
57 63
57 64
57 65
57 67
57 69
57 71
57 72
57 73
57 74
57 75
57 76
57 77
57 78
57 79
57 80
57 81
57 82
57 85
57 86
57 87
57 88
37 56
3 4
3 2
45 56
99 89
39 56
41 56
55 56
29 28
96 97
4 58
1 2
24 58
23 58
17 58
54 56
5 58
53 56
14 58
35 56
59 58
59 60
34 56
18 58
36 56
43 56
16 58
22 58
20 58
15 58
50 56
47 56
40 56
46 56
42 56
52 56
9 58
6 58
13 58
92 91
19 58
58 7
58 8
58 12
58 21
58 27
90 89
90 91
89 88
56 38
56 49
28 27