31 74 24 42 98 89 52 93 57 55 84 14 48 27 18 50 43 65 71 87 46 47 30 86 25 94 41 45 12 5 83 38 62 22 37 60 17 0 77 6 3 2 34 70 36 76 23 96 80 78 19 58 10 29 51 85 54 20 11 28 53 61 16 81 99 68 88 75 4 21 32 67 72 44 7 59 63 33 40 64 9 26 73 8 95 15 82 39 56 1 35 90
31 35
74 72
74 68
74 81
24 29
24 26
24 27
42 44
42 43
42 45
98 96
89 84
52 48
93 90
93 99
57 54
55 54
84 88
84 85
84 86
84 90
14 22
14 8
48 58
48 51
18 21
18 19
18 20
50 51
43 37
65 60
71 73
71 67
87 80
46 53
46 40
47 53
30 34
30 32
25 22
94 90
41 36
12 21
12 6
12 15
12 16
12 17
5 8
83 73
83 88
38 36
62 60
22 23
60 67
60 54
60 61
60 63
60 64
0 6
0 4
0 1
0 2
0 3
77 76
77 70
77 82
6 10
6 7
34 39
34 29
36 39
76 72
76 78
23 29
96 90
80 75
58 59
29 28
29 21
54 59
54 56
11 9
28 35
28 33
53 56
53 44
75 72
72 73
44 39
7 9
95 90