26 10 74 20 8 2 13 55 24 3 27 25 31 69 52 5 36 53 72 9 43 60 28 64 33 29 40 34 17 58 37 44 7 42 45 66 21 1 56 57 59 48 0 16 38 61 4 46 18 32 30 62 15 11 23 63 51 39 50 70 65 41 68 35 67 49 6
26 64
26 67
10 35
74 24
20 35
20 7
8 52
8 65
2 0
2 70
2 13
2 57
13 46
55 52
24 72
24 17
24 62
3 18
3 48
3 45
27 52
27 50
25 4
31 21
31 5
69 28
69 30
69 38
52 41
52 29
52 34
5 36
53 21
72 41
72 9
43 0
43 6
43 68
60 17
28 64
28 11
28 51
64 57
64 1
64 61
33 21
40 0
40 37
40 58
44 68
42 67
42 23
45 49
66 21
21 0
21 39
56 11
59 63
0 35
0 18
0 41
16 4
4 18
32 6
15 41
63 70