98 35 33 82 65 57 54 62 72 30 22 80 42 66 21 53 46 4 76 43 91 39 50 1 12 99 48 79 44 8 13 18 16 83 81 25 93 73 97 36 94 5 6 75 15 60 59 23 56 85 17 40 67 28 10 29 27 2 24 77 58 89 74 69 14 71 20 78 41 90 31 64 88 96 26 55 84 86 61 92 3 19 7 32 34 49 52 68 87 11 0 70 38 9 37
98 33
35 90
35 9
33 75
82 68
65 61
65 2
65 93
57 55
54 90
54 69
54 55
54 50
54 64
54 15
54 86
62 75
72 36
30 66
22 84
80 17
80 13
42 23
42 16
42 77
66 85
66 5
21 11
53 28
46 4
46 12
4 44
76 23
43 44
91 96
91 56
39 87
50 67
1 90
99 97
48 64
48 18
48 6
48 89
79 52
79 84
44 0
8 3
13 70
83 11
81 97
25 64
73 37
97 69
36 90
94 0
75 96
75 37
75 3
60 96
59 64
59 29
23 69
23 19
85 31
85 58
17 96
40 90
28 68
10 14
10 26
27 90
27 41
27 96
2 7
24 55
24 31
74 0
74 61
69 34
69 49
14 90
71 20
20 90
78 64
78 0
90 52
90 11
88 37
26 32
55 68
86 38
61 87
92 52