27 4 30 29 0 78 6 67 20 69 46 87 3 86 44 54 83 28 59 43 18 37 94 42 24 72 39 77 40 36 65 2 96 26 62 34 38 52 95 68 98 58 49 23 31 97 13 10 41 1 32 53 79 17 60 88 50 82 7 99 57 73 11 66 71 15 5 9 8 55 93 70 56 21 51 33
27 77
4 94
4 17
30 29
29 78
29 39
29 54
0 95
78 38
78 82
78 15
78 46
78 67
6 95
67 11
20 97
20 24
20 7
20 56
20 98
20 94
69 53
69 33
87 98
87 55
3 39
3 10
86 38
86 18
86 96
44 97
44 93
83 5
83 26
28 36
59 98
43 24
43 40
43 34
43 21
37 32
37 62
94 23
42 97
42 5
24 77
24 65
24 66
72 95
72 1
36 98
2 99
34 58
38 97
38 9
38 68
38 57
52 98
52 60
95 97
98 41
98 53
49 57
31 17
97 32
97 50
97 51
13 32
79 33
88 57
99 21
73 33
71 93
5 70
8 51