75 31 80 84 2 77 78 85 68 9 81 26 19 48 57 39 65 94 40 12 36 24 93 29 53 32 4 1 46 90 7 42 18 51 54 70 71 58 30 69 10 21 5 8 27 25 60 74 61 43 96 52 76 47 45 20 88 3 34 82 13 15 73 22 64 89 28 17 35 33 14 11 56 87 44 16 72 6 0 59 63 23 41
75 76
31 30
31 32
31 60
31 48
80 34
80 81
84 85
84 89
2 3
2 1
77 78
78 6
78 34
85 9
68 96
9 8
9 10
81 82
26 27
19 20
19 18
48 47
57 4
57 56
57 58
39 40
65 45
65 64
94 93
40 41
12 11
12 13
36 35
24 23
24 25
93 56
29 28
29 30
29 76
53 54
53 52
32 54
4 5
4 3
4 90
4 20
1 0
1 72
46 45
7 8
7 6
42 76
42 41
18 17
51 52
70 69
71 72
58 59
69 72
10 11
10 28
21 20
21 22
5 6
27 28
60 61
74 73
43 44
96 23
45 56
45 44
88 89
88 87
34 33
34 35
13 14
15 14
15 16
73 72
64 63
28 23