57 91 85 40 21 77 63 12 18 81 2 16 83 11 75 23 60 54 64 59 56 9 41 43 22 19 20 97 17 46 26 80 61 71 45 88 30 65 38 10 48 34 89 3 47 92 76 15 31 55 82 50 99 35 6 93 39 98 67 70 95 96 14 94 86 78 7 5 13 33 52
57 35
91 20
85 13
40 20
40 97
21 9
77 3
77 5
77 20
77 88
63 17
63 26
63 71
12 31
12 35
18 15
81 52
2 26
16 17
16 7
16 52
16 94
83 26
11 23
75 56
23 9
23 95
60 22
54 59
64 26
59 61
56 48
9 20
9 38
9 6
9 48
9 13
9 41
9 47
9 55
9 82
43 33
22 5
19 98
19 10
19 50
20 31
20 67
20 30
20 39
17 67
46 5
26 33
80 33
80 96
61 13
61 86
71 78
45 30
65 6
48 92
34 13
89 14
3 70
76 5
15 14
99 35
6 98
93 13
14 5