20 96 44 33 65 34 41 1 53 61 77 67 6 38 51 73 2 57 81 48 13 68 19 31 21 87 59 52 39 47 92 12 23 66 76 27 56 30 88 43 17 79 85 55 94 25 58 28 50 16 29 95 40 83 54 74 0 18 63 69 84 60 72 5 93 75 7 90 24 35 82 89 80 91 78 8 97 45 32 98
20 27
20 19
96 43
96 5
44 35
33 32
65 67
34 68
41 95
1 98
53 54
53 52
61 97
77 76
67 80
67 95
67 84
67 56
6 66
38 84
38 21
38 7
51 50
73 43
2 59
57 56
81 88
48 54
48 47
48 88
48 13
48 18
13 12
13 58
68 17
31 32
31 30
87 55
59 60
59 24
39 75
47 60
92 80
12 0
23 54
66 74
66 40
66 45
76 85
27 74
56 89
43 91
17 16
79 78
79 8
85 74
85 16
85 83
85 72
55 54
55 32
94 84
25 54
28 74
50 60
50 35
16 90
29 74
54 80
74 80
74 93
63 80
69 89
84 98
75 80
82 80
82 78
80 91
80 97