32 70 40 63 27 83 41 46 53 88 72 89 59 91 75 76 44 36 47 11 48 81 24 60 42 85 0 77 50 90 93 30 96 2 98 61 38 74 17 18 92 57 78 62 51 71 99 67 86 64 14 95 4 52 55 54 16 80 15 7 8 94 45 29 22 56 84 49 65 35 28 68 6 21 87 1 66 5 12 79 33 20 23 37 43 69 31 13 73 19 82
32 28
32 2
32 72
70 81
40 5
63 12
27 83
27 0
83 19
83 35
41 5
41 71
46 7
46 65
46 79
46 75
46 84
46 90
53 94
88 21
88 57
89 84
59 11
91 22
75 67
75 16
76 47
76 17
76 43
44 6
44 86
36 31
47 7
47 29
47 30
11 60
48 7
48 99
81 99
24 99
24 98
60 28
42 29
42 5
85 66
77 17
77 38
77 50
77 51
50 8
90 21
90 80
93 99
93 22
30 1
30 45
30 56
30 96
2 33
61 12
38 4
74 16
17 78
18 79
92 22
78 87
78 62
78 55
62 12
71 15
99 94
67 14
64 13
64 68
14 69
95 56
4 37
52 82
55 54
16 73
8 49
94 23
84 19
65 13
28 1
6 43
87 20
66 13
43 31
19 82