15 6 22 45 39 68 48 74 47 38 73 64 72 51 42 25 31 96 91 21 89 13 78 70 12 86 17 61 34 20 44 54 88 49 94 11 90 33 43 1 53 84 28 59 7 87 62 36 50 14 56 23 29 81 41 75 5 19 79 97 40 8 77 66 92 85 93 71 4 95 37 2 46 27 99 58 0 24 65 83
15 71
15 70
15 72
6 45
6 43
6 44
22 91
22 92
22 93
45 39
45 54
39 4
39 29
39 41
68 42
68 14
48 93
74 47
47 91
47 7
38 4
38 91
38 96
38 71
73 94
73 75
64 53
72 81
51 8
51 78
42 5
25 37
25 59
25 0
31 71
31 2
31 87
31 36
96 23
21 88
21 89
21 90
89 79
13 66
13 65
78 17
78 77
70 53
12 61
12 62
86 41
61 71
61 85
61 83
34 36
20 85
88 92
88 84
49 8
49 97
94 23
11 59
11 58
33 2
1 29
1 28
7 46
50 71
50 8
56 83
23 95
41 5
41 66
5 40
19 83
97 24
4 37
46 99
27 0