7 45 67 14 16 24 6 88 11 44 83 68 77 9 60 57 91 55 86 62 42 98 4 56 61 75 70 43 64 92 30 69 10 13 8 27 95 65 34 32 51 1 87 90 52 53 18 58 37 78 19 0 79 15 94 12 29 66 82 41 22 31 50 36 97 96 25 74 17 20 26 40 28 49 85 54 81 5 89 93 33 39
7 22
7 78
45 49
45 36
45 39
67 90
14 41
16 49
16 30
24 37
24 62
24 93
6 29
88 20
88 53
88 49
88 68
88 96
11 27
44 97
83 1
83 54
77 41
9 49
60 95
57 1
57 4
57 17
91 34
55 27
86 0
42 96
42 19
98 69
98 31
56 85
56 28
61 19
61 43
75 1
70 92
64 37
64 51
92 20
92 18
69 29
10 29
10 40
10 25
10 58
10 94
13 95
8 96
27 29
95 97
65 37
34 12
32 37
1 96
1 29
1 33
1 50
1 85
87 85
90 85
52 97
53 12
53 89
18 22
37 49
0 17
79 96
79 41
15 36
29 66
29 74
82 33
50 81
97 49
26 39
49 5