27 88 24 40 5 18 75 62 86 9 39 1 72 98 50 64 84 74 0 60 87 94 19 33 42 21 51 17 25 49 93 32 79 34 47 77 65 99 44 92 97 29 4 30 83 78 68 66 13 46 69 67 56 11 57 52 96 89 38 90 43 58 12 14 35 63 76 26 6 54 85 16 28 31 3 61 37 71 48 7 2 15 95 8 22 23 10 91 73 45 82 36 81 20 70 53 41 59 55
27 26
27 28
88 89
88 87
24 25
24 23
40 39
40 41
5 6
5 4
18 19
18 17
75 74
75 76
62 61
62 63
86 87
86 85
9 10
9 8
39 38
1 2
1 0
72 71
72 73
98 99
98 97
50 49
50 51
50 99
64 63
64 65
84 85
84 83
74 73
60 59
60 61
94 95
94 93
19 20
33 32
33 34
42 41
42 43
21 22
21 20
51 52
17 16
25 26
49 48
93 92
32 31
79 78
34 35
47 46
47 48
77 76
77 78
65 66
44 43
44 45
92 91
97 96
29 28
29 30
4 3
30 31
83 82
68 67
68 69
66 67
13 14
13 12
46 45
69 70
56 55
56 57
11 12
11 10
57 58
52 53
96 95
89 90
38 37
90 91
58 59
14 15
35 36
6 7
54 53
54 55
16 15
3 2
37 36
71 70
7 8
22 23
82 81