65 77 27 8 51 7 81 13 22 31 70 2 67 95 19 39 30 55 59 20 32 49 14 68 74 23 25 90 35 52 24 60 83 84 99 1 62 50 45 42 36 18 72 3 88 47 79 56 94 0 44 11 87 38 12 91 33 54 75 85 66 6 21
65 62
77 85
27 85
27 25
8 21
51 52
7 47
7 18
7 56
81 88
81 54
13 62
13 2
22 24
31 47
70 74
67 87
67 36
95 79
19 85
39 79
39 11
39 38
30 88
55 50
59 47
59 32
20 24
49 44
14 0
68 62
68 45
74 44
23 21
90 85
35 52
52 54
24 54
60 3
83 87
84 54
99 62
99 0
1 85
62 88
50 85
42 0
18 66
72 79
72 75
3 85
88 85
88 21
88 94
47 0
79 85
0 33
0 6
44 85
11 12
87 85
87 91