27 20 69 16 32 80 93 12 31 59 71 55 21 46 97 83 89 10 29 43 49 66 64 5 30 40 79 91 7 39 92 3 23 94 87 68 51 75 11 4 18 76 38 84 17 35 74 28 78 26 70 61 85 37 42 19 88 73 82 25 81 0 98 53 63 15 24 22 96 62 41 60 45 72 47 56 48 95 54 57 58 65 36 9 86 67 90 8 2 77 99 6
27 81
20 75
20 38
69 0
69 8
16 8
32 30
80 0
80 26
93 0
12 71
12 43
31 61
31 6
59 11
59 51
71 0
55 9
21 76
46 22
46 97
97 0
83 0
89 0
89 36
10 42
29 4
49 39
49 45
66 0
66 3
64 61
5 67
30 0
40 0
79 0
79 25
91 0
7 68
7 65
39 92
39 57
92 0
23 77
94 0
94 41
87 0
68 0
75 0
11 38
11 15
4 0
4 48
18 63
76 0
84 0
17 73
35 88
74 0
74 19
28 82
78 0
78 24
70 0
70 9
61 57
85 0
37 90
42 95
42 60
88 0
73 0
82 0
81 0
0 67
0 72
0 77
0 86
0 90
0 95
0 96
0 98
0 99
98 47
53 60
63 48
62 36
56 48
54 2
57 2
58 8