90 89 65 42 17 83 61 87 9 20 15 70 34 62 11 59 44 98 47 56 67 77 40 25 95 55 16 32 6 80 99 5 21 26 3 50 68 96 43 79 18 76 37 57 74 2 73 93 36 28 88 49 41 30 24 22 31 64 27 23 0 45 35 54 39 84 19 78 38 4 10 75 81 82 71 29 12 48
90 84
89 21
89 25
65 43
42 54
42 5
17 77
17 78
17 76
83 19
83 35
83 88
83 99
61 82
61 12
87 74
87 20
87 68
9 54
15 71
70 98
34 3
62 12
11 12
59 95
44 82
44 81
44 6
98 24
47 99
56 10
67 48
67 49
77 73
77 31
40 5
25 26
95 23
55 10
55 32
55 93
16 73
16 23
16 74
16 75
32 27
6 43
6 45
80 99
80 50
99 24
5 41
21 88
3 35
3 36
68 71
96 45
96 29
79 18
79 64
18 81
37 4
57 73
57 10
74 30
2 31
73 54
73 82
93 22
28 39
27 0
54 38
39 4
84 19
19 82
78 48
38 4