90 51 53 36 40 83 93 50 1 11 30 91 2 67 20 38 68 94 17 48 66 45 72 42 9 26 86 58 64 39 88 61 49 8 46 85 43 73 87 37 76 24 92 77 27 98 84 22 75 5 69 97 35 52 19 78 57 70 14 25 0 44 13 21 15 18 32 80 79 65 6 3 41 33
90 91
51 52
53 44
53 57
53 61
36 35
36 87
36 75
40 41
40 30
83 84
93 94
50 79
50 49
1 0
1 2
11 9
91 43
2 3
67 25
20 21
20 52
38 65
38 86
68 48
68 27
68 33
94 42
94 41
17 25
17 18
48 43
66 65
66 69
45 39
72 73
72 98
42 43
9 39
26 86
58 39
64 73
39 43
88 78
88 8
46 37
85 35
85 70
85 19
85 6
85 92
43 0
43 24
43 44
43 65
43 80
73 65
73 84
37 65
37 76
76 77
24 25
98 97
22 25
22 21
5 65
35 80
35 79
78 0
14 18
14 15
13 79
32 33