63 4 84 74 83 12 30 77 89 67 49 90 1 56 18 61 81 28 73 44 58 2 11 7 86 41 59 35 39 25 26 47 45 6 0 54 23 10 36 34 76 93 37 70 94 99 20 46 3 42 40 31 22 87 97 16 52 85 80 57 9 96 17 92 62 91 27 72 60 51 33 19 82 14 29 55 13 98 75 48 8 5 43 88 69 71 53 64
63 12
4 37
84 74
74 16
74 49
74 51
74 80
83 86
83 19
12 62
12 61
30 1
77 43
77 17
77 54
89 80
67 86
67 14
49 8
90 93
1 29
1 28
56 81
56 10
18 81
61 37
61 26
81 47
81 98
81 99
73 16
73 96
44 6
44 31
58 11
2 31
2 33
11 59
7 46
7 47
7 48
86 43
86 20
86 87
86 92
41 5
41 39
59 64
35 43
35 3
25 42
26 72
45 6
45 97
6 43
0 27
54 9
23 96
10 55
36 3
36 60
34 3
76 17
93 22
70 92
94 97
20 85
46 40
46 43
46 75
42 5
40 5
22 91
16 75
52 9
57 29
9 53
62 48
91 48
91 27
19 82
14 69
29 43
29 71
13 64
48 64
88 64