60 6 48 70 67 58 26 25 3 79 75 78 50 54 12 9 32 65 35 1 71 74 16 55 33 72 24 13 56 39 4 20 77 30 5 51 22 8 10 47 69 0 34 61 2 46 29 64 68 19 15 43 17 52 11 62 76 73 57 44 59 28 7 23 18 66 36
60 59
6 55
6 0
6 8
6 9
48 72
48 47
70 57
70 76
67 66
67 78
58 59
58 54
58 56
26 1
25 23
3 0
79 78
79 18
75 51
75 15
78 32
50 55
50 51
54 55
12 65
12 5
12 7
12 11
65 62
35 30
35 36
1 2
71 66
71 69
71 72
74 51
16 13
33 34
24 23
13 5
13 28
56 73
39 29
4 5
20 19
77 2
77 30
30 29
30 19
30 34
5 2
51 52
22 69
10 15
47 46
0 17
61 66
64 62
64 66
68 59
43 44
52 44
62 59
76 23
57 59