55 88 40 15 36 21 72 69 39 27 99 60 83 61 48 53 17 19 93 52 12 2 49 67 35 34 51 71 84 9 20 47 81 54 66 64 96 42 70 25 7 68 75 29 50 8 6 5 80 4 91 94 37 73 32 13 38 46 65 56 22 23 44 16 62 78 82 97 95 85 1 74 26 98 59 77 58 43 76 18 41 3 31 10 30 89 90
55 56
55 50
55 64
88 89
40 74
40 39
40 41
15 16
36 37
36 35
21 20
21 22
72 73
72 71
69 70
39 38
39 30
27 26
99 65
99 98
60 59
83 96
83 84
61 53
61 62
48 31
48 47
48 49
53 54
17 18
17 16
17 12
19 18
19 10
19 20
93 94
52 51
52 59
12 13
2 9
2 1
49 18
67 66
67 68
35 34
51 50
71 70
71 58
9 10
9 8
47 46
81 98
81 80
81 82
54 50
66 65
64 65
96 97
96 95
42 41
42 43
25 30
25 26
7 8
7 6
75 80
29 38
6 5
80 89
4 13
4 3
91 90
94 95
94 85
37 38
73 56
73 74
32 31
22 23
44 43
78 77
82 76
97 98
77 76
31 30
89 90