3 46 13 26 65 2 14 37 27 63 1 57 70 53 17 21 18 7 60 0 59 89 86 51 23 12 44 33 88 66 96 73 35 28 16 93 83 41 72 4 56 36 80 19 64 38 87 40 69 91 32 54 11 67 85 15 74 43 95 5 68 29 79 50 48 82 25 76 94 39 47 49 61 20 30 75
3 54
46 21
13 72
13 74
13 95
26 19
65 11
2 38
14 68
14 11
14 96
14 93
37 75
27 93
63 48
1 80
57 33
70 30
53 5
17 68
17 5
17 33
17 61
21 72
21 50
21 85
21 89
18 15
7 11
60 93
60 43
0 11
59 73
86 68
51 12
23 80
23 88
23 48
23 66
23 87
23 91
23 54
23 64
12 80
12 72
12 94
44 93
44 41
88 35
88 40
88 67
66 20
96 73
73 49
73 56
28 49
16 4
83 11
83 36
72 76
4 68
4 15
4 38
36 39
80 68
19 79
38 82
38 75
69 20
32 15
85 47
15 79
43 29
68 25
48 30