64 3 46 6 66 74 38 71 4 57 1 40 45 42 89 30 26 84 47 86 14 41 43 61 59 54 25 60 73 55 85 98 93 23 83 76 70 7 92 9 13 31 67 62 77 91 37 63 11 39 90 29 24 27 49 10 81 50 0 19 56 32 58 87 69 8 18 20 88 53 35 22 36 2 12 96 75 48 44 52 78 79 72 68 28 82 5 34
64 57
64 63
64 62
3 0
46 45
6 5
6 34
66 91
66 69
74 62
74 70
74 72
74 44
38 39
71 70
4 48
57 55
57 56
1 60
1 0
1 2
40 44
45 48
45 49
42 62
42 43
42 41
89 9
89 85
89 28
30 34
26 29
26 75
84 44
84 83
84 82
47 70
47 48
86 85
86 77
14 10
14 54
43 37
61 60
59 56
59 58
25 28
25 29
60 63
73 23
55 5
85 88
98 31
93 91
93 92
23 20
83 81
76 77
7 8
9 5
13 10
31 34
67 69
67 68
77 79
91 90
37 36
63 11
11 12
11 53
39 35
39 50
90 56
90 19
24 20
27 28
10 12
19 18
32 34
87 88
87 20
8 5
8 96
20 22
53 52
35 68
75 78