62 0 85 14 73 57 72 49 60 22 51 16 17 28 79 20 3 80 30 68 53 7 33 97 42 66 76 44 65 54 41 23 37 27 90 11 78 50 91 1 18 39 35 74 71 82 58 70 43 19 31 81 10 94 75 47 40 64 98 38 55 36 5 26 61 93 92 8 63 59 32 89 96 34 12 86 56 95 46 9 77 87 48 15 4 69 25 13
62 80
0 56
0 59
85 95
14 41
14 51
73 79
57 44
72 79
72 87
49 63
60 74
60 44
60 91
22 27
22 65
22 79
51 13
16 76
17 28
17 68
17 34
17 46
28 74
28 89
79 94
20 42
3 7
80 75
80 64
30 74
30 78
53 63
7 92
33 92
97 82
42 94
66 1
76 9
76 75
76 38
76 92
65 39
54 75
54 55
54 18
54 4
41 27
41 48
41 26
23 19
23 8
23 25
37 9
27 9
27 74
27 56
90 34
11 36
11 63
78 71
78 61
78 47
50 92
91 70
91 93
1 94
18 77
35 82
82 96
82 86
58 81
43 98
19 9
19 96
19 95
19 10
31 69
81 94
75 12
40 98
98 55
36 92
36 69
5 92
32 56
96 15