89 63 28 13 6 12 32 90 66 16 10 71 82 21 11 51 59 53 37 56 22 4 25 98 38 34 95 92 8 0 55 85 88 47 42 48 93 87 7 94 36 84 65 72 41 67 80 75 39 35 19 74 9 86 1 81 79 5 31 83 2 40 97 3 18 62 57 58 46 91 17 73 54 49 20 43 15 44 33 60 69 27 29 30 24 76 61 96 70 77 68 23
89 61
63 65
28 95
13 62
6 77
12 23
12 92
12 82
32 88
32 21
90 48
66 25
16 27
10 92
10 88
10 54
10 33
71 51
71 97
71 56
82 15
82 34
11 72
11 35
51 85
51 87
59 9
59 53
37 81
22 84
22 25
4 1
98 44
98 19
38 88
38 55
95 61
95 9
92 0
8 9
8 96
8 91
0 3
85 61
85 23
85 72
88 18
47 31
47 60
42 23
42 86
48 69
93 81
7 57
94 39
94 41
36 40
84 46
65 83
72 57
67 68
80 20
75 68
39 1
39 69
39 5
74 17
1 23
1 44
81 44
79 49
31 68
31 61
31 40
31 73
83 20
83 77
83 70
2 70
40 20
40 46
3 17
3 29
62 43
58 15
73 27
49 20
43 68
30 23
24 96
76 23