6 91 99 87 57 54 76 25 21 62 7 96 56 93 2 43 50 64 66 30 32 44 34 45 80 28 72 20 19 68 17 37 83 12 92 8 31 77 22 5 52 65 11 51 89 85 18 78 49 10 94 82 60 24 97 15 98 35 1 42 0 73 67 40 88 69 38 26 48 61 81 47 59 75 3 70
6 47
91 1
99 1
87 1
57 0
54 0
54 15
76 1
76 8
25 2
21 22
21 19
21 24
62 0
62 26
7 0
7 1
7 48
96 1
96 34
56 0
56 20
93 1
2 43
43 0
50 0
64 0
64 28
66 0
30 11
32 31
44 0
44 3
45 0
80 1
72 0
68 0
17 1
17 38
37 5
83 1
12 78
92 1
31 94
77 1
77 10
22 1
5 75
5 18
52 0
65 0
11 0
51 0
89 1
85 1
78 1
49 0
94 1
82 1
60 0
97 1
98 1
35 69
1 75
1 81
1 88
42 0
0 47
0 59
0 61
0 67
0 69
0 70
0 73
73 40