75 70 8 27 20 3 61 98 6 49 24 43 51 92 29 56 11 33 72 17 53 71 12 67 2 36 78 0 15 60 32 7 30 90 76 38 66 35 65 94 89 80 52 62 34 96 22 63 28 69 91 18 47 79 97 68 81 59 82 31 86 41 40 93 16 95 13 37 55 9 4 57 14 25 74 87 19 58 21 10 39 1 50 54 42 5 48 23 83
75 62
75 74
75 76
70 69
70 71
8 9
27 28
20 19
20 21
3 4
3 2
61 60
61 18
61 62
98 97
6 5
6 11
6 7
49 50
24 23
24 25
43 14
43 42
51 50
92 93
92 32
92 91
29 82
56 57
56 50
56 55
11 12
11 10
33 32
33 34
72 71
17 18
53 52
53 23
12 41
67 58
67 66
67 68
36 37
36 35
78 79
0 89
0 1
15 57
15 14
15 16
60 59
60 93
32 31
30 31
30 86
90 95
90 89
38 37
38 5
38 39
66 65
66 79
35 47
94 93
94 52
94 95
80 79
62 63
96 95
96 13
96 97
22 23
63 48
28 31
69 68
18 19
68 9
81 82
59 37
59 58
82 83
86 87
40 39
55 54
4 5
57 58
19 83