80 32 88 47 37 33 27 53 76 92 62 16 97 7 26 90 0 44 61 6 71 9 55 81 38 84 63 15 83 13 74 91 31 69 20 22 86 4 94 75 73 24 25 46 72 58 79 89 65 48 87 36 3 8 30 93 64 43 14 52 49 67 95 18 42 28 39 10 11 57 17 2 77 96 45 59 35 34 1 5 85 98 68 99
80 81
32 33
32 30
32 57
88 89
88 87
88 53
47 46
47 48
47 15
47 49
37 73
33 45
33 71
33 34
27 63
76 77
76 28
92 93
92 59
62 61
16 15
16 65
97 96
97 98
97 86
7 6
26 61
90 89
0 1
0 75
0 63
44 45
44 43
44 39
61 96
6 95
71 79
9 10
9 8
55 20
81 74
38 39
84 39
84 17
15 14
83 1
83 64
13 14
13 2
74 73
91 14
31 25
69 10
69 68
20 99
22 75
4 49
4 3
94 46
94 93
94 95
94 89
73 72
73 42
24 89
24 25
24 52
46 45
46 10
72 95
58 59
79 85
48 67
36 35
93 5
43 77
95 96
18 17
10 11
11 35
45 1
98 99