31 48 8 88 80 72 87 24 44 9 58 78 79 81 56 36 14 32 47 92 63 73 74 11 26 39 49 83 65 94 59 40 1 53 37 45 21 38 98 62 55 76 68 89 70 3 85 6 13 23 91 54 64 99 2 27 34 7 52 66
31 23
31 37
48 65
8 9
8 32
88 56
88 87
88 89
80 3
80 79
72 62
72 92
24 23
44 40
9 37
9 34
58 11
78 36
81 59
56 65
56 55
56 2
56 53
56 59
36 94
36 52
14 47
14 91
47 27
47 64
47 49
63 66
63 70
63 11
73 74
74 13
11 98
11 1
26 89
26 76
39 3
83 52
65 66
65 27
94 2
59 54
40 66
37 13
37 38
45 2
21 99
62 85
62 99
68 23
70 23
70 85
3 2
6 27
6 7