0 41 57 97 15 53 70 76 71 89 22 27 5 8 86 61 63 73 14 18 10 40 81 91 58 34 62 20 82 39 3 69 37 92 65 77 95 32 46 45 98 96 52 26 25 68 36 72 74 17 79 90 60 12 29 84 59 83 21 16 54 78 56 19 23 38 9 31 64 11 87 28 93 24 55 2 42 30 94 4 7 1 6
0 28
0 34
41 4
57 12
57 59
97 32
15 28
15 63
53 10
70 18
70 72
76 21
71 19
89 28
89 91
22 28
22 77
22 78
27 28
27 87
5 28
8 28
86 26
61 14
73 20
14 28
14 62
18 28
18 69
10 28
10 54
40 3
81 24
58 12
58 60
62 64
20 28
20 74
82 24
39 3
3 28
37 2
92 90
65 16
95 31
32 28
32 98
46 6
45 6
96 31
52 9
26 28
25 28
25 83
25 84
68 17
36 1
17 28
79 23
90 28
12 28
29 28
21 28
16 28
56 11
19 28
23 28
38 2
9 28
31 28
11 28
11 55
28 1
28 2
28 4
28 6
28 7
28 24
28 30
93 30
42 4
30 94