18 79 55 33 57 0 60 47 64 39 88 17 13 50 20 67 63 87 16 66 45 23 42 98 68 34 77 73 8 72 53 26 82 3 71 5 29 83 92 93 74 95 4 1 21 90 31 49 11 12 22 85 51 24 44 9 25 61 15 41 43 76 62 6 7 40 75 80 69 35 48 36 37 27 91 58 59 28 52 97 38 86 32 14 94 70 10 46 84 19 96 65 78 89 2 56 30 81 54
18 17
18 19
79 78
79 80
55 54
55 56
33 34
33 32
57 56
57 58
0 1
60 59
60 61
47 48
47 46
64 63
64 65
39 40
39 38
88 87
88 89
17 12
13 10
13 12
13 14
13 15
50 49
50 51
20 19
20 21
67 66
67 68
63 62
87 86
16 15
66 65
45 46
45 44
23 22
23 24
42 43
42 41
98 97
68 69
34 35
77 76
77 78
73 72
73 74
8 7
8 9
72 71
53 52
53 54
26 25
26 27
82 81
82 83
3 4
3 49
71 70
5 4
5 6
29 28
29 30
83 84
92 91
92 93
93 94
74 75
95 94
95 96
1 49
21 22
90 89
90 91
31 30
49 2
49 48
11 10
85 84
85 86
51 52
24 25
44 43
9 10
61 62
41 40
76 75
6 7
80 81
69 70
35 36
36 37
37 38
27 28
58 59
97 96