17 13 57 95 42 49 44 83 8 77 19 15 52 50 59 92 78 61 18 99 38 43 32 82 55 71 58 1 79 2 80 20 24 69 33 62 48 21 35 47 36 4 67 66 51 86 11 29 74 45 9 60 91 0 54 41 10 56 34 70 31 5 63 12 22 26 85 28 72 81 96 97 40 7 64 27 73 14 90 88 3 30 6 89 76 65 53 39 16 68 37 46 25
17 21
13 21
13 12
13 4
13 10
13 14
57 58
57 56
95 96
42 43
49 50
49 51
44 45
44 41
44 43
44 54
83 82
8 7
77 73
77 71
77 79
77 88
19 33
19 18
19 22
19 20
15 25
15 27
52 55
52 50
52 53
59 65
59 58
59 55
92 90
78 79
61 63
18 30
18 32
99 89
99 97
38 39
38 37
32 31
82 79
82 80
71 70
1 3
2 3
2 0
20 21
24 22
24 25
69 72
33 35
33 34
62 64
62 63
48 45
35 41
47 46
36 34
4 3
67 65
67 73
66 65
66 60
51 45
86 89
86 91
11 10
29 27
74 76
45 46
9 10
91 90
41 40
10 6
34 39
70 76
5 6
12 16
26 25
85 88
28 27
72 73
81 76
96 97
7 6
64 65
88 89
65 68