0 7 66 40 93 15 56 95 26 94 62 2 42 44 48 58 34 87 84 77 60 8 63 57 81 43 53 30 89 31 85 29 32 10 36 25 1 78 72 86 21 70 79 19 23 45 64 50 20 17 46 18 39 68 3 99 65 98 47 88 9 76 90 12 38 54 73 92 71 97 14 41 82 13 5 55 11 28 35 96 75 69 49 27 37
0 50
7 99
7 39
66 45
40 84
40 78
93 8
15 62
15 27
56 21
95 37
95 32
95 12
95 49
26 65
94 11
62 37
2 30
2 19
2 44
2 20
42 57
42 45
42 50
48 98
58 65
34 57
34 65
34 68
34 77
87 57
87 5
84 5
77 86
60 75
8 88
63 17
57 37
57 29
57 76
57 98
81 88
43 55
53 32
30 65
30 75
89 31
89 11
31 98
85 14
29 90
29 28
32 72
32 1
10 76
36 45
25 18
86 18
86 41
21 12
70 71
70 92
79 19
23 18
45 9
64 3
17 82
46 41
18 73
3 54
99 88
47 71
47 13
88 5
88 97
38 13
54 82
54 69
73 55
71 5
71 35
14 69
14 96
82 37