11 15 24 47 1 14 17 22 45 75 8 79 88 54 95 64 23 57 28 69 90 78 42 61 80 39 89 25 52 44 35 51 87 91 9 33 71 20 83 62 2 16 31 86 5 41 49 13 7 73 76 92 74 6 93 0 36 30 97 10 12 18 3 29 48 34 66 32 21 53 40 26 4 43 56 67 60 81 70 27
11 4
11 56
15 4
15 64
24 4
47 7
1 4
1 35
1 36
14 4
14 61
14 62
17 4
17 67
22 9
22 78
45 6
75 21
8 4
79 23
88 27
54 10
95 31
23 4
23 80
57 12
28 4
28 89
28 90
69 18
69 71
42 4
42 44
39 3
25 4
25 83
52 9
51 9
51 49
87 27
91 29
9 4
33 0
20 4
20 73
20 74
83 81
2 4
16 4
16 66
31 4
86 26
5 4
41 4
41 43
13 4
13 60
7 4
7 48
76 21
92 29
6 4
93 30
0 4
0 34
30 4
97 32
10 4
10 53
12 4
18 4
18 70
3 4
3 40
29 4
32 4
21 4
26 4
4 27