7 52 85 89 69 41 67 60 18 75 1 62 48 32 47 99 44 45 73 33 4 66 8 81 54 72 98 59 35 3 51 21 84 80 87 30 56 90 12 79 24 63 13 40 74 83 0 53 42 64 39 50 94 65 25 20 77 82 57 38 6 19 78 86 76 49
7 53
52 0
85 0
85 48
89 8
69 0
41 18
41 3
67 0
60 0
18 0
18 38
18 49
18 62
75 0
75 35
1 6
1 90
1 94
1 98
1 99
32 72
47 8
44 81
44 42
45 24
73 0
73 33
33 30
4 0
4 86
66 0
66 25
8 3
81 0
54 0
72 0
59 0
35 19
3 6
51 0
21 6
21 12
84 0
80 0
87 6
56 0
79 0
79 40
24 65
24 20
63 0
13 40
74 0
83 0
0 50
0 53
0 57
0 64
0 65
0 76
0 77
0 78
0 82
39 78