35 71 53 57 22 79 31 41 56 43 54 36 15 18 2 27 61 1 77 3 92 64 49 72 21 33 0 20 5 42 91 62 9 8 12 37 29 24 25 80 51 95 32 74 68 23 6 84 94 97 26 48 14 44 34 46 40 73 63 58 89 45 30 88 59 17 76 11 16 69 47 93 87 4 83 50 19 60 13 66 67 38 10 81 90 52 98 82 86 85
35 25
35 46
71 60
71 62
71 72
71 80
53 44
53 63
57 67
57 48
22 11
79 68
31 41
41 32
41 30
41 40
41 50
41 51
41 52
56 46
56 47
56 67
43 52
43 34
54 64
54 73
36 27
15 25
15 14
15 16
15 26
18 27
2 3
2 1
2 12
27 16
27 8
27 37
61 62
1 0
77 76
3 4
3 13
92 83
92 91
64 74
49 59
72 84
21 20
33 24
33 32
0 10
0 11
20 10
5 14
5 6
42 32
9 38
8 17
29 38
24 25
80 81
80 90
95 85
74 84
68 67
23 14
94 93
94 85
97 98
48 58
14 4
44 45
46 45
58 69
89 88
88 98
59 69
76 66
76 86
47 38
93 83
87 98
83 82
50 60
19 38
66 67
67 98
81 82