67 37 23 81 8 96 48 77 15 17 27 92 6 57 50 22 98 41 72 21 71 1 9 11 73 87 52 47 26 38 32 84 40 19 59 56 35 90 43 68 99 20 33 46 36 70 25 66 69 95 86 34 63 80 55 49 42 44 0 12 24 78 45 65 2 10 83 74 31 18 53 30 13 62 75 97 93 7 61 91 16 82 64 28 60 58 79
67 74
67 82
67 45
67 66
37 63
23 24
81 24
81 80
8 7
96 91
96 95
96 70
96 73
96 97
48 80
48 40
48 47
77 78
77 84
15 16
17 19
17 16
17 52
27 80
27 28
92 91
92 1
6 7
6 2
6 53
6 74
57 10
50 93
50 49
22 21
22 90
98 64
98 99
41 40
72 71
21 63
71 70
1 0
9 95
9 10
11 12
87 80
26 74
38 35
32 33
19 62
19 18
19 46
59 30
59 60
56 24
35 30
35 36
43 62
43 44
43 42
68 7
68 69
20 95
20 86
33 75
33 34
25 24
63 7
63 24
63 30
63 62
63 64
63 93
55 7
12 82
78 62
78 79
65 64
2 61
83 82
74 58
74 75
31 93
53 13
62 91