78 77 44 49 96 31 50 70 62 87 28 59 69 90 52 0 20 40 65 35 81 79 82 23 97 45 12 25 21 56 29 84 93 30 64 42 71 1 17 80 53 95 94 16 75 57 38 27 88 86 2 7 89 32 22 8 76 47 41 10 67 51 74 98 24 60
78 1
77 1
44 0
49 0
96 1
96 35
31 93
50 0
70 1
62 0
62 32
87 1
87 25
28 90
28 23
59 0
59 29
69 1
69 2
90 1
52 0
52 17
0 40
0 27
0 41
0 42
0 45
0 47
0 51
0 53
0 56
0 57
0 60
0 64
0 65
0 67
20 17
40 1
81 1
79 1
82 1
97 1
12 1
12 21
21 22
84 1
93 1
30 60
71 1
1 74
1 75
1 76
1 80
1 86
1 88
1 89
1 94
1 95
1 98
16 51
75 8
38 67
86 24
7 74
47 10