14 3 45 51 72 42 39 88 22 11 54 86 8 90 81 2 46 98 27 18 20 57 6 44 49 71 15 92 96 85 73 10 68 33 70 52 1 60 9 23 97 63 26 7 99 24 48 35 19 30 82 66 21 74 79 17 77 91 65 80 75 67 25 50 62 0 59 61 32 31 84 78 56 83 69 89 16 29 76 12 43 93
14 68
14 67
14 69
3 35
45 6
51 82
72 68
72 15
42 33
39 83
39 99
88 75
88 93
88 21
22 93
22 91
11 60
54 84
86 20
8 49
8 50
90 21
81 43
81 18
2 33
2 32
46 71
46 7
98 73
98 24
27 73
27 0
18 80
18 79
20 85
57 10
6 44
44 68
49 56
71 15
15 70
92 84
96 26
96 23
85 35
73 16
73 68
73 83
10 56
33 35
52 83
52 9
52 43
1 16
1 29
60 74
97 35
97 31
63 77
26 0
26 77
48 25
35 83
19 83
19 82
19 84
30 61
66 25
21 89
74 16
74 59
17 77
17 76
17 78
65 84
75 16
75 56
67 61
25 0
62 93
61 12