88 14 61 20 72 71 39 15 35 68 66 60 98 34 84 11 41 94 77 64 95 25 5 43 13 82 76 87 18 56 1 62 90 65 9 47 58 22 70 83 67 17 38 73 74 81 80 55 19 75 12 92 8 59 69 27 86 26 24 40 28 54 21 23 7 96 78 89 50 51 44 63 10 32 31 48 99 30 2 53 49 57 3 79 29 0 4 85 36 16 46 45 33 42 52 37
88 87
88 89
14 16
14 12
14 15
61 60
61 63
20 22
20 19
72 71
72 73
71 70
39 40
39 37
35 37
35 34
68 67
66 65
60 59
60 62
98 95
98 99
34 33
84 83
84 85
11 10
41 40
94 92
94 95
77 76
77 78
77 79
64 63
95 96
25 26
25 24
5 4
43 42
43 44
13 12
82 80
82 83
76 74
87 85
18 16
18 17
56 55
56 58
1 3
1 0
1 2
62 65
62 67
90 89
90 92
9 10
47 46
47 48
58 59
22 23
22 21
70 69
67 69
38 37
38 50
73 74
74 75
81 80
80 79
55 54
55 57
19 16
12 10
8 10
8 7
27 26
86 85
26 29
24 23
40 42
28 31
54 52
7 3
51 48
51 52
51 53
44 45
44 46
32 31
31 33
31 30
48 49
30 29
3 4
36 37