28 58 96 30 56 92 35 38 53 44 85 87 16 71 33 37 91 99 46 47 62 90 41 50 69 31 63 76 70 9 72 22 36 25 40 74 12 24 3 66 93 82 0 64 27 18 83 5 67 49 19 11 20 54 51 17 8 57 88 98 21 1 79 77 13 39 10 42 73 65 2 86 48 55 97 26 4 89 23 60 78 59 95 14 94 43 34
28 27
58 59
96 97
96 95
30 13
30 31
56 55
92 70
92 91
92 93
35 41
38 73
38 39
38 37
53 0
44 72
85 27
87 88
87 86
16 17
71 59
71 66
71 70
71 72
71 73
33 34
37 36
37 17
91 79
99 66
99 98
99 55
46 47
46 18
47 48
47 88
62 83
90 39
41 40
41 42
50 2
50 51
69 70
63 2
76 49
76 77
70 34
9 8
9 83
9 10
9 82
72 1
72 8
22 67
22 21
25 24
40 39
74 73
12 11
24 73
24 23
3 83
66 48
66 65
66 67
93 43
93 94
0 1
0 57
64 11
27 26
18 19
83 5
49 48
49 4
11 39
11 26
20 48
54 55
98 97
1 2
77 78
13 14
73 89
60 59
59 14