33 89 80 4 35 10 81 41 99 18 70 84 30 50 55 26 20 19 67 73 11 65 75 25 47 48 7 22 93 97 43 31 16 69 28 8 86 36 12 13 1 92 85 51 23 77 27 76 56 53 90 32 2 29 40 15 91 39 59 9 72 21 79 82 52 66 57 71 88 45 5
33 8
89 10
80 11
4 5
35 8
35 19
10 7
81 57
41 27
41 52
99 51
18 5
70 30
84 1
84 30
30 73
50 12
55 15
26 11
20 15
67 97
11 15
11 92
11 32
65 1
75 8
25 8
25 5
25 22
47 21
47 23
48 5
48 27
7 1
7 2
7 76
93 8
97 45
43 12
31 27
16 1
69 12
28 66
28 29
8 13
8 36
8 82
86 5
12 59
13 15
13 21
13 91
1 5
1 45
85 2
51 66
23 9
23 40
23 88
77 21
56 21
53 57
90 59
90 57
90 72
2 39
59 9
21 66
21 79
66 71