97 40 72 42 16 69 45 29 15 93 3 65 9 80 67 64 30 51 56 92 35 99 52 83 81 10 12 36 28 86 39 34 62 7 58 75 20 57 8 89 25 84 71 95 32 66 19 50 14 48 55 1 82 23 90 63 46 76 53 73 94 0 98 54 91 27 38 47 2 11 26 22 85 44 31 74 13 37 78 87 88 70 68 18 77 96 79 6 41 24
97 0
97 42
40 95
72 0
42 46
16 0
16 15
16 35
69 0
69 2
45 50
29 10
93 0
93 37
3 70
65 24
9 75
80 0
67 28
67 50
64 26
64 38
30 88
51 32
56 39
92 0
92 36
35 52
99 0
99 48
83 0
83 22
81 0
81 18
10 76
12 46
28 87
86 0
86 27
39 94
34 41
62 41
7 73
7 55
7 19
7 57
58 38
75 0
20 82
57 66
8 74
8 25
89 0
89 31
84 0
84 23
71 0
95 0
32 23
32 53
32 54
19 44
14 79
1 68
82 0
90 0
63 41
63 24
76 0
73 0
94 0
0 68
0 70
0 74
0 77
0 78
0 79
0 85
0 87
0 88
0 91
0 96
0 98
98 47
11 77
26 85
13 78
96 41
6 41